#
# There is insufficient memory for the Java Runtime Environment to continue.
# Native memory allocation (mmap) failed to map 775946240 bytes for G1 virtual space
# Possible reasons:
#   The system is out of physical RAM or swap space
#   The process is running with CompressedOops enabled, and the Java Heap may be blocking the growth of the native heap
# Possible solutions:
#   Reduce memory load on the system
#   Increase physical memory or swap space
#   Check if swap backing store is full
#   Decrease Java heap size (-Xmx/-Xms)
#   Decrease number of Java threads
#   Decrease Java thread stack sizes (-Xss)
#   Set larger code cache with -XX:ReservedCodeCacheSize=
#   JVM is running with Zero Based Compressed Oops mode in which the Java heap is
#     placed in the first 32GB address space. The Java Heap base address is the
#     maximum limit for the native heap growth. Please use -XX:HeapBaseMinAddress
#     to set the Java Heap base and to place the Java Heap above 32GB virtual address.
# This output file may be truncated or incomplete.
#
#  Out of Memory Error (os_windows.cpp:3769), pid=2276, tid=12676
#
# JRE version: OpenJDK Runtime Environment (17.0.6) (build 17.0.6+0-b2043.56-10027231)
# Java VM: OpenJDK 64-Bit Server VM (17.0.6+0-b2043.56-10027231, mixed mode, tiered, compressed oops, compressed class ptrs, g1 gc, windows-amd64)
# No core dump will be written. Minidumps are not enabled by default on client versions of Windows
#

---------------  S U M M A R Y ------------

Command Line: --add-opens=java.base/java.util=ALL-UNNAMED --add-opens=java.base/java.lang=ALL-UNNAMED --add-opens=java.base/java.lang.invoke=ALL-UNNAMED --add-opens=java.prefs/java.util.prefs=ALL-UNNAMED --add-opens=java.base/java.nio.charset=ALL-UNNAMED --add-opens=java.base/java.net=ALL-UNNAMED --add-opens=java.base/java.util.concurrent.atomic=ALL-UNNAMED -Xmx3G -Dfile.encoding=windows-1251 -Duser.country=RU -Duser.language=ru -Duser.variant org.gradle.launcher.daemon.bootstrap.GradleDaemon 8.0

Host: Intel(R) Core(TM) i3-10110U CPU @ 2.10GHz, 4 cores, 7G,  Windows 10 , 64 bit Build 19041 (10.0.19041.3393)
Time: Mon Oct  2 13:41:11 2023  Windows 10 , 64 bit Build 19041 (10.0.19041.3393) elapsed time: 138.472445 seconds (0d 0h 2m 18s)

---------------  T H R E A D  ---------------

Current thread (0x000001baec788710):  VMThread "VM Thread" [stack: 0x0000005ecb900000,0x0000005ecba00000] [id=12676]

Stack: [0x0000005ecb900000,0x0000005ecba00000]
Native frames: (J=compiled Java code, j=interpreted, Vv=VM code, C=native code)
V  [jvm.dll+0x683c9a]
V  [jvm.dll+0x8427a4]
V  [jvm.dll+0x843f9e]
V  [jvm.dll+0x844603]
V  [jvm.dll+0x249b75]
V  [jvm.dll+0x680b69]
V  [jvm.dll+0x67505a]
V  [jvm.dll+0x309acb]
V  [jvm.dll+0x310f86]
V  [jvm.dll+0x3608ee]
V  [jvm.dll+0x360b1f]
V  [jvm.dll+0x2dfbf8]
V  [jvm.dll+0x2ddec4]
V  [jvm.dll+0x2dd4cc]
V  [jvm.dll+0x321f3b]
V  [jvm.dll+0x848ccb]
V  [jvm.dll+0x849a04]
V  [jvm.dll+0x849f1d]
V  [jvm.dll+0x84a2f4]
V  [jvm.dll+0x84a3c0]
V  [jvm.dll+0x7f274a]
V  [jvm.dll+0x682ad5]
C  [ucrtbase.dll+0x21bb2]
C  [KERNEL32.DLL+0x17344]
C  [ntdll.dll+0x526b1]

VM_Operation (0x0000005ed0df8cf0): G1CollectForAllocation, mode: safepoint, requested by thread 0x000001baf4bd3400


---------------  P R O C E S S  ---------------

Threads class SMR info:
_java_thread_list=0x000001baf8752940, length=101, elements={
0x000001bad0bca810, 0x000001baec790f00, 0x000001baec792420, 0x000001baec7c9910,
0x000001baec7cc2e0, 0x000001baec7ccdb0, 0x000001baec7cde10, 0x000001baec7cea00,
0x000001baec7c46b0, 0x000001baed144ea0, 0x000001baed28f440, 0x000001baed2bd850,
0x000001baefc566b0, 0x000001baedec2bf0, 0x000001baedfe74d0, 0x000001baee62a060,
0x000001baee629b90, 0x000001baee628850, 0x000001baee6279e0, 0x000001baee62aa00,
0x000001baee6296c0, 0x000001baee628380, 0x000001baee628d20, 0x000001baed1dfac0,
0x000001baed1dff90, 0x000001baed1da420, 0x000001baed1dec50, 0x000001baed1dd440,
0x000001baed1dd910, 0x000001baf0b356e0, 0x000001baf0b39f10, 0x000001baf0b36ef0,
0x000001baf0b38700, 0x000001baf0b3b720, 0x000001baf0b37d60, 0x000001baf0b3ad80,
0x000001baf0b34d40, 0x000001baf0b35210, 0x000001baf0b390a0, 0x000001baf0b34870,
0x000001baf0b39570, 0x000001baf0b39a40, 0x000001baf0b3a3e0, 0x000001baf0b3b250,
0x000001baed1df5f0, 0x000001baed1db760, 0x000001baed1dcf70, 0x000001baed1ddde0,
0x000001baed1dc5d0, 0x000001baed1de2b0, 0x000001baed1e0460, 0x000001baed1dcaa0,
0x000001baed1de780, 0x000001baed1df120, 0x000001baed1e0930, 0x000001baee627040,
0x000001baee6291f0, 0x000001baee62a530, 0x000001baee627510, 0x000001baee627eb0,
0x000001baf0b71e70, 0x000001baf0b6cca0, 0x000001baf0b6e4b0, 0x000001baf804f6f0,
0x000001baf804e880, 0x000001baf804f220, 0x000001baf804ed50, 0x000001baf8050a30,
0x000001baf804d070, 0x000001baf804fbc0, 0x000001baf8050090, 0x000001baf804da10,
0x000001baf8050560, 0x000001baf804d540, 0x000001baf804e3b0, 0x000001baf804dee0,
0x000001baf4bd2a60, 0x000001baf4bd1250, 0x000001baf4bcff10, 0x000001baf4bd0d80,
0x000001baf4bcf570, 0x000001baf4bcfa40, 0x000001baf4bd08b0, 0x000001baf4bcebd0,
0x000001baf4bd3400, 0x000001baf4bd1720, 0x000001baf4bcd3c0, 0x000001baf4bcf0a0,
0x000001baf4bd2f30, 0x000001baf4bcd890, 0x000001baf4bd4740, 0x000001baf0b72ce0,
0x000001baf9ae6970, 0x000001baf9ae8650, 0x000001baf9ae7cb0, 0x000001baf9ae64a0,
0x000001baf16902b0, 0x000001baf1690780, 0x000001baf1691ac0, 0x000001baf16915f0,
0x000001baf1694fb0
}

Java Threads: ( => current thread )
  0x000001bad0bca810 JavaThread "main" [_thread_blocked, id=3592, stack(0x0000005ecb300000,0x0000005ecb400000)]
  0x000001baec790f00 JavaThread "Reference Handler" daemon [_thread_blocked, id=3732, stack(0x0000005ecba00000,0x0000005ecbb00000)]
  0x000001baec792420 JavaThread "Finalizer" daemon [_thread_blocked, id=2780, stack(0x0000005ecbb00000,0x0000005ecbc00000)]
  0x000001baec7c9910 JavaThread "Signal Dispatcher" daemon [_thread_blocked, id=12560, stack(0x0000005ecbc00000,0x0000005ecbd00000)]
  0x000001baec7cc2e0 JavaThread "Attach Listener" daemon [_thread_blocked, id=8908, stack(0x0000005ecbd00000,0x0000005ecbe00000)]
  0x000001baec7ccdb0 JavaThread "Service Thread" daemon [_thread_blocked, id=7320, stack(0x0000005ecbe00000,0x0000005ecbf00000)]
  0x000001baec7cde10 JavaThread "Monitor Deflation Thread" daemon [_thread_blocked, id=14892, stack(0x0000005ecbf00000,0x0000005ecc000000)]
  0x000001baec7cea00 JavaThread "C2 CompilerThread0" daemon [_thread_blocked, id=14732, stack(0x0000005ecc000000,0x0000005ecc100000)]
  0x000001baec7c46b0 JavaThread "C1 CompilerThread0" daemon [_thread_blocked, id=6440, stack(0x0000005ecc100000,0x0000005ecc200000)]
  0x000001baed144ea0 JavaThread "Sweeper thread" daemon [_thread_blocked, id=7812, stack(0x0000005ecc200000,0x0000005ecc300000)]
  0x000001baed28f440 JavaThread "Common-Cleaner" daemon [_thread_blocked, id=7592, stack(0x0000005ecc300000,0x0000005ecc400000)]
  0x000001baed2bd850 JavaThread "Notification Thread" daemon [_thread_blocked, id=10132, stack(0x0000005ecc400000,0x0000005ecc500000)]
  0x000001baefc566b0 JavaThread "Daemon health stats" [_thread_blocked, id=4904, stack(0x0000005ecca00000,0x0000005eccb00000)]
  0x000001baedec2bf0 JavaThread "Incoming local TCP Connector on port 60537" [_thread_in_native, id=10644, stack(0x0000005ecc600000,0x0000005ecc700000)]
  0x000001baedfe74d0 JavaThread "Daemon periodic checks" [_thread_blocked, id=14104, stack(0x0000005eccc00000,0x0000005eccd00000)]
  0x000001baee62a060 JavaThread "Daemon" [_thread_blocked, id=7892, stack(0x0000005eccd00000,0x0000005ecce00000)]
  0x000001baee629b90 JavaThread "Daemon worker" [_thread_blocked, id=10832, stack(0x0000005ecd000000,0x0000005ecd100000)]
  0x000001baee628850 JavaThread "Cache worker for journal cache (C:\Users\User\.gradle\caches\journal-1)" [_thread_blocked, id=15684, stack(0x0000005eccb00000,0x0000005eccc00000)]
  0x000001baee6279e0 JavaThread "File lock request listener" [_thread_in_native, id=7008, stack(0x0000005ecd400000,0x0000005ecd500000)]
  0x000001baee62aa00 JavaThread "Cache worker for file hash cache (C:\Users\User\.gradle\caches\8.0\fileHashes)" [_thread_blocked, id=11828, stack(0x0000005ecd500000,0x0000005ecd600000)]
  0x000001baee6296c0 JavaThread "File watcher server" daemon [_thread_blocked, id=1748, stack(0x0000005ecd700000,0x0000005ecd800000)]
  0x000001baee628380 JavaThread "File watcher consumer" daemon [_thread_blocked, id=8512, stack(0x0000005ecd800000,0x0000005ecd900000)]
  0x000001baee628d20 JavaThread "jar transforms" [_thread_blocked, id=7444, stack(0x0000005ecd900000,0x0000005ecda00000)]
  0x000001baed1dfac0 JavaThread "jar transforms Thread 2" [_thread_blocked, id=8384, stack(0x0000005ecda00000,0x0000005ecdb00000)]
  0x000001baed1dff90 JavaThread "jar transforms Thread 3" [_thread_blocked, id=12020, stack(0x0000005ecdb00000,0x0000005ecdc00000)]
  0x000001baed1da420 JavaThread "jar transforms Thread 4" [_thread_blocked, id=14384, stack(0x0000005ecdc00000,0x0000005ecdd00000)]
  0x000001baed1dec50 JavaThread "Cache worker for file content cache (C:\Users\User\.gradle\caches\8.0\fileContent)" [_thread_blocked, id=14296, stack(0x0000005ecdf00000,0x0000005ece000000)]
  0x000001baed1dd440 JavaThread "Cache worker for execution history cache (C:\Users\User\.gradle\caches\8.0\executionHistory)" [_thread_blocked, id=4632, stack(0x0000005ece200000,0x0000005ece300000)]
  0x000001baed1dd910 JavaThread "Cache worker for kotlin-dsl (C:\Users\User\.gradle\caches\8.0\kotlin-dsl)" [_thread_blocked, id=15804, stack(0x0000005ece300000,0x0000005ece400000)]
  0x000001baf0b356e0 JavaThread "Memory manager" [_thread_blocked, id=16092, stack(0x0000005ed0e00000,0x0000005ed0f00000)]
  0x000001baf0b39f10 JavaThread "Handler for socket connection from /127.0.0.1:60537 to /127.0.0.1:60751" [_thread_in_native, id=10260, stack(0x0000005ecb000000,0x0000005ecb100000)]
  0x000001baf0b36ef0 JavaThread "Cancel handler" [_thread_blocked, id=1980, stack(0x0000005ecb100000,0x0000005ecb200000)]
  0x000001baf0b38700 JavaThread "Asynchronous log dispatcher for DefaultDaemonConnection: socket connection from /127.0.0.1:60537 to /127.0.0.1:60751" [_thread_blocked, id=4468, stack(0x0000005ecb200000,0x0000005ecb300000)]
  0x000001baf0b3b720 JavaThread "Stdin handler" [_thread_blocked, id=15560, stack(0x0000005ecce00000,0x0000005eccf00000)]
  0x000001baf0b37d60 JavaThread "Daemon client event forwarder" [_thread_blocked, id=16084, stack(0x0000005eccf00000,0x0000005ecd000000)]
  0x000001baf0b3ad80 JavaThread "Cache worker for file hash cache (E:\учеба\3 курс\ПМИС\solarPlans\.gradle\8.0\fileHashes)" [_thread_blocked, id=7960, stack(0x0000005ecd100000,0x0000005ecd200000)]
  0x000001baf0b34d40 JavaThread "Cache worker for checksums cache (E:\учеба\3 курс\ПМИС\solarPlans\.gradle\8.0\checksums)" [_thread_blocked, id=10460, stack(0x0000005ecd200000,0x0000005ecd300000)]
  0x000001baf0b35210 JavaThread "Cache worker for cache directory md-rule (C:\Users\User\.gradle\caches\8.0\md-rule)" [_thread_blocked, id=6320, stack(0x0000005ecd300000,0x0000005ecd400000)]
  0x000001baf0b390a0 JavaThread "Cache worker for cache directory md-supplier (C:\Users\User\.gradle\caches\8.0\md-supplier)" [_thread_blocked, id=8608, stack(0x0000005ecd600000,0x0000005ecd700000)]
  0x000001baf0b34870 JavaThread "Cache worker for dependencies-accessors (E:\учеба\3 курс\ПМИС\solarPlans\.gradle\8.0\dependencies-accessors)" [_thread_blocked, id=8548, stack(0x0000005ecdd00000,0x0000005ecde00000)]
  0x000001baf0b39570 JavaThread "Configuration cache report writer" [_thread_blocked, id=14840, stack(0x0000005ecde00000,0x0000005ecdf00000)]
  0x000001baf0b39a40 JavaThread "Cache worker for Build Output Cleanup Cache (E:\учеба\3 курс\ПМИС\solarPlans\.gradle\buildOutputCleanup)" [_thread_blocked, id=11592, stack(0x0000005ece000000,0x0000005ece100000)]
  0x000001baf0b3a3e0 JavaThread "Unconstrained build operations" [_thread_blocked, id=10864, stack(0x0000005ece100000,0x0000005ece200000)]
  0x000001baf0b3b250 JavaThread "Unconstrained build operations Thread 2" [_thread_blocked, id=8680, stack(0x0000005ece400000,0x0000005ece500000)]
  0x000001baed1df5f0 JavaThread "Unconstrained build operations Thread 3" [_thread_blocked, id=5780, stack(0x0000005ece500000,0x0000005ece600000)]
  0x000001baed1db760 JavaThread "Unconstrained build operations Thread 4" [_thread_blocked, id=5820, stack(0x0000005ece600000,0x0000005ece700000)]
  0x000001baed1dcf70 JavaThread "Unconstrained build operations Thread 5" [_thread_blocked, id=12876, stack(0x0000005ece700000,0x0000005ece800000)]
  0x000001baed1ddde0 JavaThread "Unconstrained build operations Thread 6" [_thread_blocked, id=13268, stack(0x0000005ece800000,0x0000005ece900000)]
  0x000001baed1dc5d0 JavaThread "Unconstrained build operations Thread 7" [_thread_blocked, id=12692, stack(0x0000005ece900000,0x0000005ecea00000)]
  0x000001baed1de2b0 JavaThread "Unconstrained build operations Thread 8" [_thread_blocked, id=6324, stack(0x0000005ecea00000,0x0000005eceb00000)]
  0x000001baed1e0460 JavaThread "Unconstrained build operations Thread 9" [_thread_blocked, id=12780, stack(0x0000005eceb00000,0x0000005ecec00000)]
  0x000001baed1dcaa0 JavaThread "Unconstrained build operations Thread 10" [_thread_blocked, id=16144, stack(0x0000005ecec00000,0x0000005eced00000)]
  0x000001baed1de780 JavaThread "Unconstrained build operations Thread 11" [_thread_blocked, id=4544, stack(0x0000005eced00000,0x0000005ecee00000)]
  0x000001baed1df120 JavaThread "Unconstrained build operations Thread 12" [_thread_blocked, id=15752, stack(0x0000005ecee00000,0x0000005ecef00000)]
  0x000001baed1e0930 JavaThread "Unconstrained build operations Thread 13" [_thread_blocked, id=14848, stack(0x0000005ecef00000,0x0000005ecf000000)]
  0x000001baee627040 JavaThread "Unconstrained build operations Thread 14" [_thread_blocked, id=12764, stack(0x0000005ecf000000,0x0000005ecf100000)]
  0x000001baee6291f0 JavaThread "Unconstrained build operations Thread 15" [_thread_blocked, id=11764, stack(0x0000005ecf100000,0x0000005ecf200000)]
  0x000001baee62a530 JavaThread "Unconstrained build operations Thread 16" [_thread_blocked, id=10188, stack(0x0000005ecf200000,0x0000005ecf300000)]
  0x000001baee627510 JavaThread "Unconstrained build operations Thread 17" [_thread_blocked, id=16188, stack(0x0000005ecf300000,0x0000005ecf400000)]
  0x000001baee627eb0 JavaThread "Unconstrained build operations Thread 18" [_thread_blocked, id=2956, stack(0x0000005ecf400000,0x0000005ecf500000)]
  0x000001baf0b71e70 JavaThread "Unconstrained build operations Thread 19" [_thread_blocked, id=13548, stack(0x0000005ecf500000,0x0000005ecf600000)]
  0x000001baf0b6cca0 JavaThread "Unconstrained build operations Thread 20" [_thread_blocked, id=9196, stack(0x0000005ecf600000,0x0000005ecf700000)]
  0x000001baf0b6e4b0 JavaThread "Unconstrained build operations Thread 21" [_thread_blocked, id=9912, stack(0x0000005ecf700000,0x0000005ecf800000)]
  0x000001baf804f6f0 JavaThread "Unconstrained build operations Thread 22" [_thread_blocked, id=7912, stack(0x0000005ecf800000,0x0000005ecf900000)]
  0x000001baf804e880 JavaThread "Unconstrained build operations Thread 23" [_thread_blocked, id=14084, stack(0x0000005ecf900000,0x0000005ecfa00000)]
  0x000001baf804f220 JavaThread "Unconstrained build operations Thread 24" [_thread_blocked, id=10988, stack(0x0000005ecfa00000,0x0000005ecfb00000)]
  0x000001baf804ed50 JavaThread "Unconstrained build operations Thread 25" [_thread_blocked, id=8976, stack(0x0000005ecfb00000,0x0000005ecfc00000)]
  0x000001baf8050a30 JavaThread "Unconstrained build operations Thread 26" [_thread_blocked, id=5384, stack(0x0000005ecfc00000,0x0000005ecfd00000)]
  0x000001baf804d070 JavaThread "Unconstrained build operations Thread 27" [_thread_blocked, id=10836, stack(0x0000005ecfd00000,0x0000005ecfe00000)]
  0x000001baf804fbc0 JavaThread "Unconstrained build operations Thread 28" [_thread_blocked, id=9408, stack(0x0000005ecfe00000,0x0000005ecff00000)]
  0x000001baf8050090 JavaThread "Unconstrained build operations Thread 29" [_thread_blocked, id=4820, stack(0x0000005ecff00000,0x0000005ed0000000)]
  0x000001baf804da10 JavaThread "Unconstrained build operations Thread 30" [_thread_blocked, id=13664, stack(0x0000005ed0000000,0x0000005ed0100000)]
  0x000001baf8050560 JavaThread "Unconstrained build operations Thread 31" [_thread_blocked, id=1368, stack(0x0000005ed0100000,0x0000005ed0200000)]
  0x000001baf804d540 JavaThread "Unconstrained build operations Thread 32" [_thread_blocked, id=10024, stack(0x0000005ed0200000,0x0000005ed0300000)]
  0x000001baf804e3b0 JavaThread "Unconstrained build operations Thread 33" [_thread_blocked, id=4196, stack(0x0000005ed0300000,0x0000005ed0400000)]
  0x000001baf804dee0 JavaThread "Unconstrained build operations Thread 34" [_thread_blocked, id=13672, stack(0x0000005ed0400000,0x0000005ed0500000)]
  0x000001baf4bd2a60 JavaThread "Unconstrained build operations Thread 35" [_thread_blocked, id=14176, stack(0x0000005ed0500000,0x0000005ed0600000)]
  0x000001baf4bd1250 JavaThread "Unconstrained build operations Thread 36" [_thread_blocked, id=4916, stack(0x0000005ed0600000,0x0000005ed0700000)]
  0x000001baf4bcff10 JavaThread "Unconstrained build operations Thread 37" [_thread_blocked, id=7692, stack(0x0000005ed0700000,0x0000005ed0800000)]
  0x000001baf4bd0d80 JavaThread "Unconstrained build operations Thread 38" [_thread_blocked, id=12992, stack(0x0000005ed0800000,0x0000005ed0900000)]
  0x000001baf4bcf570 JavaThread "Unconstrained build operations Thread 39" [_thread_blocked, id=15624, stack(0x0000005ed0900000,0x0000005ed0a00000)]
  0x000001baf4bcfa40 JavaThread "Unconstrained build operations Thread 40" [_thread_blocked, id=8984, stack(0x0000005ed0a00000,0x0000005ed0b00000)]
  0x000001baf4bd08b0 JavaThread "build event listener" [_thread_blocked, id=9564, stack(0x0000005ed0b00000,0x0000005ed0c00000)]
  0x000001baf4bcebd0 JavaThread "included builds" [_thread_blocked, id=4676, stack(0x0000005ed0c00000,0x0000005ed0d00000)]
  0x000001baf4bd3400 JavaThread "Execution worker" [_thread_blocked, id=1180, stack(0x0000005ed0d00000,0x0000005ed0e00000)]
  0x000001baf4bd1720 JavaThread "Execution worker Thread 2" [_thread_blocked, id=4992, stack(0x0000005ed0f00000,0x0000005ed1000000)]
  0x000001baf4bcd3c0 JavaThread "Execution worker Thread 3" [_thread_blocked, id=15780, stack(0x0000005ed1000000,0x0000005ed1100000)]
  0x000001baf4bcf0a0 JavaThread "Cache worker for execution history cache (E:\учеба\3 курс\ПМИС\solarPlans\.gradle\8.0\executionHistory)" [_thread_blocked, id=14052, stack(0x0000005ed1100000,0x0000005ed1200000)]
  0x000001baf4bd2f30 JavaThread "WorkerExecutor Queue" [_thread_blocked, id=8612, stack(0x0000005ed1400000,0x0000005ed1500000)]
  0x000001baf4bcd890 JavaThread "WorkerExecutor Queue Thread 2" [_thread_blocked, id=11580, stack(0x0000005ed1600000,0x0000005ed1700000)]
  0x000001baf4bd4740 JavaThread "WorkerExecutor Queue Thread 3" [_thread_blocked, id=7204, stack(0x0000005ed1300000,0x0000005ed1400000)]
  0x000001baf0b72ce0 JavaThread "WorkerExecutor Queue Thread 4" [_thread_blocked, id=3696, stack(0x0000005ed1900000,0x0000005ed1a00000)]
  0x000001baf9ae6970 JavaThread "pool-5-thread-1" [_thread_blocked, id=12868, stack(0x0000005ed1a00000,0x0000005ed1b00000)]
  0x000001baf9ae8650 JavaThread "stderr" [_thread_in_native, id=10560, stack(0x0000005ed1b00000,0x0000005ed1c00000)]
  0x000001baf9ae7cb0 JavaThread "stdout" [_thread_in_native, id=12988, stack(0x0000005ed1c00000,0x0000005ed1d00000)]
  0x000001baf9ae64a0 JavaThread "RMI Scheduler(0)" daemon [_thread_blocked, id=12264, stack(0x0000005ed1d00000,0x0000005ed1e00000)]
  0x000001baf16902b0 JavaThread "RMI GC Daemon" daemon [_thread_blocked, id=4864, stack(0x0000005ed1f00000,0x0000005ed2000000)]
  0x000001baf1690780 JavaThread "RMI TCP Accept-0" daemon [_thread_in_native, id=8892, stack(0x0000005ed2000000,0x0000005ed2100000)]
  0x000001baf1691ac0 JavaThread "RMI Reaper" [_thread_blocked, id=10896, stack(0x0000005ed2100000,0x0000005ed2200000)]
  0x000001baf16915f0 JavaThread "RMI TCP Connection(1)-127.0.0.1" daemon [_thread_in_native, id=9472, stack(0x0000005ed2200000,0x0000005ed2300000)]
  0x000001baf1694fb0 JavaThread "Cache worker for Java compile cache (C:\Users\User\.gradle\caches\8.0\javaCompile)" [_thread_blocked, id=2096, stack(0x0000005ed1700000,0x0000005ed1800000)]

Other Threads:
=>0x000001baec788710 VMThread "VM Thread" [stack: 0x0000005ecb900000,0x0000005ecba00000] [id=12676]
  0x000001bad0c3aef0 WatcherThread [stack: 0x0000005ecc500000,0x0000005ecc600000] [id=11540]
  0x000001bad0c24ac0 GCTaskThread "GC Thread#0" [stack: 0x0000005ecb400000,0x0000005ecb500000] [id=16252]
  0x000001baed62b840 GCTaskThread "GC Thread#1" [stack: 0x0000005ecc700000,0x0000005ecc800000] [id=216]
  0x000001baed7fe060 GCTaskThread "GC Thread#2" [stack: 0x0000005ecc800000,0x0000005ecc900000] [id=1216]
  0x000001baedee0370 GCTaskThread "GC Thread#3" [stack: 0x0000005ecc900000,0x0000005ecca00000] [id=11488]
  0x000001bad0c31910 ConcurrentGCThread "G1 Main Marker" [stack: 0x0000005ecb500000,0x0000005ecb600000] [id=4808]
  0x000001bad0c329d0 ConcurrentGCThread "G1 Conc#0" [stack: 0x0000005ecb600000,0x0000005ecb700000] [id=15820]
  0x000001bad0c91a20 ConcurrentGCThread "G1 Refine#0" [stack: 0x0000005ecb700000,0x0000005ecb800000] [id=5164]
  0x000001baf0fcaaf0 ConcurrentGCThread "G1 Refine#1" [stack: 0x0000005ed1500000,0x0000005ed1600000] [id=3600]
  0x000001bad0c92350 ConcurrentGCThread "G1 Service" [stack: 0x0000005ecb800000,0x0000005ecb900000] [id=13688]

Threads with active compile tasks:
C2 CompilerThread0   138513 21258       4       com.sun.org.apache.xerces.internal.dom.DeferredDocumentImpl::synchronizeChildren (167 bytes)

VM state: at safepoint (normal execution)

VM Mutex/Monitor currently owned by a thread:  ([mutex/lock_event])
[0x000001bad0bc5800] Threads_lock - owner thread: 0x000001baec788710
[0x000001bad0bc6f10] Heap_lock - owner thread: 0x000001baf4bd3400

Heap address: 0x0000000740000000, size: 3072 MB, Compressed Oops mode: Zero based, Oop shift amount: 3

CDS archive(s) not mapped
Compressed class space mapped at: 0x0000000800000000-0x0000000840000000, reserved size: 1073741824
Narrow klass base: 0x0000000800000000, Narrow klass shift: 0, Narrow klass range: 0x40000000

GC Precious Log:
 CPUs: 4 total, 4 available
 Memory: 8026M
 Large Page Support: Disabled
 NUMA Support: Disabled
 Compressed Oops: Enabled (Zero based)
 Heap Region Size: 2M
 Heap Min Capacity: 8M
 Heap Initial Capacity: 126M
 Heap Max Capacity: 3G
 Pre-touch: Disabled
 Parallel Workers: 4
 Concurrent Workers: 1
 Concurrent Refinement Workers: 4
 Periodic GC: Disabled

Heap:
 garbage-first heap   total 475136K, used 370557K [0x0000000740000000, 0x0000000800000000)
  region size 2048K, 3 young (6144K), 3 survivors (6144K)
 Metaspace       used 150596K, committed 152000K, reserved 1187840K
  class space    used 19629K, committed 20352K, reserved 1048576K

Heap Regions: E=young(eden), S=young(survivor), O=old, HS=humongous(starts), HC=humongous(continues), CS=collection set, F=free, OA=open archive, CA=closed archive, TAMS=top-at-mark-start (previous, next)
|   0|0x0000000740000000, 0x0000000740200000, 0x0000000740200000|100%| O|  |TAMS 0x0000000740200000, 0x0000000740200000| Untracked 
|   1|0x0000000740200000, 0x0000000740400000, 0x0000000740400000|100%|HS|  |TAMS 0x0000000740400000, 0x0000000740400000| Complete 
|   2|0x0000000740400000, 0x0000000740600000, 0x0000000740600000|100%|HC|  |TAMS 0x0000000740600000, 0x0000000740600000| Complete 
|   3|0x0000000740600000, 0x00000007407df400, 0x0000000740800000| 93%| O|  |TAMS 0x00000007407df400, 0x00000007407df400| Untracked 
|   4|0x0000000740800000, 0x0000000740a00000, 0x0000000740a00000|100%| O|  |TAMS 0x0000000740a00000, 0x0000000740a00000| Untracked 
|   5|0x0000000740a00000, 0x0000000740c00000, 0x0000000740c00000|100%| O|  |TAMS 0x0000000740c00000, 0x0000000740c00000| Untracked 
|   6|0x0000000740c00000, 0x0000000740e00000, 0x0000000740e00000|100%| O|  |TAMS 0x0000000740e00000, 0x0000000740e00000| Untracked 
|   7|0x0000000740e00000, 0x0000000741000000, 0x0000000741000000|100%| O|  |TAMS 0x0000000741000000, 0x0000000741000000| Untracked 
|   8|0x0000000741000000, 0x0000000741200000, 0x0000000741200000|100%| O|  |TAMS 0x0000000741200000, 0x0000000741200000| Untracked 
|   9|0x0000000741200000, 0x0000000741400000, 0x0000000741400000|100%| O|  |TAMS 0x0000000741400000, 0x0000000741400000| Untracked 
|  10|0x0000000741400000, 0x0000000741600000, 0x0000000741600000|100%| O|  |TAMS 0x0000000741600000, 0x0000000741600000| Untracked 
|  11|0x0000000741600000, 0x0000000741800000, 0x0000000741800000|100%|HS|  |TAMS 0x0000000741800000, 0x0000000741800000| Complete 
|  12|0x0000000741800000, 0x0000000741a00000, 0x0000000741a00000|100%|HS|  |TAMS 0x0000000741a00000, 0x0000000741a00000| Complete 
|  13|0x0000000741a00000, 0x0000000741c00000, 0x0000000741c00000|100%|HC|  |TAMS 0x0000000741c00000, 0x0000000741c00000| Complete 
|  14|0x0000000741c00000, 0x0000000741e00000, 0x0000000741e00000|100%|HS|  |TAMS 0x0000000741e00000, 0x0000000741e00000| Complete 
|  15|0x0000000741e00000, 0x0000000742000000, 0x0000000742000000|100%|HC|  |TAMS 0x0000000742000000, 0x0000000742000000| Complete 
|  16|0x0000000742000000, 0x0000000742200000, 0x0000000742200000|100%| O|  |TAMS 0x0000000742200000, 0x0000000742200000| Untracked 
|  17|0x0000000742200000, 0x0000000742400000, 0x0000000742400000|100%| O|  |TAMS 0x0000000742400000, 0x0000000742400000| Untracked 
|  18|0x0000000742400000, 0x0000000742600000, 0x0000000742600000|100%|HS|  |TAMS 0x0000000742600000, 0x0000000742600000| Complete 
|  19|0x0000000742600000, 0x0000000742800000, 0x0000000742800000|100%| O|  |TAMS 0x0000000742800000, 0x0000000742800000| Untracked 
|  20|0x0000000742800000, 0x0000000742a00000, 0x0000000742a00000|100%| O|  |TAMS 0x0000000742a00000, 0x0000000742a00000| Untracked 
|  21|0x0000000742a00000, 0x0000000742c00000, 0x0000000742c00000|100%| O|  |TAMS 0x0000000742c00000, 0x0000000742c00000| Untracked 
|  22|0x0000000742c00000, 0x0000000742e00000, 0x0000000742e00000|100%|HS|  |TAMS 0x0000000742e00000, 0x0000000742e00000| Complete 
|  23|0x0000000742e00000, 0x0000000743000000, 0x0000000743000000|100%|HC|  |TAMS 0x0000000743000000, 0x0000000743000000| Complete 
|  24|0x0000000743000000, 0x0000000743200000, 0x0000000743200000|100%| O|  |TAMS 0x0000000743200000, 0x0000000743200000| Untracked 
|  25|0x0000000743200000, 0x0000000743400000, 0x0000000743400000|100%|HS|  |TAMS 0x0000000743400000, 0x0000000743400000| Complete 
|  26|0x0000000743400000, 0x0000000743600000, 0x0000000743600000|100%|HC|  |TAMS 0x0000000743600000, 0x0000000743600000| Complete 
|  27|0x0000000743600000, 0x0000000743800000, 0x0000000743800000|100%|HC|  |TAMS 0x0000000743800000, 0x0000000743800000| Complete 
|  28|0x0000000743800000, 0x0000000743a00000, 0x0000000743a00000|100%|HC|  |TAMS 0x0000000743a00000, 0x0000000743a00000| Complete 
|  29|0x0000000743a00000, 0x0000000743c00000, 0x0000000743c00000|100%|HC|  |TAMS 0x0000000743c00000, 0x0000000743c00000| Complete 
|  30|0x0000000743c00000, 0x0000000743e00000, 0x0000000743e00000|100%|HC|  |TAMS 0x0000000743e00000, 0x0000000743e00000| Complete 
|  31|0x0000000743e00000, 0x0000000744000000, 0x0000000744000000|100%|HS|  |TAMS 0x0000000744000000, 0x0000000744000000| Complete 
|  32|0x0000000744000000, 0x0000000744200000, 0x0000000744200000|100%|HC|  |TAMS 0x0000000744200000, 0x0000000744200000| Complete 
|  33|0x0000000744200000, 0x0000000744400000, 0x0000000744400000|100%| O|  |TAMS 0x0000000744400000, 0x0000000744400000| Untracked 
|  34|0x0000000744400000, 0x0000000744600000, 0x0000000744600000|100%| O|  |TAMS 0x0000000744600000, 0x0000000744600000| Untracked 
|  35|0x0000000744600000, 0x0000000744800000, 0x0000000744800000|100%| O|  |TAMS 0x0000000744800000, 0x0000000744800000| Untracked 
|  36|0x0000000744800000, 0x0000000744a00000, 0x0000000744a00000|100%| O|  |TAMS 0x0000000744a00000, 0x0000000744a00000| Untracked 
|  37|0x0000000744a00000, 0x0000000744c00000, 0x0000000744c00000|100%| O|  |TAMS 0x0000000744c00000, 0x0000000744c00000| Untracked 
|  38|0x0000000744c00000, 0x0000000744e00000, 0x0000000744e00000|100%| O|  |TAMS 0x0000000744e00000, 0x0000000744e00000| Untracked 
|  39|0x0000000744e00000, 0x0000000745000000, 0x0000000745000000|100%|HS|  |TAMS 0x0000000745000000, 0x0000000745000000| Complete 
|  40|0x0000000745000000, 0x0000000745200000, 0x0000000745200000|100%| O|  |TAMS 0x0000000745200000, 0x0000000745200000| Untracked 
|  41|0x0000000745200000, 0x0000000745400000, 0x0000000745400000|100%|HS|  |TAMS 0x0000000745400000, 0x0000000745400000| Complete 
|  42|0x0000000745400000, 0x0000000745600000, 0x0000000745600000|100%|HS|  |TAMS 0x0000000745600000, 0x0000000745600000| Complete 
|  43|0x0000000745600000, 0x0000000745800000, 0x0000000745800000|100%|HC|  |TAMS 0x0000000745800000, 0x0000000745800000| Complete 
|  44|0x0000000745800000, 0x0000000745a00000, 0x0000000745a00000|100%| O|  |TAMS 0x0000000745a00000, 0x0000000745a00000| Untracked 
|  45|0x0000000745a00000, 0x0000000745c00000, 0x0000000745c00000|100%| O|  |TAMS 0x0000000745c00000, 0x0000000745c00000| Untracked 
|  46|0x0000000745c00000, 0x0000000745e00000, 0x0000000745e00000|100%| O|  |TAMS 0x0000000745e00000, 0x0000000745e00000| Untracked 
|  47|0x0000000745e00000, 0x0000000746000000, 0x0000000746000000|100%| O|  |TAMS 0x0000000746000000, 0x0000000746000000| Untracked 
|  48|0x0000000746000000, 0x0000000746200000, 0x0000000746200000|100%| O|  |TAMS 0x0000000746200000, 0x0000000746200000| Untracked 
|  49|0x0000000746200000, 0x0000000746400000, 0x0000000746400000|100%| O|  |TAMS 0x0000000746400000, 0x0000000746400000| Untracked 
|  50|0x0000000746400000, 0x0000000746600000, 0x0000000746600000|100%| O|  |TAMS 0x0000000746600000, 0x0000000746600000| Untracked 
|  51|0x0000000746600000, 0x0000000746800000, 0x0000000746800000|100%| O|  |TAMS 0x0000000746800000, 0x0000000746800000| Untracked 
|  52|0x0000000746800000, 0x0000000746a00000, 0x0000000746a00000|100%| O|  |TAMS 0x0000000746a00000, 0x0000000746a00000| Untracked 
|  53|0x0000000746a00000, 0x0000000746c00000, 0x0000000746c00000|100%| O|  |TAMS 0x0000000746a00000, 0x0000000746c00000| Untracked 
|  54|0x0000000746c00000, 0x0000000746e00000, 0x0000000746e00000|100%| O|  |TAMS 0x0000000746e00000, 0x0000000746e00000| Untracked 
|  55|0x0000000746e00000, 0x0000000747000000, 0x0000000747000000|100%| O|  |TAMS 0x0000000747000000, 0x0000000747000000| Untracked 
|  56|0x0000000747000000, 0x0000000747200000, 0x0000000747200000|100%|HS|  |TAMS 0x0000000747000000, 0x0000000747200000| Complete 
|  57|0x0000000747200000, 0x0000000747400000, 0x0000000747400000|100%| O|  |TAMS 0x0000000747400000, 0x0000000747400000| Untracked 
|  58|0x0000000747400000, 0x0000000747600000, 0x0000000747600000|100%|HS|  |TAMS 0x0000000747600000, 0x0000000747600000| Complete 
|  59|0x0000000747600000, 0x0000000747800000, 0x0000000747800000|100%|HC|  |TAMS 0x0000000747800000, 0x0000000747800000| Complete 
|  60|0x0000000747800000, 0x0000000747a00000, 0x0000000747a00000|100%|HS|  |TAMS 0x0000000747a00000, 0x0000000747a00000| Complete 
|  61|0x0000000747a00000, 0x0000000747c00000, 0x0000000747c00000|100%|HC|  |TAMS 0x0000000747c00000, 0x0000000747c00000| Complete 
|  62|0x0000000747c00000, 0x0000000747e00000, 0x0000000747e00000|100%|HS|  |TAMS 0x0000000747e00000, 0x0000000747e00000| Complete 
|  63|0x0000000747e00000, 0x0000000748000000, 0x0000000748000000|100%|HC|  |TAMS 0x0000000748000000, 0x0000000748000000| Complete 
|  64|0x0000000748000000, 0x0000000748200000, 0x0000000748200000|100%|HC|  |TAMS 0x0000000748200000, 0x0000000748200000| Complete 
|  65|0x0000000748200000, 0x0000000748400000, 0x0000000748400000|100%|HC|  |TAMS 0x0000000748400000, 0x0000000748400000| Complete 
|  66|0x0000000748400000, 0x0000000748600000, 0x0000000748600000|100%|HC|  |TAMS 0x0000000748600000, 0x0000000748600000| Complete 
|  67|0x0000000748600000, 0x0000000748800000, 0x0000000748800000|100%|HC|  |TAMS 0x0000000748800000, 0x0000000748800000| Complete 
|  68|0x0000000748800000, 0x0000000748a00000, 0x0000000748a00000|100%|HS|  |TAMS 0x0000000748a00000, 0x0000000748a00000| Complete 
|  69|0x0000000748a00000, 0x0000000748c00000, 0x0000000748c00000|100%| O|  |TAMS 0x0000000748c00000, 0x0000000748c00000| Untracked 
|  70|0x0000000748c00000, 0x0000000748e00000, 0x0000000748e00000|100%| O|  |TAMS 0x0000000748e00000, 0x0000000748e00000| Untracked 
|  71|0x0000000748e00000, 0x0000000749000000, 0x0000000749000000|100%| O|  |TAMS 0x0000000749000000, 0x0000000749000000| Untracked 
|  72|0x0000000749000000, 0x0000000749200000, 0x0000000749200000|100%| O|  |TAMS 0x0000000749200000, 0x0000000749200000| Untracked 
|  73|0x0000000749200000, 0x0000000749400000, 0x0000000749400000|100%| O|  |TAMS 0x0000000749400000, 0x0000000749400000| Untracked 
|  74|0x0000000749400000, 0x0000000749600000, 0x0000000749600000|100%| O|  |TAMS 0x0000000749600000, 0x0000000749600000| Untracked 
|  75|0x0000000749600000, 0x0000000749800000, 0x0000000749800000|100%| O|  |TAMS 0x0000000749800000, 0x0000000749800000| Untracked 
|  76|0x0000000749800000, 0x0000000749a00000, 0x0000000749a00000|100%| O|  |TAMS 0x0000000749a00000, 0x0000000749a00000| Untracked 
|  77|0x0000000749a00000, 0x0000000749c00000, 0x0000000749c00000|100%| O|  |TAMS 0x0000000749c00000, 0x0000000749c00000| Untracked 
|  78|0x0000000749c00000, 0x0000000749e00000, 0x0000000749e00000|100%| O|  |TAMS 0x0000000749e00000, 0x0000000749e00000| Untracked 
|  79|0x0000000749e00000, 0x000000074a000000, 0x000000074a000000|100%| O|  |TAMS 0x000000074a000000, 0x000000074a000000| Untracked 
|  80|0x000000074a000000, 0x000000074a200000, 0x000000074a200000|100%| O|  |TAMS 0x000000074a200000, 0x000000074a200000| Untracked 
|  81|0x000000074a200000, 0x000000074a400000, 0x000000074a400000|100%| O|  |TAMS 0x000000074a200000, 0x000000074a200000| Untracked 
|  82|0x000000074a400000, 0x000000074a600000, 0x000000074a600000|100%| O|  |TAMS 0x000000074a600000, 0x000000074a600000| Untracked 
|  83|0x000000074a600000, 0x000000074a800000, 0x000000074a800000|100%| O|  |TAMS 0x000000074a800000, 0x000000074a800000| Untracked 
|  84|0x000000074a800000, 0x000000074aa00000, 0x000000074aa00000|100%| O|  |TAMS 0x000000074aa00000, 0x000000074aa00000| Untracked 
|  85|0x000000074aa00000, 0x000000074ac00000, 0x000000074ac00000|100%| O|  |TAMS 0x000000074ac00000, 0x000000074ac00000| Untracked 
|  86|0x000000074ac00000, 0x000000074ae00000, 0x000000074ae00000|100%| O|  |TAMS 0x000000074ae00000, 0x000000074ae00000| Untracked 
|  87|0x000000074ae00000, 0x000000074b000000, 0x000000074b000000|100%| O|  |TAMS 0x000000074b000000, 0x000000074b000000| Untracked 
|  88|0x000000074b000000, 0x000000074b200000, 0x000000074b200000|100%| O|  |TAMS 0x000000074b200000, 0x000000074b200000| Untracked 
|  89|0x000000074b200000, 0x000000074b400000, 0x000000074b400000|100%| O|  |TAMS 0x000000074b400000, 0x000000074b400000| Untracked 
|  90|0x000000074b400000, 0x000000074b600000, 0x000000074b600000|100%| O|  |TAMS 0x000000074b600000, 0x000000074b600000| Untracked 
|  91|0x000000074b600000, 0x000000074b800000, 0x000000074b800000|100%| O|  |TAMS 0x000000074b800000, 0x000000074b800000| Untracked 
|  92|0x000000074b800000, 0x000000074ba00000, 0x000000074ba00000|100%| O|  |TAMS 0x000000074ba00000, 0x000000074ba00000| Untracked 
|  93|0x000000074ba00000, 0x000000074bc00000, 0x000000074bc00000|100%| O|  |TAMS 0x000000074bc00000, 0x000000074bc00000| Untracked 
|  94|0x000000074bc00000, 0x000000074be00000, 0x000000074be00000|100%| O|  |TAMS 0x000000074bc00000, 0x000000074be00000| Untracked 
|  95|0x000000074be00000, 0x000000074c000000, 0x000000074c000000|100%| O|  |TAMS 0x000000074be00000, 0x000000074be00000| Untracked 
|  96|0x000000074c000000, 0x000000074c200000, 0x000000074c200000|100%| O|  |TAMS 0x000000074c200000, 0x000000074c200000| Untracked 
|  97|0x000000074c200000, 0x000000074c400000, 0x000000074c400000|100%| O|  |TAMS 0x000000074c200000, 0x000000074c400000| Untracked 
|  98|0x000000074c400000, 0x000000074c600000, 0x000000074c600000|100%| O|  |TAMS 0x000000074c600000, 0x000000074c600000| Untracked 
|  99|0x000000074c600000, 0x000000074c800000, 0x000000074c800000|100%| O|  |TAMS 0x000000074c800000, 0x000000074c800000| Untracked 
| 100|0x000000074c800000, 0x000000074ca00000, 0x000000074ca00000|100%| O|  |TAMS 0x000000074ca00000, 0x000000074ca00000| Untracked 
| 101|0x000000074ca00000, 0x000000074cc00000, 0x000000074cc00000|100%| O|  |TAMS 0x000000074cc00000, 0x000000074cc00000| Untracked 
| 102|0x000000074cc00000, 0x000000074ce00000, 0x000000074ce00000|100%| O|  |TAMS 0x000000074ce00000, 0x000000074ce00000| Untracked 
| 103|0x000000074ce00000, 0x000000074d000000, 0x000000074d000000|100%| O|  |TAMS 0x000000074d000000, 0x000000074d000000| Untracked 
| 104|0x000000074d000000, 0x000000074d200000, 0x000000074d200000|100%| O|  |TAMS 0x000000074d200000, 0x000000074d200000| Untracked 
| 105|0x000000074d200000, 0x000000074d400000, 0x000000074d400000|100%| O|  |TAMS 0x000000074d400000, 0x000000074d400000| Untracked 
| 106|0x000000074d400000, 0x000000074d600000, 0x000000074d600000|100%| O|  |TAMS 0x000000074d600000, 0x000000074d600000| Untracked 
| 107|0x000000074d600000, 0x000000074d800000, 0x000000074d800000|100%| O|  |TAMS 0x000000074d600000, 0x000000074d800000| Untracked 
| 108|0x000000074d800000, 0x000000074da00000, 0x000000074da00000|100%| O|  |TAMS 0x000000074da00000, 0x000000074da00000| Untracked 
| 109|0x000000074da00000, 0x000000074dc00000, 0x000000074dc00000|100%| O|  |TAMS 0x000000074dc00000, 0x000000074dc00000| Untracked 
| 110|0x000000074dc00000, 0x000000074de00000, 0x000000074de00000|100%| O|  |TAMS 0x000000074de00000, 0x000000074de00000| Untracked 
| 111|0x000000074de00000, 0x000000074e000000, 0x000000074e000000|100%| O|  |TAMS 0x000000074de00000, 0x000000074e000000| Untracked 
| 112|0x000000074e000000, 0x000000074e200000, 0x000000074e200000|100%| O|  |TAMS 0x000000074e000000, 0x000000074e200000| Untracked 
| 113|0x000000074e200000, 0x000000074e400000, 0x000000074e400000|100%| O|  |TAMS 0x000000074e400000, 0x000000074e400000| Untracked 
| 114|0x000000074e400000, 0x000000074e600000, 0x000000074e600000|100%| O|  |TAMS 0x000000074e400000, 0x000000074e600000| Untracked 
| 115|0x000000074e600000, 0x000000074e800000, 0x000000074e800000|100%| O|  |TAMS 0x000000074e800000, 0x000000074e800000| Untracked 
| 116|0x000000074e800000, 0x000000074ea00000, 0x000000074ea00000|100%| O|  |TAMS 0x000000074ea00000, 0x000000074ea00000| Untracked 
| 117|0x000000074ea00000, 0x000000074ec00000, 0x000000074ec00000|100%| O|  |TAMS 0x000000074ec00000, 0x000000074ec00000| Untracked 
| 118|0x000000074ec00000, 0x000000074ee00000, 0x000000074ee00000|100%| O|  |TAMS 0x000000074ee00000, 0x000000074ee00000| Untracked 
| 119|0x000000074ee00000, 0x000000074f000000, 0x000000074f000000|100%| O|  |TAMS 0x000000074ee00000, 0x000000074f000000| Untracked 
| 120|0x000000074f000000, 0x000000074f200000, 0x000000074f200000|100%| O|  |TAMS 0x000000074f200000, 0x000000074f200000| Untracked 
| 121|0x000000074f200000, 0x000000074f400000, 0x000000074f400000|100%| O|  |TAMS 0x000000074f400000, 0x000000074f400000| Untracked 
| 122|0x000000074f400000, 0x000000074f600000, 0x000000074f600000|100%| O|  |TAMS 0x000000074f600000, 0x000000074f600000| Untracked 
| 123|0x000000074f600000, 0x000000074f800000, 0x000000074f800000|100%| O|  |TAMS 0x000000074f600000, 0x000000074f800000| Untracked 
| 124|0x000000074f800000, 0x000000074fa00000, 0x000000074fa00000|100%| O|  |TAMS 0x000000074fa00000, 0x000000074fa00000| Untracked 
| 125|0x000000074fa00000, 0x000000074fc00000, 0x000000074fc00000|100%| O|  |TAMS 0x000000074fa54400, 0x000000074fc00000| Untracked 
| 126|0x000000074fc00000, 0x000000074fe00000, 0x000000074fe00000|100%| O|  |TAMS 0x000000074fc00000, 0x000000074fe00000| Untracked 
| 127|0x000000074fe00000, 0x0000000750000000, 0x0000000750000000|100%| O|  |TAMS 0x000000074fe00000, 0x0000000750000000| Untracked 
| 128|0x0000000750000000, 0x0000000750200000, 0x0000000750200000|100%| O|  |TAMS 0x0000000750000000, 0x0000000750200000| Untracked 
| 129|0x0000000750200000, 0x0000000750400000, 0x0000000750400000|100%| O|  |TAMS 0x0000000750200000, 0x0000000750200000| Untracked 
| 130|0x0000000750400000, 0x0000000750600000, 0x0000000750600000|100%| O|  |TAMS 0x0000000750400000, 0x0000000750400000| Untracked 
| 131|0x0000000750600000, 0x0000000750800000, 0x0000000750800000|100%| O|  |TAMS 0x0000000750600000, 0x0000000750600000| Untracked 
| 132|0x0000000750800000, 0x0000000750a00000, 0x0000000750a00000|100%| O|  |TAMS 0x0000000750a00000, 0x0000000750a00000| Untracked 
| 133|0x0000000750a00000, 0x0000000750c00000, 0x0000000750c00000|100%| O|  |TAMS 0x0000000750a00000, 0x0000000750c00000| Untracked 
| 134|0x0000000750c00000, 0x0000000750e00000, 0x0000000750e00000|100%| O|  |TAMS 0x0000000750c00000, 0x0000000750e00000| Untracked 
| 135|0x0000000750e00000, 0x0000000751000000, 0x0000000751000000|100%| O|  |TAMS 0x0000000750e00000, 0x0000000751000000| Untracked 
| 136|0x0000000751000000, 0x0000000751200000, 0x0000000751200000|100%| O|  |TAMS 0x0000000751000000, 0x0000000751200000| Untracked 
| 137|0x0000000751200000, 0x0000000751400000, 0x0000000751400000|100%| O|  |TAMS 0x0000000751200000, 0x0000000751400000| Untracked 
| 138|0x0000000751400000, 0x0000000751600000, 0x0000000751600000|100%| O|  |TAMS 0x0000000751400000, 0x0000000751600000| Untracked 
| 139|0x0000000751600000, 0x0000000751800000, 0x0000000751800000|100%| O|  |TAMS 0x0000000751600000, 0x0000000751800000| Untracked 
| 140|0x0000000751800000, 0x0000000751a00000, 0x0000000751a00000|100%| O|  |TAMS 0x0000000751800000, 0x0000000751a00000| Untracked 
| 141|0x0000000751a00000, 0x0000000751c00000, 0x0000000751c00000|100%| O|  |TAMS 0x0000000751a00000, 0x0000000751c00000| Untracked 
| 142|0x0000000751c00000, 0x0000000751e00000, 0x0000000751e00000|100%| O|  |TAMS 0x0000000751c00000, 0x0000000751e00000| Untracked 
| 143|0x0000000751e00000, 0x0000000752000000, 0x0000000752000000|100%| O|  |TAMS 0x0000000751e00000, 0x0000000752000000| Untracked 
| 144|0x0000000752000000, 0x0000000752200000, 0x0000000752200000|100%| O|  |TAMS 0x0000000752000000, 0x0000000752200000| Untracked 
| 145|0x0000000752200000, 0x0000000752400000, 0x0000000752400000|100%| O|  |TAMS 0x0000000752200000, 0x0000000752400000| Untracked 
| 146|0x0000000752400000, 0x0000000752600000, 0x0000000752600000|100%| O|  |TAMS 0x0000000752400000, 0x0000000752600000| Untracked 
| 147|0x0000000752600000, 0x0000000752800000, 0x0000000752800000|100%| O|  |TAMS 0x0000000752600000, 0x0000000752800000| Untracked 
| 148|0x0000000752800000, 0x0000000752a00000, 0x0000000752a00000|100%| O|  |TAMS 0x0000000752800000, 0x0000000752a00000| Untracked 
| 149|0x0000000752a00000, 0x0000000752c00000, 0x0000000752c00000|100%| O|  |TAMS 0x0000000752a00000, 0x0000000752c00000| Untracked 
| 150|0x0000000752c00000, 0x0000000752e00000, 0x0000000752e00000|100%| O|  |TAMS 0x0000000752c00000, 0x0000000752e00000| Untracked 
| 151|0x0000000752e00000, 0x0000000753000000, 0x0000000753000000|100%| O|  |TAMS 0x0000000752e00000, 0x0000000753000000| Untracked 
| 152|0x0000000753000000, 0x0000000753200000, 0x0000000753200000|100%| O|  |TAMS 0x0000000753000000, 0x0000000753200000| Untracked 
| 153|0x0000000753200000, 0x0000000753400000, 0x0000000753400000|100%| O|  |TAMS 0x0000000753200000, 0x0000000753400000| Untracked 
| 154|0x0000000753400000, 0x0000000753600000, 0x0000000753600000|100%| O|  |TAMS 0x0000000753400000, 0x0000000753600000| Untracked 
| 155|0x0000000753600000, 0x0000000753800000, 0x0000000753800000|100%| O|  |TAMS 0x0000000753600000, 0x0000000753800000| Untracked 
| 156|0x0000000753800000, 0x0000000753a00000, 0x0000000753a00000|100%| O|  |TAMS 0x0000000753800000, 0x0000000753a00000| Untracked 
| 157|0x0000000753a00000, 0x0000000753c00000, 0x0000000753c00000|100%| O|  |TAMS 0x0000000753a00000, 0x0000000753c00000| Untracked 
| 158|0x0000000753c00000, 0x0000000753e00000, 0x0000000753e00000|100%| O|  |TAMS 0x0000000753c00000, 0x0000000753e00000| Untracked 
| 159|0x0000000753e00000, 0x0000000754000000, 0x0000000754000000|100%| O|  |TAMS 0x0000000753e00000, 0x0000000754000000| Untracked 
| 160|0x0000000754000000, 0x0000000754200000, 0x0000000754200000|100%| O|  |TAMS 0x0000000754000000, 0x0000000754200000| Untracked 
| 161|0x0000000754200000, 0x0000000754400000, 0x0000000754400000|100%| O|  |TAMS 0x0000000754200000, 0x0000000754400000| Untracked 
| 162|0x0000000754400000, 0x0000000754600000, 0x0000000754600000|100%| O|  |TAMS 0x0000000754400000, 0x0000000754400000| Untracked 
| 163|0x0000000754600000, 0x0000000754800000, 0x0000000754800000|100%| O|  |TAMS 0x0000000754600000, 0x0000000754600000| Untracked 
| 164|0x0000000754800000, 0x0000000754a00000, 0x0000000754a00000|100%| O|  |TAMS 0x0000000754800000, 0x0000000754800000| Untracked 
| 165|0x0000000754a00000, 0x0000000754c00000, 0x0000000754c00000|100%| O|  |TAMS 0x0000000754a00000, 0x0000000754a00000| Untracked 
| 166|0x0000000754c00000, 0x0000000754e00000, 0x0000000754e00000|100%| O|  |TAMS 0x0000000754c00000, 0x0000000754c00000| Untracked 
| 167|0x0000000754e00000, 0x0000000755000000, 0x0000000755000000|100%| O|  |TAMS 0x0000000754e00000, 0x0000000754e00000| Untracked 
| 168|0x0000000755000000, 0x0000000755200000, 0x0000000755200000|100%| O|  |TAMS 0x0000000755000000, 0x0000000755000000| Untracked 
| 169|0x0000000755200000, 0x0000000755400000, 0x0000000755400000|100%| O|  |TAMS 0x0000000755200000, 0x0000000755200000| Untracked 
| 170|0x0000000755400000, 0x0000000755600000, 0x0000000755600000|100%| O|  |TAMS 0x0000000755400000, 0x0000000755400000| Untracked 
| 171|0x0000000755600000, 0x0000000755800000, 0x0000000755800000|100%| O|  |TAMS 0x0000000755600000, 0x0000000755800000| Untracked 
| 172|0x0000000755800000, 0x0000000755a00000, 0x0000000755a00000|100%| O|  |TAMS 0x0000000755800000, 0x0000000755a00000| Untracked 
| 173|0x0000000755a00000, 0x0000000755c00000, 0x0000000755c00000|100%| O|  |TAMS 0x0000000755a00000, 0x0000000755a00000| Untracked 
| 174|0x0000000755c00000, 0x0000000755e00000, 0x0000000755e00000|100%| O|  |TAMS 0x0000000755c00000, 0x0000000755c00000| Untracked 
| 175|0x0000000755e00000, 0x0000000756000000, 0x0000000756000000|100%| O|  |TAMS 0x0000000755e00000, 0x0000000755e00000| Untracked 
| 176|0x0000000756000000, 0x0000000756200000, 0x0000000756200000|100%| O|  |TAMS 0x0000000756000000, 0x0000000756000000| Untracked 
| 177|0x0000000756200000, 0x0000000756400000, 0x0000000756400000|100%| O|  |TAMS 0x0000000756200000, 0x0000000756200000| Untracked 
| 178|0x0000000756400000, 0x0000000756400000, 0x0000000756600000|  0%| F|  |TAMS 0x0000000756400000, 0x0000000756400000| Untracked 
| 179|0x0000000756600000, 0x0000000756600000, 0x0000000756800000|  0%| F|  |TAMS 0x0000000756600000, 0x0000000756600000| Untracked 
| 180|0x0000000756800000, 0x0000000756800000, 0x0000000756a00000|  0%| F|  |TAMS 0x0000000756800000, 0x0000000756800000| Untracked 
| 181|0x0000000756a00000, 0x0000000756a00000, 0x0000000756c00000|  0%| F|  |TAMS 0x0000000756a00000, 0x0000000756a00000| Untracked 
| 182|0x0000000756c00000, 0x0000000756c00000, 0x0000000756e00000|  0%| F|  |TAMS 0x0000000756c00000, 0x0000000756c00000| Untracked 
| 183|0x0000000756e00000, 0x0000000756e00000, 0x0000000757000000|  0%| F|  |TAMS 0x0000000756e00000, 0x0000000756e00000| Untracked 
| 184|0x0000000757000000, 0x0000000757000000, 0x0000000757200000|  0%| F|  |TAMS 0x0000000757000000, 0x0000000757000000| Untracked 
| 185|0x0000000757200000, 0x0000000757200000, 0x0000000757400000|  0%| F|  |TAMS 0x0000000757200000, 0x0000000757200000| Untracked 
| 186|0x0000000757400000, 0x0000000757400000, 0x0000000757600000|  0%| F|  |TAMS 0x0000000757400000, 0x0000000757400000| Untracked 
| 187|0x0000000757600000, 0x0000000757600000, 0x0000000757800000|  0%| F|  |TAMS 0x0000000757600000, 0x0000000757600000| Untracked 
| 188|0x0000000757800000, 0x0000000757800000, 0x0000000757a00000|  0%| F|  |TAMS 0x0000000757800000, 0x0000000757800000| Untracked 
| 189|0x0000000757a00000, 0x0000000757a00000, 0x0000000757c00000|  0%| F|  |TAMS 0x0000000757a00000, 0x0000000757a00000| Untracked 
| 190|0x0000000757c00000, 0x0000000757c00000, 0x0000000757e00000|  0%| F|  |TAMS 0x0000000757c00000, 0x0000000757c00000| Untracked 
| 191|0x0000000757e00000, 0x0000000757e00000, 0x0000000758000000|  0%| F|  |TAMS 0x0000000757e00000, 0x0000000757e00000| Untracked 
| 192|0x0000000758000000, 0x0000000758000000, 0x0000000758200000|  0%| F|  |TAMS 0x0000000758000000, 0x0000000758000000| Untracked 
| 193|0x0000000758200000, 0x0000000758200000, 0x0000000758400000|  0%| F|  |TAMS 0x0000000758200000, 0x0000000758200000| Untracked 
| 194|0x0000000758400000, 0x0000000758400000, 0x0000000758600000|  0%| F|  |TAMS 0x0000000758400000, 0x0000000758400000| Untracked 
| 195|0x0000000758600000, 0x0000000758600000, 0x0000000758800000|  0%| F|  |TAMS 0x0000000758600000, 0x0000000758600000| Untracked 
| 196|0x0000000758800000, 0x0000000758800000, 0x0000000758a00000|  0%| F|  |TAMS 0x0000000758800000, 0x0000000758800000| Untracked 
| 197|0x0000000758a00000, 0x0000000758a00000, 0x0000000758c00000|  0%| F|  |TAMS 0x0000000758a00000, 0x0000000758a00000| Untracked 
| 198|0x0000000758c00000, 0x0000000758c00000, 0x0000000758e00000|  0%| F|  |TAMS 0x0000000758c00000, 0x0000000758c00000| Untracked 
| 199|0x0000000758e00000, 0x0000000758e00000, 0x0000000759000000|  0%| F|  |TAMS 0x0000000758e00000, 0x0000000758e00000| Untracked 
| 200|0x0000000759000000, 0x0000000759000000, 0x0000000759200000|  0%| F|  |TAMS 0x0000000759000000, 0x0000000759000000| Untracked 
| 201|0x0000000759200000, 0x0000000759200000, 0x0000000759400000|  0%| F|  |TAMS 0x0000000759200000, 0x0000000759200000| Untracked 
| 202|0x0000000759400000, 0x0000000759400000, 0x0000000759600000|  0%| F|  |TAMS 0x0000000759400000, 0x0000000759400000| Untracked 
| 203|0x0000000759600000, 0x0000000759600000, 0x0000000759800000|  0%| F|  |TAMS 0x0000000759600000, 0x0000000759600000| Untracked 
| 204|0x0000000759800000, 0x0000000759800000, 0x0000000759a00000|  0%| F|  |TAMS 0x0000000759800000, 0x0000000759800000| Untracked 
| 205|0x0000000759a00000, 0x0000000759c00000, 0x0000000759c00000|100%| S|CS|TAMS 0x0000000759a00000, 0x0000000759a00000| Complete 
| 206|0x0000000759c00000, 0x0000000759e00000, 0x0000000759e00000|100%| S|CS|TAMS 0x0000000759c00000, 0x0000000759c00000| Complete 
| 207|0x0000000759e00000, 0x000000075a000000, 0x000000075a000000|100%| S|CS|TAMS 0x0000000759e00000, 0x0000000759e00000| Complete 
| 208|0x000000075a000000, 0x000000075a000000, 0x000000075a200000|  0%| F|  |TAMS 0x000000075a000000, 0x000000075a000000| Untracked 
| 209|0x000000075a200000, 0x000000075a200000, 0x000000075a400000|  0%| F|  |TAMS 0x000000075a200000, 0x000000075a200000| Untracked 
| 210|0x000000075a400000, 0x000000075a400000, 0x000000075a600000|  0%| F|  |TAMS 0x000000075a400000, 0x000000075a400000| Untracked 
| 211|0x000000075a600000, 0x000000075a600000, 0x000000075a800000|  0%| F|  |TAMS 0x000000075a600000, 0x000000075a600000| Untracked 
| 212|0x000000075a800000, 0x000000075a800000, 0x000000075aa00000|  0%| F|  |TAMS 0x000000075a800000, 0x000000075a800000| Untracked 
| 213|0x000000075aa00000, 0x000000075aa00000, 0x000000075ac00000|  0%| F|  |TAMS 0x000000075aa00000, 0x000000075aa00000| Untracked 
| 214|0x000000075ac00000, 0x000000075ac00000, 0x000000075ae00000|  0%| F|  |TAMS 0x000000075ac00000, 0x000000075ac00000| Untracked 
| 215|0x000000075ae00000, 0x000000075ae00000, 0x000000075b000000|  0%| F|  |TAMS 0x000000075ae00000, 0x000000075ae00000| Untracked 
| 216|0x000000075b000000, 0x000000075b000000, 0x000000075b200000|  0%| F|  |TAMS 0x000000075b000000, 0x000000075b000000| Untracked 
| 217|0x000000075b200000, 0x000000075b200000, 0x000000075b400000|  0%| F|  |TAMS 0x000000075b200000, 0x000000075b200000| Untracked 
| 218|0x000000075b400000, 0x000000075b400000, 0x000000075b600000|  0%| F|  |TAMS 0x000000075b400000, 0x000000075b400000| Untracked 
| 219|0x000000075b600000, 0x000000075b600000, 0x000000075b800000|  0%| F|  |TAMS 0x000000075b600000, 0x000000075b600000| Untracked 
| 220|0x000000075b800000, 0x000000075b800000, 0x000000075ba00000|  0%| F|  |TAMS 0x000000075b800000, 0x000000075b800000| Untracked 
| 221|0x000000075ba00000, 0x000000075ba00000, 0x000000075bc00000|  0%| F|  |TAMS 0x000000075ba00000, 0x000000075ba00000| Untracked 
| 222|0x000000075bc00000, 0x000000075bc00000, 0x000000075be00000|  0%| F|  |TAMS 0x000000075bc00000, 0x000000075bc00000| Untracked 
| 223|0x000000075be00000, 0x000000075be00000, 0x000000075c000000|  0%| F|  |TAMS 0x000000075be00000, 0x000000075be00000| Untracked 
| 224|0x000000075c000000, 0x000000075c000000, 0x000000075c200000|  0%| F|  |TAMS 0x000000075c000000, 0x000000075c000000| Untracked 
| 225|0x000000075c200000, 0x000000075c200000, 0x000000075c400000|  0%| F|  |TAMS 0x000000075c200000, 0x000000075c200000| Untracked 
| 226|0x000000075c400000, 0x000000075c400000, 0x000000075c600000|  0%| F|  |TAMS 0x000000075c400000, 0x000000075c400000| Untracked 
| 227|0x000000075c600000, 0x000000075c600000, 0x000000075c800000|  0%| F|  |TAMS 0x000000075c600000, 0x000000075c600000| Untracked 
| 228|0x000000075c800000, 0x000000075c800000, 0x000000075ca00000|  0%| F|  |TAMS 0x000000075c800000, 0x000000075c800000| Untracked 
| 229|0x000000075ca00000, 0x000000075ca00000, 0x000000075cc00000|  0%| F|  |TAMS 0x000000075ca00000, 0x000000075ca00000| Untracked 
| 230|0x000000075cc00000, 0x000000075cc00000, 0x000000075ce00000|  0%| F|  |TAMS 0x000000075cc00000, 0x000000075cc00000| Untracked 
| 231|0x000000075ce00000, 0x000000075ce00000, 0x000000075d000000|  0%| F|  |TAMS 0x000000075ce00000, 0x000000075ce00000| Untracked 

Card table byte_map: [0x000001bae36a0000,0x000001bae3ca0000] _byte_map_base: 0x000001badfca0000

Marking Bits (Prev, Next): (CMBitMap*) 0x000001bad0c24fe0, (CMBitMap*) 0x000001bad0c25020
 Prev Bits: [0x000001bae42a0000, 0x000001bae72a0000)
 Next Bits: [0x000001bae72a0000, 0x000001baea2a0000)

Polling page: 0x000001bace990000

Metaspace:

Usage:
  Non-class:    127.90 MB used.
      Class:     19.17 MB used.
       Both:    147.07 MB used.

Virtual space:
  Non-class space:      136.00 MB reserved,     128.56 MB ( 95%) committed,  17 nodes.
      Class space:        1.00 GB reserved,      19.88 MB (  2%) committed,  1 nodes.
             Both:        1.13 GB reserved,     148.44 MB ( 13%) committed. 

Chunk freelists:
   Non-Class:  3.39 MB
       Class:  160.00 KB
        Both:  3.55 MB

MaxMetaspaceSize: unlimited
CompressedClassSpaceSize: 1.00 GB
Initial GC threshold: 21.00 MB
Current GC threshold: 238.44 MB
CDS: off
MetaspaceReclaimPolicy: balanced
 - commit_granule_bytes: 65536.
 - commit_granule_words: 8192.
 - virtual_space_node_default_size: 1048576.
 - enlarge_chunks_in_place: 1.
 - new_chunks_are_fully_committed: 0.
 - uncommit_free_chunks: 1.
 - use_allocation_guard: 0.
 - handle_deallocations: 1.


Internal statistics:

num_allocs_failed_limit: 3.
num_arena_births: 2408.
num_arena_deaths: 0.
num_vsnodes_births: 18.
num_vsnodes_deaths: 0.
num_space_committed: 2373.
num_space_uncommitted: 0.
num_chunks_returned_to_freelist: 3.
num_chunks_taken_from_freelist: 8827.
num_chunk_merges: 3.
num_chunk_splits: 5586.
num_chunks_enlarged: 3371.
num_purges: 0.
num_inconsistent_stats: 0.

CodeHeap 'non-profiled nmethods': size=120000Kb used=10950Kb max_used=11408Kb free=109049Kb
 bounds [0x000001badbb70000, 0x000001badc6a0000, 0x000001bae30a0000]
CodeHeap 'profiled nmethods': size=120000Kb used=34632Kb max_used=35387Kb free=85367Kb
 bounds [0x000001bad40a0000, 0x000001bad6340000, 0x000001badb5d0000]
CodeHeap 'non-nmethods': size=5760Kb used=2515Kb max_used=2588Kb free=3244Kb
 bounds [0x000001badb5d0000, 0x000001badb870000, 0x000001badbb70000]
 total_blobs=18337 nmethods=17273 adapters=975
 compilation: enabled
              stopped_count=0, restarted_count=0
 full_count=0

Compilation events (20 events):
Event: 138.356 Thread 0x000001baec7cea00 nmethod 21252 0x000001badc581d90 code [0x000001badc581f20, 0x000001badc582218]
Event: 138.356 Thread 0x000001baec7cea00 21253       4       com.sun.org.apache.xerces.internal.dom.DeferredDocumentImpl::getNodeExtra (49 bytes)
Event: 138.359 Thread 0x000001baec7cea00 nmethod 21253 0x000001badc414990 code [0x000001badc414b20, 0x000001badc414d38]
Event: 138.359 Thread 0x000001baec7cea00 21256       4       com.sun.org.apache.xerces.internal.dom.ElementImpl::getAttributes (36 bytes)
Event: 138.362 Thread 0x000001baec7cea00 nmethod 21256 0x000001badc414510 code [0x000001badc4146a0, 0x000001badc4148d8]
Event: 138.362 Thread 0x000001baec7cea00 21248       4       com.sun.org.apache.xerces.internal.dom.DeferredAttrImpl::synchronizeData (86 bytes)
Event: 138.376 Thread 0x000001baec7cea00 nmethod 21248 0x000001badc288b90 code [0x000001badc288d40, 0x000001badc289638]
Event: 138.376 Thread 0x000001baec7cea00 21249       4       com.sun.org.apache.xerces.internal.dom.DeferredDocumentImpl::getTypeInfo (99 bytes)
Event: 138.377 Thread 0x000001baec7cea00 nmethod 21249 0x000001badc581990 code [0x000001badc581b00, 0x000001badc581b98]
Event: 138.377 Thread 0x000001baec7cea00 21250       4       com.sun.org.apache.xerces.internal.dom.DocumentImpl::setAttrNode (40 bytes)
Event: 138.377 Thread 0x000001baec7cea00 nmethod 21250 0x000001badc288890 code [0x000001badc288a00, 0x000001badc288a98]
Event: 138.377 Thread 0x000001baec7cea00 21251       4       com.sun.org.apache.xerces.internal.dom.NodeImpl::isNormalized (55 bytes)
Event: 138.378 Thread 0x000001baec7cea00 nmethod 21251 0x000001badc288590 code [0x000001badc288700, 0x000001badc2887b8]
Event: 138.378 Thread 0x000001baec7cea00 21254       4       com.sun.org.apache.xerces.internal.dom.ElementImpl::getDefaultAttributes (48 bytes)
Event: 138.379 Thread 0x000001baec7cea00 nmethod 21254 0x000001badc288210 code [0x000001badc2883a0, 0x000001badc288498]
Event: 138.379 Thread 0x000001baec7cea00 21255       4       com.sun.org.apache.xerces.internal.dom.NamedNodeMapImpl::getNamedItem (29 bytes)
Event: 138.387 Thread 0x000001baec7cea00 nmethod 21255 0x000001badbd24990 code [0x000001badbd24b60, 0x000001badbd25528]
Event: 138.387 Thread 0x000001baec7cea00 21257       4       com.sun.org.apache.xerces.internal.dom.DeferredAttrImpl::synchronizeChildren (18 bytes)
Event: 138.399 Thread 0x000001baec7cea00 nmethod 21257 0x000001badc3d2510 code [0x000001badc3d26e0, 0x000001badc3d2f88]
Event: 138.400 Thread 0x000001baec7cea00 21258       4       com.sun.org.apache.xerces.internal.dom.DeferredDocumentImpl::synchronizeChildren (167 bytes)

GC Heap History (20 events):
Event: 100.870 GC heap after
{Heap after GC invocations=55 (full 0):
 garbage-first heap   total 417792K, used 235389K [0x0000000740000000, 0x0000000800000000)
  region size 2048K, 8 young (16384K), 8 survivors (16384K)
 Metaspace       used 121038K, committed 122176K, reserved 1155072K
  class space    used 16159K, committed 16704K, reserved 1048576K
}
Event: 102.205 GC heap before
{Heap before GC invocations=55 (full 0):
 garbage-first heap   total 417792K, used 337789K [0x0000000740000000, 0x0000000800000000)
  region size 2048K, 59 young (120832K), 8 survivors (16384K)
 Metaspace       used 124692K, committed 125952K, reserved 1163264K
  class space    used 16722K, committed 17344K, reserved 1048576K
}
Event: 102.242 GC heap after
{Heap after GC invocations=56 (full 0):
 garbage-first heap   total 417792K, used 246944K [0x0000000740000000, 0x0000000800000000)
  region size 2048K, 6 young (12288K), 6 survivors (12288K)
 Metaspace       used 124692K, committed 125952K, reserved 1163264K
  class space    used 16722K, committed 17344K, reserved 1048576K
}
Event: 104.868 GC heap before
{Heap before GC invocations=57 (full 0):
 garbage-first heap   total 444416K, used 339104K [0x0000000740000000, 0x0000000800000000)
  region size 2048K, 52 young (106496K), 6 survivors (12288K)
 Metaspace       used 128699K, committed 129984K, reserved 1163264K
  class space    used 17207K, committed 17856K, reserved 1048576K
}
Event: 104.900 GC heap after
{Heap after GC invocations=58 (full 0):
 garbage-first heap   total 444416K, used 252052K [0x0000000740000000, 0x0000000800000000)
  region size 2048K, 4 young (8192K), 4 survivors (8192K)
 Metaspace       used 128699K, committed 129984K, reserved 1163264K
  class space    used 17207K, committed 17856K, reserved 1048576K
}
Event: 105.398 GC heap before
{Heap before GC invocations=58 (full 0):
 garbage-first heap   total 444416K, used 262292K [0x0000000740000000, 0x0000000800000000)
  region size 2048K, 10 young (20480K), 4 survivors (8192K)
 Metaspace       used 128903K, committed 130176K, reserved 1163264K
  class space    used 17233K, committed 17856K, reserved 1048576K
}
Event: 105.423 GC heap after
{Heap after GC invocations=59 (full 0):
 garbage-first heap   total 444416K, used 246173K [0x0000000740000000, 0x0000000800000000)
  region size 2048K, 2 young (4096K), 2 survivors (4096K)
 Metaspace       used 128903K, committed 130176K, reserved 1163264K
  class space    used 17233K, committed 17856K, reserved 1048576K
}
Event: 110.611 GC heap before
{Heap before GC invocations=59 (full 0):
 garbage-first heap   total 444416K, used 360861K [0x0000000740000000, 0x0000000800000000)
  region size 2048K, 59 young (120832K), 2 survivors (4096K)
 Metaspace       used 129683K, committed 130944K, reserved 1163264K
  class space    used 17293K, committed 17920K, reserved 1048576K
}
Event: 110.640 GC heap after
{Heap after GC invocations=60 (full 0):
 garbage-first heap   total 444416K, used 262834K [0x0000000740000000, 0x0000000800000000)
  region size 2048K, 8 young (16384K), 8 survivors (16384K)
 Metaspace       used 129683K, committed 130944K, reserved 1163264K
  class space    used 17293K, committed 17920K, reserved 1048576K
}
Event: 115.421 GC heap before
{Heap before GC invocations=61 (full 0):
 garbage-first heap   total 460800K, used 377522K [0x0000000740000000, 0x0000000800000000)
  region size 2048K, 57 young (116736K), 8 survivors (16384K)
 Metaspace       used 133371K, committed 134592K, reserved 1171456K
  class space    used 17588K, committed 18240K, reserved 1048576K
}
Event: 115.445 GC heap after
{Heap after GC invocations=62 (full 0):
 garbage-first heap   total 460800K, used 260681K [0x0000000740000000, 0x0000000800000000)
  region size 2048K, 3 young (6144K), 3 survivors (6144K)
 Metaspace       used 133371K, committed 134592K, reserved 1171456K
  class space    used 17588K, committed 18240K, reserved 1048576K
}
Event: 116.075 GC heap before
{Heap before GC invocations=62 (full 0):
 garbage-first heap   total 460800K, used 275017K [0x0000000740000000, 0x0000000800000000)
  region size 2048K, 11 young (22528K), 3 survivors (6144K)
 Metaspace       used 133801K, committed 135104K, reserved 1171456K
  class space    used 17625K, committed 18304K, reserved 1048576K
}
Event: 116.099 GC heap after
{Heap after GC invocations=63 (full 0):
 garbage-first heap   total 460800K, used 247339K [0x0000000740000000, 0x0000000800000000)
  region size 2048K, 1 young (2048K), 1 survivors (2048K)
 Metaspace       used 133801K, committed 135104K, reserved 1171456K
  class space    used 17625K, committed 18304K, reserved 1048576K
}
Event: 134.778 GC heap before
{Heap before GC invocations=63 (full 0):
 garbage-first heap   total 460800K, used 374315K [0x0000000740000000, 0x0000000800000000)
  region size 2048K, 64 young (131072K), 1 survivors (2048K)
 Metaspace       used 143811K, committed 145152K, reserved 1179648K
  class space    used 18967K, committed 19648K, reserved 1048576K
}
Event: 134.798 GC heap after
{Heap after GC invocations=64 (full 0):
 garbage-first heap   total 460800K, used 253986K [0x0000000740000000, 0x0000000800000000)
  region size 2048K, 4 young (8192K), 4 survivors (8192K)
 Metaspace       used 143811K, committed 145152K, reserved 1179648K
  class space    used 18967K, committed 19648K, reserved 1048576K
}
Event: 137.369 GC heap before
{Heap before GC invocations=65 (full 0):
 garbage-first heap   total 475136K, used 376866K [0x0000000740000000, 0x0000000800000000)
  region size 2048K, 65 young (133120K), 4 survivors (8192K)
 Metaspace       used 150541K, committed 151936K, reserved 1187840K
  class space    used 19629K, committed 20352K, reserved 1048576K
}
Event: 137.556 GC heap after
{Heap after GC invocations=66 (full 0):
 garbage-first heap   total 475136K, used 329040K [0x0000000740000000, 0x0000000800000000)
  region size 2048K, 9 young (18432K), 9 survivors (18432K)
 Metaspace       used 150541K, committed 151936K, reserved 1187840K
  class space    used 19629K, committed 20352K, reserved 1048576K
}
Event: 137.588 GC heap before
{Heap before GC invocations=66 (full 0):
 garbage-first heap   total 475136K, used 333136K [0x0000000740000000, 0x0000000800000000)
  region size 2048K, 11 young (22528K), 9 survivors (18432K)
 Metaspace       used 150541K, committed 151936K, reserved 1187840K
  class space    used 19629K, committed 20352K, reserved 1048576K
}
Event: 137.674 GC heap after
{Heap after GC invocations=67 (full 0):
 garbage-first heap   total 475136K, used 329597K [0x0000000740000000, 0x0000000800000000)
  region size 2048K, 2 young (4096K), 2 survivors (4096K)
 Metaspace       used 150541K, committed 151936K, reserved 1187840K
  class space    used 19629K, committed 20352K, reserved 1048576K
}
Event: 138.410 GC heap before
{Heap before GC invocations=67 (full 0):
 garbage-first heap   total 475136K, used 374653K [0x0000000740000000, 0x0000000800000000)
  region size 2048K, 24 young (49152K), 2 survivors (4096K)
 Metaspace       used 150596K, committed 152000K, reserved 1187840K
  class space    used 19629K, committed 20352K, reserved 1048576K
}

Dll operation events (2 events):
Event: 0.005 Loaded shared library C:\Program Files\Android\Android Studio\jbr\bin\java.dll
Event: 0.518 Loaded shared library C:\Program Files\Android\Android Studio\jbr\bin\verify.dll

Deoptimization events (20 events):
Event: 137.280 Thread 0x000001baf4bd3400 Uncommon trap: trap_request=0xffffffde fr.pc=0x000001badbcc48d0 relative=0x0000000000001dd0
Event: 137.280 Thread 0x000001baf4bd3400 Uncommon trap: reason=class_check action=maybe_recompile pc=0x000001badbcc48d0 method=com.sun.org.apache.xerces.internal.impl.XMLDocumentFragmentScannerImpl.scanStartElement()Z @ 439 c2
Event: 137.280 Thread 0x000001baf4bd3400 DEOPT PACKING pc=0x000001badbcc48d0 sp=0x0000005ed0df8f40
Event: 137.280 Thread 0x000001baf4bd3400 DEOPT UNPACKING pc=0x000001badb6269a3 sp=0x0000005ed0df8f00 mode 2
Event: 137.296 Thread 0x000001baf4bd3400 DEOPT PACKING pc=0x000001bad55f88cf sp=0x0000005ed0df9200
Event: 137.296 Thread 0x000001baf4bd3400 DEOPT UNPACKING pc=0x000001badb627143 sp=0x0000005ed0df86c8 mode 0
Event: 137.729 Thread 0x000001baf4bd3400 Uncommon trap: trap_request=0xffffff45 fr.pc=0x000001badc4f7878 relative=0x0000000000000a18
Event: 137.729 Thread 0x000001baf4bd3400 Uncommon trap: reason=unstable_if action=reinterpret pc=0x000001badc4f7878 method=com.sun.org.apache.xerces.internal.dom.DeferredDocumentImpl.getPrevSibling(IZ)I @ 52 c2
Event: 137.729 Thread 0x000001baf4bd3400 DEOPT PACKING pc=0x000001badc4f7878 sp=0x0000005ed0df9230
Event: 137.729 Thread 0x000001baf4bd3400 DEOPT UNPACKING pc=0x000001badb6269a3 sp=0x0000005ed0df90f8 mode 2
Event: 138.042 Thread 0x000001baf4bd3400 DEOPT PACKING pc=0x000001bad62ec374 sp=0x0000005ed0df9360
Event: 138.042 Thread 0x000001baf4bd3400 DEOPT UNPACKING pc=0x000001badb627143 sp=0x0000005ed0df8938 mode 0
Event: 138.325 Thread 0x000001baf4bd3400 Uncommon trap: trap_request=0xffffff45 fr.pc=0x000001badc0e5a30 relative=0x0000000000001270
Event: 138.325 Thread 0x000001baf4bd3400 Uncommon trap: reason=unstable_if action=reinterpret pc=0x000001badc0e5a30 method=com.sun.org.apache.xerces.internal.impl.XMLDocumentFragmentScannerImpl$FragmentContentDriver.next()I @ 265 c2
Event: 138.325 Thread 0x000001baf4bd3400 DEOPT PACKING pc=0x000001badc0e5a30 sp=0x0000005ed0df9190
Event: 138.325 Thread 0x000001baf4bd3400 DEOPT UNPACKING pc=0x000001badb6269a3 sp=0x0000005ed0df9168 mode 2
Event: 138.325 Thread 0x000001baf4bd3400 Uncommon trap: trap_request=0xffffffde fr.pc=0x000001badbcc48d0 relative=0x0000000000001dd0
Event: 138.325 Thread 0x000001baf4bd3400 Uncommon trap: reason=class_check action=maybe_recompile pc=0x000001badbcc48d0 method=com.sun.org.apache.xerces.internal.impl.XMLDocumentFragmentScannerImpl.scanStartElement()Z @ 439 c2
Event: 138.325 Thread 0x000001baf4bd3400 DEOPT PACKING pc=0x000001badbcc48d0 sp=0x0000005ed0df90c0
Event: 138.325 Thread 0x000001baf4bd3400 DEOPT UNPACKING pc=0x000001badb6269a3 sp=0x0000005ed0df9080 mode 2

Classes unloaded (0 events):
No events

Classes redefined (0 events):
No events

Internal exceptions (20 events):
Event: 137.173 Thread 0x000001baf4bd3400 Exception <a 'sun/nio/fs/WindowsException'{0x0000000756884fd8}> (0x0000000756884fd8) 
thrown [s\src\hotspot\share\prims\jni.cpp, line 517]
Event: 137.191 Thread 0x000001baf4bd3400 Exception <a 'sun/nio/fs/WindowsException'{0x00000007568fd080}> (0x00000007568fd080) 
thrown [s\src\hotspot\share\prims\jni.cpp, line 517]
Event: 137.191 Thread 0x000001baf4bd3400 Exception <a 'sun/nio/fs/WindowsException'{0x00000007568fd298}> (0x00000007568fd298) 
thrown [s\src\hotspot\share\prims\jni.cpp, line 517]
Event: 137.198 Thread 0x000001baf4bd3400 Exception <a 'sun/nio/fs/WindowsException'{0x00000007569aa2d0}> (0x00000007569aa2d0) 
thrown [s\src\hotspot\share\prims\jni.cpp, line 517]
Event: 137.198 Thread 0x000001baf4bd3400 Exception <a 'sun/nio/fs/WindowsException'{0x00000007569aa4e8}> (0x00000007569aa4e8) 
thrown [s\src\hotspot\share\prims\jni.cpp, line 517]
Event: 137.223 Thread 0x000001baf4bd3400 Exception <a 'sun/nio/fs/WindowsException'{0x00000007566aeaf8}> (0x00000007566aeaf8) 
thrown [s\src\hotspot\share\prims\jni.cpp, line 517]
Event: 137.224 Thread 0x000001baf4bd3400 Exception <a 'sun/nio/fs/WindowsException'{0x00000007566aed20}> (0x00000007566aed20) 
thrown [s\src\hotspot\share\prims\jni.cpp, line 517]
Event: 137.229 Thread 0x000001baf4bd3400 Exception <a 'sun/nio/fs/WindowsException'{0x00000007567077c8}> (0x00000007567077c8) 
thrown [s\src\hotspot\share\prims\jni.cpp, line 517]
Event: 137.229 Thread 0x000001baf4bd3400 Exception <a 'sun/nio/fs/WindowsException'{0x00000007567079c0}> (0x00000007567079c0) 
thrown [s\src\hotspot\share\prims\jni.cpp, line 517]
Event: 137.237 Thread 0x000001baf4bd3400 Exception <a 'sun/nio/fs/WindowsException'{0x00000007567a6de8}> (0x00000007567a6de8) 
thrown [s\src\hotspot\share\prims\jni.cpp, line 517]
Event: 137.237 Thread 0x000001baf4bd3400 Exception <a 'sun/nio/fs/WindowsException'{0x00000007567a6ff0}> (0x00000007567a6ff0) 
thrown [s\src\hotspot\share\prims\jni.cpp, line 517]
Event: 137.252 Thread 0x000001baf4bd3400 Exception <a 'sun/nio/fs/WindowsException'{0x0000000756427fa8}> (0x0000000756427fa8) 
thrown [s\src\hotspot\share\prims\jni.cpp, line 517]
Event: 137.252 Thread 0x000001baf4bd3400 Exception <a 'sun/nio/fs/WindowsException'{0x00000007564281d0}> (0x00000007564281d0) 
thrown [s\src\hotspot\share\prims\jni.cpp, line 517]
Event: 137.255 Thread 0x000001baf4bd3400 Exception <a 'sun/nio/fs/WindowsException'{0x000000075643d540}> (0x000000075643d540) 
thrown [s\src\hotspot\share\prims\jni.cpp, line 517]
Event: 137.256 Thread 0x000001baf4bd3400 Exception <a 'sun/nio/fs/WindowsException'{0x000000075643d768}> (0x000000075643d768) 
thrown [s\src\hotspot\share\prims\jni.cpp, line 517]
Event: 137.258 Thread 0x000001baf4bd3400 Exception <a 'sun/nio/fs/WindowsException'{0x000000075647bee0}> (0x000000075647bee0) 
thrown [s\src\hotspot\share\prims\jni.cpp, line 517]
Event: 137.258 Thread 0x000001baf4bd3400 Exception <a 'sun/nio/fs/WindowsException'{0x000000075647c0d8}> (0x000000075647c0d8) 
thrown [s\src\hotspot\share\prims\jni.cpp, line 517]
Event: 137.261 Thread 0x000001baf4bd3400 Exception <a 'sun/nio/fs/WindowsException'{0x00000007564dc7c8}> (0x00000007564dc7c8) 
thrown [s\src\hotspot\share\prims\jni.cpp, line 517]
Event: 137.262 Thread 0x000001baf4bd3400 Exception <a 'sun/nio/fs/WindowsException'{0x00000007564dc9d0}> (0x00000007564dc9d0) 
thrown [s\src\hotspot\share\prims\jni.cpp, line 517]
Event: 137.280 Thread 0x000001baf4bd3400 Implicit null exception at 0x000001badc3bab00 to 0x000001badc3be1fe

VM Operations (20 events):
Event: 136.262 Executing VM operation: HandshakeAllThreads done
Event: 136.319 Executing VM operation: HandshakeAllThreads
Event: 136.323 Executing VM operation: HandshakeAllThreads done
Event: 136.363 Executing VM operation: HandshakeAllThreads
Event: 136.363 Executing VM operation: HandshakeAllThreads done
Event: 136.670 Executing VM operation: HandshakeAllThreads
Event: 136.670 Executing VM operation: HandshakeAllThreads done
Event: 136.673 Executing VM operation: HandshakeAllThreads
Event: 136.673 Executing VM operation: HandshakeAllThreads done
Event: 136.682 Executing VM operation: HandshakeAllThreads
Event: 136.682 Executing VM operation: HandshakeAllThreads done
Event: 136.685 Executing VM operation: HandshakeAllThreads
Event: 136.685 Executing VM operation: HandshakeAllThreads done
Event: 137.239 Executing VM operation: ICBufferFull
Event: 137.239 Executing VM operation: ICBufferFull done
Event: 137.369 Executing VM operation: G1CollectForAllocation
Event: 137.556 Executing VM operation: G1CollectForAllocation done
Event: 137.588 Executing VM operation: G1CollectForAllocation
Event: 137.674 Executing VM operation: G1CollectForAllocation done
Event: 138.410 Executing VM operation: G1CollectForAllocation

Events (20 events):
Event: 136.680 loading class com/sun/org/apache/xerces/internal/dom/NamedNodeMapImpl done
Event: 136.682 loading class com/sun/org/apache/xerces/internal/dom/AttributeMap done
Event: 136.682 loading class com/sun/org/apache/xerces/internal/dom/DeferredAttrImpl
Event: 136.683 loading class com/sun/org/apache/xerces/internal/dom/AttrImpl
Event: 136.683 loading class com/sun/org/apache/xerces/internal/dom/AttrImpl done
Event: 136.685 loading class com/sun/org/apache/xerces/internal/dom/DeferredAttrImpl done
Event: 137.092 loading class java/io/FilterWriter
Event: 137.093 loading class java/io/FilterWriter done
Event: 137.094 loading class java/nio/file/Path$1
Event: 137.094 loading class java/nio/file/Path$1 done
Event: 137.129 loading class java/util/Collections$UnmodifiableList$1
Event: 137.130 loading class java/util/Collections$UnmodifiableList$1 done
Event: 137.141 loading class java/util/stream/DistinctOps
Event: 137.141 loading class java/util/stream/DistinctOps done
Event: 137.141 loading class java/util/stream/DistinctOps$1
Event: 137.142 loading class java/util/stream/DistinctOps$1 done
Event: 137.143 loading class java/util/stream/DistinctOps$1$2
Event: 137.143 loading class java/util/stream/DistinctOps$1$2 done
Event: 137.155 loading class java/lang/Override
Event: 137.156 loading class java/lang/Override done


Dynamic libraries:
0x00007ff742900000 - 0x00007ff74290a000 	C:\Program Files\Android\Android Studio\jbr\bin\java.exe
0x00007ff910310000 - 0x00007ff910508000 	C:\WINDOWS\SYSTEM32\ntdll.dll
0x00007ff90f720000 - 0x00007ff90f7dd000 	C:\WINDOWS\System32\KERNEL32.DLL
0x00007ff90db50000 - 0x00007ff90de46000 	C:\WINDOWS\System32\KERNELBASE.dll
0x00007ff90df70000 - 0x00007ff90e070000 	C:\WINDOWS\System32\ucrtbase.dll
0x00007ff8e0db0000 - 0x00007ff8e0dcb000 	C:\Program Files\Android\Android Studio\jbr\bin\VCRUNTIME140.dll
0x00007ff8e6cc0000 - 0x00007ff8e6cd7000 	C:\Program Files\Android\Android Studio\jbr\bin\jli.dll
0x00007ff90e5d0000 - 0x00007ff90e76e000 	C:\WINDOWS\System32\USER32.dll
0x00007ff90daf0000 - 0x00007ff90db12000 	C:\WINDOWS\System32\win32u.dll
0x00007ff8ee7b0000 - 0x00007ff8eea4a000 	C:\WINDOWS\WinSxS\amd64_microsoft.windows.common-controls_6595b64144ccf1df_6.0.19041.1110_none_60b5254171f9507e\COMCTL32.dll
0x00007ff90e8b0000 - 0x00007ff90e8dc000 	C:\WINDOWS\System32\GDI32.dll
0x00007ff90f680000 - 0x00007ff90f71e000 	C:\WINDOWS\System32\msvcrt.dll
0x00007ff90de50000 - 0x00007ff90df6a000 	C:\WINDOWS\System32\gdi32full.dll
0x00007ff90e070000 - 0x00007ff90e10d000 	C:\WINDOWS\System32\msvcp_win.dll
0x00007ff90fc70000 - 0x00007ff90fca0000 	C:\WINDOWS\System32\IMM32.DLL
0x00007ff905270000 - 0x00007ff90527c000 	C:\Program Files\Android\Android Studio\jbr\bin\vcruntime140_1.dll
0x00007ff8cc200000 - 0x00007ff8cc28d000 	C:\Program Files\Android\Android Studio\jbr\bin\msvcp140.dll
0x00007ff8c2b90000 - 0x00007ff8c37fe000 	C:\Program Files\Android\Android Studio\jbr\bin\server\jvm.dll
0x00007ff90ec70000 - 0x00007ff90ed1e000 	C:\WINDOWS\System32\ADVAPI32.dll
0x00007ff90e8e0000 - 0x00007ff90e97c000 	C:\WINDOWS\System32\sechost.dll
0x00007ff90f4f0000 - 0x00007ff90f616000 	C:\WINDOWS\System32\RPCRT4.dll
0x00007ff8fb300000 - 0x00007ff8fb309000 	C:\WINDOWS\SYSTEM32\WSOCK32.dll
0x00007ff8fdb00000 - 0x00007ff8fdb27000 	C:\WINDOWS\SYSTEM32\WINMM.dll
0x00007ff910260000 - 0x00007ff9102cb000 	C:\WINDOWS\System32\WS2_32.dll
0x00007ff904d00000 - 0x00007ff904d0a000 	C:\WINDOWS\SYSTEM32\VERSION.dll
0x00007ff90c1d0000 - 0x00007ff90c1e2000 	C:\WINDOWS\SYSTEM32\kernel.appcore.dll
0x00007ff906aa0000 - 0x00007ff906aaa000 	C:\Program Files\Android\Android Studio\jbr\bin\jimage.dll
0x00007ff90bef0000 - 0x00007ff90c0d4000 	C:\WINDOWS\SYSTEM32\DBGHELP.DLL
0x00007ff8f77e0000 - 0x00007ff8f7814000 	C:\WINDOWS\SYSTEM32\dbgcore.DLL
0x00007ff90d9f0000 - 0x00007ff90da72000 	C:\WINDOWS\System32\bcryptPrimitives.dll
0x00007ff9051d0000 - 0x00007ff9051f5000 	C:\Program Files\Android\Android Studio\jbr\bin\java.dll
0x00007ff9051b0000 - 0x00007ff9051c8000 	C:\Program Files\Android\Android Studio\jbr\bin\zip.dll
0x00007ff90ed20000 - 0x00007ff90f465000 	C:\WINDOWS\System32\SHELL32.dll
0x00007ff90b680000 - 0x00007ff90be1b000 	C:\WINDOWS\SYSTEM32\windows.storage.dll
0x00007ff90f7e0000 - 0x00007ff90fb34000 	C:\WINDOWS\System32\combase.dll
0x00007ff90d280000 - 0x00007ff90d2ae000 	C:\WINDOWS\SYSTEM32\Wldp.dll
0x00007ff90e520000 - 0x00007ff90e5cd000 	C:\WINDOWS\System32\SHCORE.dll
0x00007ff90e7f0000 - 0x00007ff90e845000 	C:\WINDOWS\System32\shlwapi.dll
0x00007ff90d920000 - 0x00007ff90d945000 	C:\WINDOWS\SYSTEM32\profapi.dll
0x00007ff8ff2d0000 - 0x00007ff8ff2e9000 	C:\Program Files\Android\Android Studio\jbr\bin\net.dll
0x00007ff8ff520000 - 0x00007ff8ff62a000 	C:\WINDOWS\SYSTEM32\WINHTTP.dll
0x00007ff90d060000 - 0x00007ff90d0ca000 	C:\WINDOWS\system32\mswsock.dll
0x00007ff8e7700000 - 0x00007ff8e7716000 	C:\Program Files\Android\Android Studio\jbr\bin\nio.dll
0x00007ff906920000 - 0x00007ff906930000 	C:\Program Files\Android\Android Studio\jbr\bin\verify.dll
0x00007ff905280000 - 0x00007ff9052a7000 	C:\Users\User\.gradle\native\68d5fa5c4cc2d200863cafc0d521ce42e7d3e7ee720ec0a83991735586a16f82\windows-amd64\native-platform.dll
0x00007ff8caa90000 - 0x00007ff8cabd4000 	C:\Users\User\.gradle\native\e376f236ea51e6404a007f0833ffe2c6e607c4080706a723a18a27aeea778392\windows-amd64\native-platform-file-events.dll
0x00007ff905920000 - 0x00007ff905929000 	C:\Program Files\Android\Android Studio\jbr\bin\management.dll
0x00007ff905470000 - 0x00007ff90547b000 	C:\Program Files\Android\Android Studio\jbr\bin\management_ext.dll
0x00007ff9101a0000 - 0x00007ff9101a8000 	C:\WINDOWS\System32\PSAPI.DLL
0x00007ff90d2c0000 - 0x00007ff90d2d8000 	C:\WINDOWS\SYSTEM32\CRYPTSP.dll
0x00007ff90c990000 - 0x00007ff90c9c4000 	C:\WINDOWS\system32\rsaenh.dll
0x00007ff90db20000 - 0x00007ff90db47000 	C:\WINDOWS\System32\bcrypt.dll
0x00007ff90d8e0000 - 0x00007ff90d90e000 	C:\WINDOWS\SYSTEM32\USERENV.dll
0x00007ff90d1f0000 - 0x00007ff90d1fc000 	C:\WINDOWS\SYSTEM32\CRYPTBASE.dll
0x00007ff90cd70000 - 0x00007ff90cdab000 	C:\WINDOWS\SYSTEM32\IPHLPAPI.DLL
0x00007ff90fb40000 - 0x00007ff90fb48000 	C:\WINDOWS\System32\NSI.dll
0x00007ff8fed60000 - 0x00007ff8fed77000 	C:\WINDOWS\SYSTEM32\dhcpcsvc6.DLL
0x00007ff8fec50000 - 0x00007ff8fec6d000 	C:\WINDOWS\SYSTEM32\dhcpcsvc.DLL
0x00007ff90cdb0000 - 0x00007ff90ce7a000 	C:\WINDOWS\SYSTEM32\DNSAPI.dll
0x00007ff905300000 - 0x00007ff905307000 	C:\WINDOWS\system32\wshunix.dll
0x00007ff8e0e60000 - 0x00007ff8e0e77000 	C:\WINDOWS\system32\napinsp.dll
0x00007ff8e0e40000 - 0x00007ff8e0e5b000 	C:\WINDOWS\system32\pnrpnsp.dll
0x00007ff9085f0000 - 0x00007ff908605000 	C:\WINDOWS\system32\wshbth.dll
0x00007ff908f20000 - 0x00007ff908f3d000 	C:\WINDOWS\system32\NLAapi.dll
0x00007ff8e0e20000 - 0x00007ff8e0e32000 	C:\WINDOWS\System32\winrnr.dll
0x00007ff904bb0000 - 0x00007ff904bba000 	C:\Windows\System32\rasadhlp.dll
0x00007ff8fe5f0000 - 0x00007ff8fe672000 	C:\WINDOWS\System32\fwpuclnt.dll
0x00007ff90cab0000 - 0x00007ff90cae3000 	C:\WINDOWS\SYSTEM32\ntmarta.dll
0x00007ff9052e0000 - 0x00007ff9052e7000 	C:\Program Files\Android\Android Studio\jbr\bin\rmi.dll

dbghelp: loaded successfully - version: 4.0.5 - missing functions: none
symbol engine: initialized successfully - sym options: 0x614 - pdb path: .;C:\Program Files\Android\Android Studio\jbr\bin;C:\WINDOWS\SYSTEM32;C:\WINDOWS\WinSxS\amd64_microsoft.windows.common-controls_6595b64144ccf1df_6.0.19041.1110_none_60b5254171f9507e;C:\Program Files\Android\Android Studio\jbr\bin\server;C:\Users\User\.gradle\native\68d5fa5c4cc2d200863cafc0d521ce42e7d3e7ee720ec0a83991735586a16f82\windows-amd64;C:\Users\User\.gradle\native\e376f236ea51e6404a007f0833ffe2c6e607c4080706a723a18a27aeea778392\windows-amd64

VM Arguments:
jvm_args: --add-opens=java.base/java.util=ALL-UNNAMED --add-opens=java.base/java.lang=ALL-UNNAMED --add-opens=java.base/java.lang.invoke=ALL-UNNAMED --add-opens=java.prefs/java.util.prefs=ALL-UNNAMED --add-opens=java.base/java.nio.charset=ALL-UNNAMED --add-opens=java.base/java.net=ALL-UNNAMED --add-opens=java.base/java.util.concurrent.atomic=ALL-UNNAMED -Xmx3G -Dfile.encoding=windows-1251 -Duser.country=RU -Duser.language=ru -Duser.variant 
java_command: org.gradle.launcher.daemon.bootstrap.GradleDaemon 8.0
java_class_path (initial): C:\Users\User\.gradle\wrapper\dists\gradle-8.0-bin\ca5e32bp14vu59qr306oxotwh\gradle-8.0\lib\gradle-launcher-8.0.jar
Launcher Type: SUN_STANDARD

[Global flags]
     intx CICompilerCount                          = 3                                         {product} {ergonomic}
     uint ConcGCThreads                            = 1                                         {product} {ergonomic}
     uint G1ConcRefinementThreads                  = 4                                         {product} {ergonomic}
   size_t G1HeapRegionSize                         = 2097152                                   {product} {ergonomic}
    uintx GCDrainStackTargetSize                   = 64                                        {product} {ergonomic}
   size_t InitialHeapSize                          = 132120576                                 {product} {ergonomic}
   size_t MarkStackSize                            = 4194304                                   {product} {ergonomic}
   size_t MaxHeapSize                              = 3221225472                                {product} {command line}
   size_t MaxNewSize                               = 1931476992                                {product} {ergonomic}
   size_t MinHeapDeltaBytes                        = 2097152                                   {product} {ergonomic}
   size_t MinHeapSize                              = 8388608                                   {product} {ergonomic}
    uintx NonNMethodCodeHeapSize                   = 5832780                                {pd product} {ergonomic}
    uintx NonProfiledCodeHeapSize                  = 122912730                              {pd product} {ergonomic}
    uintx ProfiledCodeHeapSize                     = 122912730                              {pd product} {ergonomic}
    uintx ReservedCodeCacheSize                    = 251658240                              {pd product} {ergonomic}
     bool SegmentedCodeCache                       = true                                      {product} {ergonomic}
   size_t SoftMaxHeapSize                          = 3221225472                             {manageable} {ergonomic}
     bool UseCompressedClassPointers               = true                           {product lp64_product} {ergonomic}
     bool UseCompressedOops                        = true                           {product lp64_product} {ergonomic}
     bool UseG1GC                                  = true                                      {product} {ergonomic}
     bool UseLargePagesIndividualAllocation        = false                                  {pd product} {ergonomic}

Logging:
Log output configuration:
 #0: stdout all=warning uptime,level,tags
 #1: stderr all=off uptime,level,tags

Environment Variables:
JAVA_HOME=C:\Users\User\.jdks\openjdk-20.0.2
PATH=C:\Program Files (x86)\Common Files\Intel\Shared Files\cpp\bin\Intel64;C:\Users\User\gcc\bin;C:\Users\User\gcc\libexec\gcc\x86_64-w64-mingw32\12.2.0;C:\Program Files (x86)\Common Files\Oracle\Java\javapath;C:\WINDOWS\system32;C:\WINDOWS;C:\WINDOWS\System32\Wbem;C:\WINDOWS\System32\WindowsPowerShell\v1.0\;C:\WINDOWS\System32\OpenSSH\;C:\Program Files\dotnet\;C:\Program Files (x86)\Rational\common;C:\Program Files (x86)\Microsoft SQL Server\150\Tools\Binn\;C:\Program Files\Microsoft SQL Server\150\Tools\Binn\;C:\Program Files (x86)\Microsoft SQL Server\150\DTS\Binn\;C:\Program Files\Microsoft SQL Server\150\DTS\Binn\;C:\Program Files\Microsoft SQL Server\Client SDK\ODBC\170\Tools\Binn\;C:\Program Files\Azure Data Studio\bin;C:\Program Files\Microsoft SQL Server\130\Tools\Binn\;D:\Git\cmd;C:\Program Files\nodejs\;C:\cygwin64\bin;C:\Users\User\maven\apache-maven-3.9.4\bin;C:\Users\User\.jdks\openjdk-20.0.2;C:\Users\User\AppData\Local\Programs\Python\Python310\;C:\Users\User\AppData\Local\Microsoft\WindowsApps;C:\Program Files\JetBrains\PyCharm Community Edition 2022.1\bin;;C:\Program Files\Azure Data Studio\bin;C:\Users\User\.dotnet\tools;E:\Microsoft VS Code\bin;C:\Users\User\AppData\Roaming\npm;C:\Program Files (x86)\Java\jre1.8.0_291\bin;
USERNAME=User
OS=Windows_NT
PROCESSOR_IDENTIFIER=Intel64 Family 6 Model 142 Stepping 12, GenuineIntel
TMP=C:\Users\User\AppData\Local\Temp
TEMP=C:\Users\User\AppData\Local\Temp


JNI global refs:
JNI global refs: 26, weak refs: 0

JNI global refs memory usage: 843, weak refs: 841


---------------  S Y S T E M  ---------------

OS:
 Windows 10 , 64 bit Build 19041 (10.0.19041.3393)
OS uptime: 13 days 14:21 hours
Hyper-V role detected

CPU: total 4 (initial active 4) (2 cores per cpu, 2 threads per core) family 6 model 142 stepping 12 microcode 0xd6, cx8, cmov, fxsr, ht, mmx, 3dnowpref, sse, sse2, sse3, ssse3, sse4.1, sse4.2, popcnt, lzcnt, tsc, tscinvbit, avx, avx2, aes, erms, clmul, bmi1, bmi2, adx, fma, vzeroupper, clflush, clflushopt, hv

Memory: 4k page, system-wide physical 8026M (305M free)
TotalPageFile size 14026M (AvailPageFile size 148M)
current process WorkingSet (physical memory assigned to process): 517M, peak: 565M
current process commit charge ("private bytes"): 847M, peak: 1587M

vm_info: OpenJDK 64-Bit Server VM (17.0.6+0-b2043.56-10027231) for windows-amd64 JRE (17.0.6+0-b2043.56-10027231), built on Apr 28 2023 00:43:19 by "androidbuild" with MS VC++ 16.10 / 16.11 (VS2019)

END.
