#
# There is insufficient memory for the Java Runtime Environment to continue.
# Native memory allocation (malloc) failed to allocate 1309776 bytes for Chunk::new
# Possible reasons:
#   The system is out of physical RAM or swap space
#   The process is running with CompressedOops enabled, and the Java Heap may be blocking the growth of the native heap
# Possible solutions:
#   Reduce memory load on the system
#   Increase physical memory or swap space
#   Check if swap backing store is full
#   Decrease Java heap size (-Xmx/-Xms)
#   Decrease number of Java threads
#   Decrease Java thread stack sizes (-Xss)
#   Set larger code cache with -XX:ReservedCodeCacheSize=
#   JVM is running with Zero Based Compressed Oops mode in which the Java heap is
#     placed in the first 32GB address space. The Java Heap base address is the
#     maximum limit for the native heap growth. Please use -XX:HeapBaseMinAddress
#     to set the Java Heap base and to place the Java Heap above 32GB virtual address.
# This output file may be truncated or incomplete.
#
#  Out of Memory Error (arena.cpp:189), pid=6224, tid=2104
#
# JRE version: OpenJDK Runtime Environment (17.0.6) (build 17.0.6+0-b2043.56-10027231)
# Java VM: OpenJDK 64-Bit Server VM (17.0.6+0-b2043.56-10027231, mixed mode, tiered, compressed oops, compressed class ptrs, g1 gc, windows-amd64)
# No core dump will be written. Minidumps are not enabled by default on client versions of Windows
#

---------------  S U M M A R Y ------------

Command Line: --add-opens=java.base/java.util=ALL-UNNAMED --add-opens=java.base/java.lang=ALL-UNNAMED --add-opens=java.base/java.lang.invoke=ALL-UNNAMED --add-opens=java.prefs/java.util.prefs=ALL-UNNAMED --add-opens=java.base/java.nio.charset=ALL-UNNAMED --add-opens=java.base/java.net=ALL-UNNAMED --add-opens=java.base/java.util.concurrent.atomic=ALL-UNNAMED -Xmx3G -Dfile.encoding=windows-1251 -Duser.country=RU -Duser.language=ru -Duser.variant org.gradle.launcher.daemon.bootstrap.GradleDaemon 8.0

Host: Intel(R) Core(TM) i3-10110U CPU @ 2.10GHz, 4 cores, 7G,  Windows 10 , 64 bit Build 19041 (10.0.19041.3393)
Time: Mon Oct  2 13:38:09 2023  Windows 10 , 64 bit Build 19041 (10.0.19041.3393) elapsed time: 50.318427 seconds (0d 0h 0m 50s)

---------------  T H R E A D  ---------------

Current thread (0x000001784685af10):  JavaThread "C2 CompilerThread1" daemon [_thread_in_native, id=2104, stack(0x0000005004b00000,0x0000005004c00000)]


Current CompileTask:
C2:  50318 16886   !   4       org.gradle.internal.service.DefaultServiceRegistry$ManagedObjectServiceProvider::getInstance (47 bytes)

Stack: [0x0000005004b00000,0x0000005004c00000]
Native frames: (J=compiled Java code, j=interpreted, Vv=VM code, C=native code)
V  [jvm.dll+0x683c9a]
V  [jvm.dll+0x8427a4]
V  [jvm.dll+0x843f9e]
V  [jvm.dll+0x844603]
V  [jvm.dll+0x249b75]
V  [jvm.dll+0xabcac]
V  [jvm.dll+0xac27c]
V  [jvm.dll+0x368802]
V  [jvm.dll+0x1bced2]
V  [jvm.dll+0x21c359]
V  [jvm.dll+0x21b621]
V  [jvm.dll+0x1a4fdd]
V  [jvm.dll+0x22b098]
V  [jvm.dll+0x229159]
V  [jvm.dll+0x7f81ec]
V  [jvm.dll+0x7f274a]
V  [jvm.dll+0x682ad5]
C  [ucrtbase.dll+0x21bb2]
C  [KERNEL32.DLL+0x17344]
C  [ntdll.dll+0x526b1]


---------------  P R O C E S S  ---------------

Threads class SMR info:
_java_thread_list=0x00000178513d0b60, length=88, elements={
0x0000017823b5b770, 0x00000178416690c0, 0x0000017841669e40, 0x00000178416986f0,
0x000001784169afc0, 0x000001784169b880, 0x000001784169c140, 0x000001784169cde0,
0x0000017842077050, 0x00000178420888f0, 0x0000017842195390, 0x0000017842195860,
0x00000178444ab790, 0x0000017843837130, 0x0000017843836c60, 0x00000178438362c0,
0x0000017843836790, 0x0000017843834110, 0x0000017843834f80, 0x0000017843835920,
0x0000017843837600, 0x00000178438345e0, 0x0000017843837ad0, 0x0000017843834ab0,
0x0000017843835df0, 0x0000017843835450, 0x0000017844536b80, 0x0000017844537050,
0x000001784453a540, 0x000001784453bd50, 0x0000017844539200, 0x0000017844539ba0,
0x0000017844537ec0, 0x0000017844538390, 0x0000017844534ea0, 0x0000017844535d10,
0x00000178445361e0, 0x000001784453a070, 0x0000017844537520, 0x000001784453aa10,
0x000001784453aee0, 0x0000017844534500, 0x000001784453b3b0, 0x00000178445379f0,
0x000001784453b880, 0x0000017844535370, 0x0000017847050bc0, 0x0000017847054580,
0x0000017847051a30, 0x0000017847054f20, 0x00000178470528a0, 0x000001784704f3b0,
0x0000017847050220, 0x0000017847053710, 0x0000017847051f00, 0x000001784704ea10,
0x00000178470540b0, 0x00000178470523d0, 0x000001784704eee0, 0x0000017847054a50,
0x000001784704f880, 0x0000017847051090, 0x0000017847052d70, 0x000001784704fd50,
0x00000178470506f0, 0x0000017847051560, 0x0000017847053240, 0x00000178470558c0,
0x0000017847053be0, 0x000001784704e070, 0x00000178470553f0, 0x000001784704e540,
0x0000017849e0b890, 0x0000017849e07a00, 0x0000017849e0da40, 0x0000017849e0aa20,
0x0000017849e0a080, 0x0000017849e08870, 0x0000017849e0aef0, 0x0000017849e0a550,
0x0000017849e0e8b0, 0x00000178427d9920, 0x00000178427dac60, 0x00000178427d3db0,
0x00000178427da2c0, 0x00000178427d6430, 0x00000178427d72a0, 0x000001784685af10
}

Java Threads: ( => current thread )
  0x0000017823b5b770 JavaThread "main" [_thread_blocked, id=10344, stack(0x000000507e500000,0x000000507e600000)]
  0x00000178416690c0 JavaThread "Reference Handler" daemon [_thread_blocked, id=9700, stack(0x000000507ec00000,0x000000507ed00000)]
  0x0000017841669e40 JavaThread "Finalizer" daemon [_thread_blocked, id=15408, stack(0x000000507ed00000,0x000000507ee00000)]
  0x00000178416986f0 JavaThread "Signal Dispatcher" daemon [_thread_blocked, id=12080, stack(0x000000507ee00000,0x000000507ef00000)]
  0x000001784169afc0 JavaThread "Attach Listener" daemon [_thread_blocked, id=4520, stack(0x000000507ef00000,0x000000507f000000)]
  0x000001784169b880 JavaThread "Service Thread" daemon [_thread_blocked, id=10956, stack(0x000000507f000000,0x000000507f100000)]
  0x000001784169c140 JavaThread "Monitor Deflation Thread" daemon [_thread_blocked, id=4428, stack(0x000000507f100000,0x000000507f200000)]
  0x000001784169cde0 JavaThread "C2 CompilerThread0" daemon [_thread_in_native, id=15628, stack(0x000000507f200000,0x000000507f300000)]
  0x0000017842077050 JavaThread "C1 CompilerThread0" daemon [_thread_blocked, id=11876, stack(0x000000507f300000,0x000000507f400000)]
  0x00000178420888f0 JavaThread "Sweeper thread" daemon [_thread_blocked, id=11568, stack(0x000000507f400000,0x000000507f500000)]
  0x0000017842195390 JavaThread "Common-Cleaner" daemon [_thread_blocked, id=11552, stack(0x000000507f500000,0x000000507f600000)]
  0x0000017842195860 JavaThread "Notification Thread" daemon [_thread_blocked, id=8392, stack(0x000000507f600000,0x000000507f700000)]
  0x00000178444ab790 JavaThread "Daemon health stats" [_thread_blocked, id=15988, stack(0x000000507fc00000,0x000000507fd00000)]
  0x0000017843837130 JavaThread "Incoming local TCP Connector on port 60475" [_thread_in_native, id=8424, stack(0x000000507fb00000,0x000000507fc00000)]
  0x0000017843836c60 JavaThread "Daemon periodic checks" [_thread_blocked, id=8448, stack(0x000000507fd00000,0x000000507fe00000)]
  0x00000178438362c0 JavaThread "Daemon" [_thread_blocked, id=13176, stack(0x000000507fe00000,0x000000507ff00000)]
  0x0000017843836790 JavaThread "Handler for socket connection from /127.0.0.1:60475 to /127.0.0.1:60476" [_thread_in_native, id=7112, stack(0x000000507ff00000,0x0000005080000000)]
  0x0000017843834110 JavaThread "Cancel handler" [_thread_blocked, id=11120, stack(0x0000005000000000,0x0000005000100000)]
  0x0000017843834f80 JavaThread "Daemon worker" [_thread_in_vm, id=10476, stack(0x0000005000100000,0x0000005000200000)]
  0x0000017843835920 JavaThread "Asynchronous log dispatcher for DefaultDaemonConnection: socket connection from /127.0.0.1:60475 to /127.0.0.1:60476" [_thread_blocked, id=15984, stack(0x0000005000200000,0x0000005000300000)]
  0x0000017843837600 JavaThread "Stdin handler" [_thread_blocked, id=8600, stack(0x0000005000300000,0x0000005000400000)]
  0x00000178438345e0 JavaThread "Daemon client event forwarder" [_thread_blocked, id=11516, stack(0x0000005000400000,0x0000005000500000)]
  0x0000017843837ad0 JavaThread "Cache worker for journal cache (C:\Users\User\.gradle\caches\journal-1)" [_thread_blocked, id=8996, stack(0x0000005000500000,0x0000005000600000)]
  0x0000017843834ab0 JavaThread "File lock request listener" [_thread_in_native, id=7096, stack(0x0000005000600000,0x0000005000700000)]
  0x0000017843835df0 JavaThread "Cache worker for file hash cache (C:\Users\User\.gradle\caches\8.0\fileHashes)" [_thread_blocked, id=9192, stack(0x0000005000700000,0x0000005000800000)]
  0x0000017843835450 JavaThread "File watcher server" daemon [_thread_in_native, id=3084, stack(0x0000005000800000,0x0000005000900000)]
  0x0000017844536b80 JavaThread "File watcher consumer" daemon [_thread_blocked, id=12484, stack(0x0000005000900000,0x0000005000a00000)]
  0x0000017844537050 JavaThread "jar transforms" [_thread_blocked, id=2728, stack(0x0000005000a00000,0x0000005000b00000)]
  0x000001784453a540 JavaThread "jar transforms Thread 2" [_thread_blocked, id=1332, stack(0x0000005000b00000,0x0000005000c00000)]
  0x000001784453bd50 JavaThread "jar transforms Thread 3" [_thread_blocked, id=10380, stack(0x0000005000c00000,0x0000005000d00000)]
  0x0000017844539200 JavaThread "jar transforms Thread 4" [_thread_blocked, id=16236, stack(0x0000005000d00000,0x0000005000e00000)]
  0x0000017844539ba0 JavaThread "Cache worker for checksums cache (E:\учеба\3 курс\ПМИС\solarPlans\.gradle\8.0\checksums)" [_thread_blocked, id=8828, stack(0x0000005000e00000,0x0000005000f00000)]
  0x0000017844537ec0 JavaThread "Cache worker for cache directory md-rule (C:\Users\User\.gradle\caches\8.0\md-rule)" [_thread_blocked, id=14508, stack(0x0000005000f00000,0x0000005001000000)]
  0x0000017844538390 JavaThread "Cache worker for file content cache (C:\Users\User\.gradle\caches\8.0\fileContent)" [_thread_blocked, id=8488, stack(0x0000005001000000,0x0000005001100000)]
  0x0000017844534ea0 JavaThread "Cache worker for file hash cache (E:\учеба\3 курс\ПМИС\solarPlans\.gradle\8.0\fileHashes)" [_thread_blocked, id=5728, stack(0x0000005001100000,0x0000005001200000)]
  0x0000017844535d10 JavaThread "Cache worker for cache directory md-supplier (C:\Users\User\.gradle\caches\8.0\md-supplier)" [_thread_blocked, id=7216, stack(0x0000005001200000,0x0000005001300000)]
  0x00000178445361e0 JavaThread "Cache worker for execution history cache (C:\Users\User\.gradle\caches\8.0\executionHistory)" [_thread_blocked, id=10784, stack(0x0000005001300000,0x0000005001400000)]
  0x000001784453a070 JavaThread "Cache worker for kotlin-dsl (C:\Users\User\.gradle\caches\8.0\kotlin-dsl)" [_thread_blocked, id=14096, stack(0x0000005001400000,0x0000005001500000)]
  0x0000017844537520 JavaThread "Cache worker for dependencies-accessors (E:\учеба\3 курс\ПМИС\solarPlans\.gradle\8.0\dependencies-accessors)" [_thread_blocked, id=15308, stack(0x0000005001500000,0x0000005001600000)]
  0x000001784453aa10 JavaThread "Cache worker for Build Output Cleanup Cache (E:\учеба\3 курс\ПМИС\solarPlans\.gradle\buildOutputCleanup)" [_thread_blocked, id=14424, stack(0x0000005001600000,0x0000005001700000)]
  0x000001784453aee0 JavaThread "Unconstrained build operations" [_thread_blocked, id=7376, stack(0x0000005001700000,0x0000005001800000)]
  0x0000017844534500 JavaThread "Unconstrained build operations Thread 2" [_thread_blocked, id=11888, stack(0x0000005001800000,0x0000005001900000)]
  0x000001784453b3b0 JavaThread "Unconstrained build operations Thread 3" [_thread_blocked, id=10068, stack(0x0000005001900000,0x0000005001a00000)]
  0x00000178445379f0 JavaThread "Unconstrained build operations Thread 4" [_thread_blocked, id=8860, stack(0x0000005001a00000,0x0000005001b00000)]
  0x000001784453b880 JavaThread "Unconstrained build operations Thread 5" [_thread_blocked, id=15052, stack(0x0000005001b00000,0x0000005001c00000)]
  0x0000017844535370 JavaThread "Unconstrained build operations Thread 6" [_thread_blocked, id=14660, stack(0x0000005001c00000,0x0000005001d00000)]
  0x0000017847050bc0 JavaThread "Unconstrained build operations Thread 7" [_thread_blocked, id=11420, stack(0x0000005001d00000,0x0000005001e00000)]
  0x0000017847054580 JavaThread "Unconstrained build operations Thread 8" [_thread_blocked, id=5648, stack(0x0000005001e00000,0x0000005001f00000)]
  0x0000017847051a30 JavaThread "Unconstrained build operations Thread 9" [_thread_blocked, id=13024, stack(0x0000005001f00000,0x0000005002000000)]
  0x0000017847054f20 JavaThread "Unconstrained build operations Thread 10" [_thread_blocked, id=16140, stack(0x0000005002000000,0x0000005002100000)]
  0x00000178470528a0 JavaThread "Unconstrained build operations Thread 11" [_thread_blocked, id=10828, stack(0x0000005002100000,0x0000005002200000)]
  0x000001784704f3b0 JavaThread "Unconstrained build operations Thread 12" [_thread_blocked, id=11436, stack(0x0000005002200000,0x0000005002300000)]
  0x0000017847050220 JavaThread "Unconstrained build operations Thread 13" [_thread_blocked, id=720, stack(0x0000005002300000,0x0000005002400000)]
  0x0000017847053710 JavaThread "Unconstrained build operations Thread 14" [_thread_blocked, id=14408, stack(0x0000005002400000,0x0000005002500000)]
  0x0000017847051f00 JavaThread "Unconstrained build operations Thread 15" [_thread_blocked, id=15720, stack(0x0000005002500000,0x0000005002600000)]
  0x000001784704ea10 JavaThread "Unconstrained build operations Thread 16" [_thread_blocked, id=1060, stack(0x0000005002600000,0x0000005002700000)]
  0x00000178470540b0 JavaThread "Unconstrained build operations Thread 17" [_thread_blocked, id=12244, stack(0x0000005002700000,0x0000005002800000)]
  0x00000178470523d0 JavaThread "Unconstrained build operations Thread 18" [_thread_blocked, id=13880, stack(0x0000005002800000,0x0000005002900000)]
  0x000001784704eee0 JavaThread "Unconstrained build operations Thread 19" [_thread_blocked, id=2452, stack(0x0000005002900000,0x0000005002a00000)]
  0x0000017847054a50 JavaThread "Unconstrained build operations Thread 20" [_thread_blocked, id=13916, stack(0x0000005002a00000,0x0000005002b00000)]
  0x000001784704f880 JavaThread "Unconstrained build operations Thread 21" [_thread_blocked, id=8992, stack(0x0000005002b00000,0x0000005002c00000)]
  0x0000017847051090 JavaThread "Unconstrained build operations Thread 22" [_thread_blocked, id=4292, stack(0x0000005002c00000,0x0000005002d00000)]
  0x0000017847052d70 JavaThread "Unconstrained build operations Thread 23" [_thread_blocked, id=11588, stack(0x0000005002d00000,0x0000005002e00000)]
  0x000001784704fd50 JavaThread "Unconstrained build operations Thread 24" [_thread_blocked, id=12548, stack(0x0000005002e00000,0x0000005002f00000)]
  0x00000178470506f0 JavaThread "Unconstrained build operations Thread 25" [_thread_blocked, id=15960, stack(0x0000005002f00000,0x0000005003000000)]
  0x0000017847051560 JavaThread "Unconstrained build operations Thread 26" [_thread_blocked, id=9620, stack(0x0000005003000000,0x0000005003100000)]
  0x0000017847053240 JavaThread "Unconstrained build operations Thread 27" [_thread_blocked, id=6840, stack(0x0000005003100000,0x0000005003200000)]
  0x00000178470558c0 JavaThread "Unconstrained build operations Thread 28" [_thread_blocked, id=7352, stack(0x0000005003200000,0x0000005003300000)]
  0x0000017847053be0 JavaThread "Unconstrained build operations Thread 29" [_thread_blocked, id=10200, stack(0x0000005003300000,0x0000005003400000)]
  0x000001784704e070 JavaThread "Unconstrained build operations Thread 30" [_thread_blocked, id=15688, stack(0x0000005003400000,0x0000005003500000)]
  0x00000178470553f0 JavaThread "Unconstrained build operations Thread 31" [_thread_blocked, id=12408, stack(0x0000005003500000,0x0000005003600000)]
  0x000001784704e540 JavaThread "Unconstrained build operations Thread 32" [_thread_blocked, id=11068, stack(0x0000005003600000,0x0000005003700000)]
  0x0000017849e0b890 JavaThread "Unconstrained build operations Thread 33" [_thread_blocked, id=8376, stack(0x0000005003700000,0x0000005003800000)]
  0x0000017849e07a00 JavaThread "Unconstrained build operations Thread 34" [_thread_blocked, id=3196, stack(0x0000005003800000,0x0000005003900000)]
  0x0000017849e0da40 JavaThread "Unconstrained build operations Thread 35" [_thread_blocked, id=5168, stack(0x0000005003900000,0x0000005003a00000)]
  0x0000017849e0aa20 JavaThread "Unconstrained build operations Thread 36" [_thread_blocked, id=9860, stack(0x0000005003a00000,0x0000005003b00000)]
  0x0000017849e0a080 JavaThread "Unconstrained build operations Thread 37" [_thread_blocked, id=10080, stack(0x0000005003b00000,0x0000005003c00000)]
  0x0000017849e08870 JavaThread "Unconstrained build operations Thread 38" [_thread_blocked, id=12256, stack(0x0000005003c00000,0x0000005003d00000)]
  0x0000017849e0aef0 JavaThread "Unconstrained build operations Thread 39" [_thread_blocked, id=9996, stack(0x0000005003d00000,0x0000005003e00000)]
  0x0000017849e0a550 JavaThread "Unconstrained build operations Thread 40" [_thread_blocked, id=12556, stack(0x0000005003e00000,0x0000005003f00000)]
  0x0000017849e0e8b0 JavaThread "Memory manager" [_thread_blocked, id=12976, stack(0x0000005004200000,0x0000005004300000)]
  0x00000178427d9920 JavaThread "included builds" [_thread_blocked, id=13332, stack(0x0000005004500000,0x0000005004600000)]
  0x00000178427dac60 JavaThread "Execution worker" [_thread_blocked, id=10492, stack(0x0000005004600000,0x0000005004700000)]
  0x00000178427d3db0 JavaThread "Execution worker Thread 2" [_thread_blocked, id=9624, stack(0x0000005004700000,0x0000005004800000)]
  0x00000178427da2c0 JavaThread "Execution worker Thread 3" [_thread_blocked, id=16116, stack(0x0000005004800000,0x0000005004900000)]
  0x00000178427d6430 JavaThread "Cache worker for execution history cache (E:\учеба\3 курс\ПМИС\solarPlans\.gradle\8.0\executionHistory)" [_thread_blocked, id=3380, stack(0x0000005004900000,0x0000005004a00000)]
  0x00000178427d72a0 JavaThread "idea-tooling-model-converter" [_thread_blocked, id=15576, stack(0x0000005004a00000,0x0000005004b00000)]
=>0x000001784685af10 JavaThread "C2 CompilerThread1" daemon [_thread_in_native, id=2104, stack(0x0000005004b00000,0x0000005004c00000)]

Other Threads:
  0x000001784164f5f0 VMThread "VM Thread" [stack: 0x000000507eb00000,0x000000507ec00000] [id=9592]
  0x0000017842198150 WatcherThread [stack: 0x000000507f700000,0x000000507f800000] [id=3344]
  0x0000017823bb5880 GCTaskThread "GC Thread#0" [stack: 0x000000507e600000,0x000000507e700000] [id=11152]
  0x00000178424c96d0 GCTaskThread "GC Thread#1" [stack: 0x000000507f900000,0x000000507fa00000] [id=12304]
  0x00000178423f9a10 GCTaskThread "GC Thread#2" [stack: 0x000000507fa00000,0x000000507fb00000] [id=13544]
  0x0000017842adbc50 GCTaskThread "GC Thread#3" [stack: 0x000000507f800000,0x000000507f900000] [id=14744]
  0x0000017823bc26d0 ConcurrentGCThread "G1 Main Marker" [stack: 0x000000507e700000,0x000000507e800000] [id=8788]
  0x0000017823bc2ff0 ConcurrentGCThread "G1 Conc#0" [stack: 0x000000507e800000,0x000000507e900000] [id=552]
  0x0000017823c1f5a0 ConcurrentGCThread "G1 Refine#0" [stack: 0x000000507e900000,0x000000507ea00000] [id=15104]
  0x0000017846866940 ConcurrentGCThread "G1 Refine#1" [stack: 0x0000005003f00000,0x0000005004000000] [id=9932]
  0x00000178468660a0 ConcurrentGCThread "G1 Refine#2" [stack: 0x0000005004000000,0x0000005004100000] [id=6696]
  0x0000017846866380 ConcurrentGCThread "G1 Refine#3" [stack: 0x0000005004100000,0x0000005004200000] [id=14140]
  0x0000017823c1fed0 ConcurrentGCThread "G1 Service" [stack: 0x000000507ea00000,0x000000507eb00000] [id=10940]

Threads with active compile tasks:
C2 CompilerThread0    50356 16885       4       org.gradle.internal.service.DefaultServiceRegistry$SingletonService::get (5 bytes)
C2 CompilerThread1    50356 16886   !   4       org.gradle.internal.service.DefaultServiceRegistry$ManagedObjectServiceProvider::getInstance (47 bytes)

VM state: not at safepoint (normal execution)

VM Mutex/Monitor currently owned by a thread: None

Heap address: 0x0000000740000000, size: 3072 MB, Compressed Oops mode: Zero based, Oop shift amount: 3

CDS archive(s) not mapped
Compressed class space mapped at: 0x0000000800000000-0x0000000840000000, reserved size: 1073741824
Narrow klass base: 0x0000000800000000, Narrow klass shift: 0, Narrow klass range: 0x40000000

GC Precious Log:
 CPUs: 4 total, 4 available
 Memory: 8026M
 Large Page Support: Disabled
 NUMA Support: Disabled
 Compressed Oops: Enabled (Zero based)
 Heap Region Size: 2M
 Heap Min Capacity: 8M
 Heap Initial Capacity: 126M
 Heap Max Capacity: 3G
 Pre-touch: Disabled
 Parallel Workers: 4
 Concurrent Workers: 1
 Concurrent Refinement Workers: 4
 Periodic GC: Disabled

Heap:
 garbage-first heap   total 632832K, used 499603K [0x0000000740000000, 0x0000000800000000)
  region size 2048K, 129 young (264192K), 4 survivors (8192K)
 Metaspace       used 154917K, committed 155776K, reserved 1187840K
  class space    used 20025K, committed 20480K, reserved 1048576K

Heap Regions: E=young(eden), S=young(survivor), O=old, HS=humongous(starts), HC=humongous(continues), CS=collection set, F=free, OA=open archive, CA=closed archive, TAMS=top-at-mark-start (previous, next)
|   0|0x0000000740000000, 0x0000000740200000, 0x0000000740200000|100%| O|  |TAMS 0x0000000740200000, 0x0000000740000000| Untracked 
|   1|0x0000000740200000, 0x0000000740400000, 0x0000000740400000|100%|HS|  |TAMS 0x0000000740400000, 0x0000000740200000| Complete 
|   2|0x0000000740400000, 0x0000000740600000, 0x0000000740600000|100%|HC|  |TAMS 0x0000000740600000, 0x0000000740400000| Complete 
|   3|0x0000000740600000, 0x00000007407dcc00, 0x0000000740800000| 93%| O|  |TAMS 0x00000007407dcc00, 0x0000000740600000| Untracked 
|   4|0x0000000740800000, 0x0000000740a00000, 0x0000000740a00000|100%| O|  |TAMS 0x0000000740a00000, 0x0000000740800000| Untracked 
|   5|0x0000000740a00000, 0x0000000740c00000, 0x0000000740c00000|100%| O|  |TAMS 0x0000000740c00000, 0x0000000740a00000| Untracked 
|   6|0x0000000740c00000, 0x0000000740e00000, 0x0000000740e00000|100%| O|  |TAMS 0x0000000740e00000, 0x0000000740c00000| Untracked 
|   7|0x0000000740e00000, 0x0000000741000000, 0x0000000741000000|100%| O|  |TAMS 0x0000000741000000, 0x0000000740e00000| Untracked 
|   8|0x0000000741000000, 0x0000000741200000, 0x0000000741200000|100%| O|  |TAMS 0x0000000741200000, 0x0000000741000000| Untracked 
|   9|0x0000000741200000, 0x0000000741400000, 0x0000000741400000|100%| O|  |TAMS 0x0000000741400000, 0x0000000741200000| Untracked 
|  10|0x0000000741400000, 0x0000000741600000, 0x0000000741600000|100%| O|  |TAMS 0x0000000741600000, 0x0000000741400000| Untracked 
|  11|0x0000000741600000, 0x0000000741800000, 0x0000000741800000|100%|HS|  |TAMS 0x0000000741800000, 0x0000000741600000| Complete 
|  12|0x0000000741800000, 0x0000000741a00000, 0x0000000741a00000|100%|HS|  |TAMS 0x0000000741a00000, 0x0000000741800000| Complete 
|  13|0x0000000741a00000, 0x0000000741c00000, 0x0000000741c00000|100%|HC|  |TAMS 0x0000000741c00000, 0x0000000741a00000| Complete 
|  14|0x0000000741c00000, 0x0000000741e00000, 0x0000000741e00000|100%|HS|  |TAMS 0x0000000741e00000, 0x0000000741c00000| Complete 
|  15|0x0000000741e00000, 0x0000000742000000, 0x0000000742000000|100%|HC|  |TAMS 0x0000000742000000, 0x0000000741e00000| Complete 
|  16|0x0000000742000000, 0x0000000742200000, 0x0000000742200000|100%| O|  |TAMS 0x0000000742200000, 0x0000000742000000| Untracked 
|  17|0x0000000742200000, 0x0000000742400000, 0x0000000742400000|100%|HS|  |TAMS 0x0000000742400000, 0x0000000742200000| Complete 
|  18|0x0000000742400000, 0x0000000742600000, 0x0000000742600000|100%|HC|  |TAMS 0x0000000742600000, 0x0000000742400000| Complete 
|  19|0x0000000742600000, 0x0000000742800000, 0x0000000742800000|100%|HC|  |TAMS 0x0000000742800000, 0x0000000742600000| Complete 
|  20|0x0000000742800000, 0x0000000742a00000, 0x0000000742a00000|100%|HC|  |TAMS 0x0000000742a00000, 0x0000000742800000| Complete 
|  21|0x0000000742a00000, 0x0000000742c00000, 0x0000000742c00000|100%|HC|  |TAMS 0x0000000742c00000, 0x0000000742a00000| Complete 
|  22|0x0000000742c00000, 0x0000000742e00000, 0x0000000742e00000|100%|HC|  |TAMS 0x0000000742e00000, 0x0000000742c00000| Complete 
|  23|0x0000000742e00000, 0x0000000743000000, 0x0000000743000000|100%|HS|  |TAMS 0x0000000743000000, 0x0000000742e00000| Complete 
|  24|0x0000000743000000, 0x0000000743200000, 0x0000000743200000|100%| O|  |TAMS 0x0000000743200000, 0x0000000743000000| Untracked 
|  25|0x0000000743200000, 0x0000000743400000, 0x0000000743400000|100%| O|  |TAMS 0x0000000743400000, 0x0000000743200000| Untracked 
|  26|0x0000000743400000, 0x0000000743600000, 0x0000000743600000|100%| O|  |TAMS 0x0000000743600000, 0x0000000743400000| Untracked 
|  27|0x0000000743600000, 0x0000000743800000, 0x0000000743800000|100%|HS|  |TAMS 0x0000000743800000, 0x0000000743600000| Complete 
|  28|0x0000000743800000, 0x0000000743a00000, 0x0000000743a00000|100%|HC|  |TAMS 0x0000000743a00000, 0x0000000743800000| Complete 
|  29|0x0000000743a00000, 0x0000000743c00000, 0x0000000743c00000|100%| O|  |TAMS 0x0000000743c00000, 0x0000000743a00000| Untracked 
|  30|0x0000000743c00000, 0x0000000743e00000, 0x0000000743e00000|100%|HS|  |TAMS 0x0000000743e00000, 0x0000000743c00000| Complete 
|  31|0x0000000743e00000, 0x0000000744000000, 0x0000000744000000|100%|HC|  |TAMS 0x0000000744000000, 0x0000000743e00000| Complete 
|  32|0x0000000744000000, 0x0000000744200000, 0x0000000744200000|100%| O|  |TAMS 0x0000000744200000, 0x0000000744000000| Untracked 
|  33|0x0000000744200000, 0x0000000744400000, 0x0000000744400000|100%| O|  |TAMS 0x0000000744400000, 0x0000000744200000| Untracked 
|  34|0x0000000744400000, 0x0000000744600000, 0x0000000744600000|100%| O|  |TAMS 0x0000000744600000, 0x0000000744400000| Untracked 
|  35|0x0000000744600000, 0x0000000744800000, 0x0000000744800000|100%| O|  |TAMS 0x0000000744800000, 0x0000000744600000| Untracked 
|  36|0x0000000744800000, 0x0000000744a00000, 0x0000000744a00000|100%| O|  |TAMS 0x0000000744a00000, 0x0000000744800000| Untracked 
|  37|0x0000000744a00000, 0x0000000744c00000, 0x0000000744c00000|100%| O|  |TAMS 0x0000000744c00000, 0x0000000744a00000| Untracked 
|  38|0x0000000744c00000, 0x0000000744e00000, 0x0000000744e00000|100%| O|  |TAMS 0x0000000744e00000, 0x0000000744c00000| Untracked 
|  39|0x0000000744e00000, 0x0000000745000000, 0x0000000745000000|100%|HS|  |TAMS 0x0000000745000000, 0x0000000744e00000| Complete 
|  40|0x0000000745000000, 0x0000000745200000, 0x0000000745200000|100%|HS|  |TAMS 0x0000000745200000, 0x0000000745000000| Complete 
|  41|0x0000000745200000, 0x0000000745400000, 0x0000000745400000|100%|HC|  |TAMS 0x0000000745400000, 0x0000000745200000| Complete 
|  42|0x0000000745400000, 0x0000000745600000, 0x0000000745600000|100%| O|  |TAMS 0x0000000745600000, 0x0000000745400000| Untracked 
|  43|0x0000000745600000, 0x0000000745800000, 0x0000000745800000|100%| O|  |TAMS 0x0000000745800000, 0x0000000745600000| Untracked 
|  44|0x0000000745800000, 0x0000000745a00000, 0x0000000745a00000|100%| O|  |TAMS 0x0000000745a00000, 0x0000000745800000| Untracked 
|  45|0x0000000745a00000, 0x0000000745c00000, 0x0000000745c00000|100%| O|  |TAMS 0x0000000745c00000, 0x0000000745a00000| Untracked 
|  46|0x0000000745c00000, 0x0000000745e00000, 0x0000000745e00000|100%| O|  |TAMS 0x0000000745e00000, 0x0000000745c00000| Untracked 
|  47|0x0000000745e00000, 0x0000000746000000, 0x0000000746000000|100%| O|  |TAMS 0x0000000746000000, 0x0000000745e00000| Untracked 
|  48|0x0000000746000000, 0x0000000746200000, 0x0000000746200000|100%|HS|  |TAMS 0x0000000746200000, 0x0000000746000000| Complete 
|  49|0x0000000746200000, 0x0000000746400000, 0x0000000746400000|100%|HC|  |TAMS 0x0000000746400000, 0x0000000746200000| Complete 
|  50|0x0000000746400000, 0x0000000746600000, 0x0000000746600000|100%| O|  |TAMS 0x0000000746600000, 0x0000000746400000| Untracked 
|  51|0x0000000746600000, 0x0000000746800000, 0x0000000746800000|100%| O|  |TAMS 0x0000000746800000, 0x0000000746600000| Untracked 
|  52|0x0000000746800000, 0x0000000746a00000, 0x0000000746a00000|100%| O|  |TAMS 0x0000000746a00000, 0x0000000746800000| Untracked 
|  53|0x0000000746a00000, 0x0000000746c00000, 0x0000000746c00000|100%| O|  |TAMS 0x0000000746c00000, 0x0000000746a00000| Untracked 
|  54|0x0000000746c00000, 0x0000000746e00000, 0x0000000746e00000|100%| O|  |TAMS 0x0000000746e00000, 0x0000000746c00000| Untracked 
|  55|0x0000000746e00000, 0x0000000747000000, 0x0000000747000000|100%| O|  |TAMS 0x0000000747000000, 0x0000000746e00000| Untracked 
|  56|0x0000000747000000, 0x0000000747200000, 0x0000000747200000|100%| O|  |TAMS 0x0000000747200000, 0x0000000747000000| Untracked 
|  57|0x0000000747200000, 0x0000000747400000, 0x0000000747400000|100%| O|  |TAMS 0x0000000747400000, 0x0000000747200000| Untracked 
|  58|0x0000000747400000, 0x0000000747600000, 0x0000000747600000|100%| O|  |TAMS 0x0000000747600000, 0x0000000747400000| Untracked 
|  59|0x0000000747600000, 0x0000000747800000, 0x0000000747800000|100%| O|  |TAMS 0x0000000747800000, 0x0000000747600000| Untracked 
|  60|0x0000000747800000, 0x0000000747a00000, 0x0000000747a00000|100%| O|  |TAMS 0x0000000747a00000, 0x0000000747800000| Untracked 
|  61|0x0000000747a00000, 0x0000000747c00000, 0x0000000747c00000|100%| O|  |TAMS 0x0000000747c00000, 0x0000000747a00000| Untracked 
|  62|0x0000000747c00000, 0x0000000747e00000, 0x0000000747e00000|100%|HS|  |TAMS 0x0000000747e00000, 0x0000000747c00000| Complete 
|  63|0x0000000747e00000, 0x0000000748000000, 0x0000000748000000|100%| O|  |TAMS 0x0000000747e00000, 0x0000000747e00000| Untracked 
|  64|0x0000000748000000, 0x00000007481e0c00, 0x0000000748200000| 93%| O|  |TAMS 0x0000000748000000, 0x0000000748000000| Untracked 
|  65|0x0000000748200000, 0x0000000748400000, 0x0000000748400000|100%|HS|  |TAMS 0x0000000748200000, 0x0000000748200000| Complete 
|  66|0x0000000748400000, 0x0000000748600000, 0x0000000748600000|100%| O|  |TAMS 0x0000000748600000, 0x0000000748400000| Untracked 
|  67|0x0000000748600000, 0x0000000748800000, 0x0000000748800000|100%|HS|  |TAMS 0x0000000748600000, 0x0000000748600000| Complete 
|  68|0x0000000748800000, 0x0000000748a00000, 0x0000000748a00000|100%| O|  |TAMS 0x0000000748a00000, 0x0000000748800000| Untracked 
|  69|0x0000000748a00000, 0x0000000748c00000, 0x0000000748c00000|100%| O|  |TAMS 0x0000000748c00000, 0x0000000748a00000| Untracked 
|  70|0x0000000748c00000, 0x0000000748e00000, 0x0000000748e00000|100%| O|  |TAMS 0x0000000748e00000, 0x0000000748c00000| Untracked 
|  71|0x0000000748e00000, 0x0000000749000000, 0x0000000749000000|100%| O|  |TAMS 0x0000000749000000, 0x0000000748e00000| Untracked 
|  72|0x0000000749000000, 0x0000000749200000, 0x0000000749200000|100%| O|  |TAMS 0x0000000749200000, 0x0000000749000000| Untracked 
|  73|0x0000000749200000, 0x0000000749400000, 0x0000000749400000|100%|HS|  |TAMS 0x0000000749200000, 0x0000000749200000| Complete 
|  74|0x0000000749400000, 0x0000000749600000, 0x0000000749600000|100%|HS|  |TAMS 0x0000000749400000, 0x0000000749400000| Complete 
|  75|0x0000000749600000, 0x0000000749800000, 0x0000000749800000|100%|HS|  |TAMS 0x0000000749600000, 0x0000000749600000| Complete 
|  76|0x0000000749800000, 0x0000000749a00000, 0x0000000749a00000|100%| O|  |TAMS 0x0000000749a00000, 0x0000000749800000| Untracked 
|  77|0x0000000749a00000, 0x0000000749c00000, 0x0000000749c00000|100%| O|  |TAMS 0x0000000749c00000, 0x0000000749a00000| Untracked 
|  78|0x0000000749c00000, 0x0000000749e00000, 0x0000000749e00000|100%| O|  |TAMS 0x0000000749e00000, 0x0000000749c00000| Untracked 
|  79|0x0000000749e00000, 0x000000074a000000, 0x000000074a000000|100%| O|  |TAMS 0x000000074a000000, 0x0000000749e00000| Untracked 
|  80|0x000000074a000000, 0x000000074a200000, 0x000000074a200000|100%| O|  |TAMS 0x000000074a200000, 0x000000074a000000| Untracked 
|  81|0x000000074a200000, 0x000000074a400000, 0x000000074a400000|100%| O|  |TAMS 0x000000074a400000, 0x000000074a200000| Untracked 
|  82|0x000000074a400000, 0x000000074a600000, 0x000000074a600000|100%| O|  |TAMS 0x000000074a600000, 0x000000074a400000| Untracked 
|  83|0x000000074a600000, 0x000000074a800000, 0x000000074a800000|100%| O|  |TAMS 0x000000074a800000, 0x000000074a600000| Untracked 
|  84|0x000000074a800000, 0x000000074aa00000, 0x000000074aa00000|100%| O|  |TAMS 0x000000074aa00000, 0x000000074a800000| Untracked 
|  85|0x000000074aa00000, 0x000000074ac00000, 0x000000074ac00000|100%| O|  |TAMS 0x000000074ac00000, 0x000000074aa00000| Untracked 
|  86|0x000000074ac00000, 0x000000074ae00000, 0x000000074ae00000|100%|HS|  |TAMS 0x000000074ac00000, 0x000000074ac00000| Complete 
|  87|0x000000074ae00000, 0x000000074b000000, 0x000000074b000000|100%|HS|  |TAMS 0x000000074ae00000, 0x000000074ae00000| Complete 
|  88|0x000000074b000000, 0x000000074b200000, 0x000000074b200000|100%|HS|  |TAMS 0x000000074b000000, 0x000000074b000000| Complete 
|  89|0x000000074b200000, 0x000000074b400000, 0x000000074b400000|100%| O|  |TAMS 0x000000074b200000, 0x000000074b200000| Untracked 
|  90|0x000000074b400000, 0x000000074b400000, 0x000000074b600000|  0%| F|  |TAMS 0x000000074b400000, 0x000000074b400000| Untracked 
|  91|0x000000074b600000, 0x000000074b600000, 0x000000074b800000|  0%| F|  |TAMS 0x000000074b600000, 0x000000074b600000| Untracked 
|  92|0x000000074b800000, 0x000000074ba00000, 0x000000074ba00000|100%| O|  |TAMS 0x000000074ba00000, 0x000000074b800000| Untracked 
|  93|0x000000074ba00000, 0x000000074bc00000, 0x000000074bc00000|100%| O|  |TAMS 0x000000074bc00000, 0x000000074ba00000| Untracked 
|  94|0x000000074bc00000, 0x000000074be00000, 0x000000074be00000|100%| O|  |TAMS 0x000000074be00000, 0x000000074bc00000| Untracked 
|  95|0x000000074be00000, 0x000000074c000000, 0x000000074c000000|100%| O|  |TAMS 0x000000074bf29600, 0x000000074be00000| Untracked 
|  96|0x000000074c000000, 0x000000074c200000, 0x000000074c200000|100%|HS|  |TAMS 0x000000074c200000, 0x000000074c000000| Complete 
|  97|0x000000074c200000, 0x000000074c400000, 0x000000074c400000|100%|HC|  |TAMS 0x000000074c400000, 0x000000074c200000| Complete 
|  98|0x000000074c400000, 0x000000074c600000, 0x000000074c600000|100%|HS|  |TAMS 0x000000074c600000, 0x000000074c400000| Complete 
|  99|0x000000074c600000, 0x000000074c800000, 0x000000074c800000|100%|HC|  |TAMS 0x000000074c800000, 0x000000074c600000| Complete 
| 100|0x000000074c800000, 0x000000074ca00000, 0x000000074ca00000|100%|HS|  |TAMS 0x000000074ca00000, 0x000000074c800000| Complete 
| 101|0x000000074ca00000, 0x000000074cc00000, 0x000000074cc00000|100%|HC|  |TAMS 0x000000074cc00000, 0x000000074ca00000| Complete 
| 102|0x000000074cc00000, 0x000000074ce00000, 0x000000074ce00000|100%|HC|  |TAMS 0x000000074ce00000, 0x000000074cc00000| Complete 
| 103|0x000000074ce00000, 0x000000074d000000, 0x000000074d000000|100%|HC|  |TAMS 0x000000074d000000, 0x000000074ce00000| Complete 
| 104|0x000000074d000000, 0x000000074d200000, 0x000000074d200000|100%|HC|  |TAMS 0x000000074d200000, 0x000000074d000000| Complete 
| 105|0x000000074d200000, 0x000000074d400000, 0x000000074d400000|100%|HC|  |TAMS 0x000000074d400000, 0x000000074d200000| Complete 
| 106|0x000000074d400000, 0x000000074d600000, 0x000000074d600000|100%|HS|  |TAMS 0x000000074d600000, 0x000000074d400000| Complete 
| 107|0x000000074d600000, 0x000000074d800000, 0x000000074d800000|100%| O|  |TAMS 0x000000074d600000, 0x000000074d600000| Untracked 
| 108|0x000000074d800000, 0x000000074d800000, 0x000000074da00000|  0%| F|  |TAMS 0x000000074d800000, 0x000000074d800000| Untracked 
| 109|0x000000074da00000, 0x000000074dc00000, 0x000000074dc00000|100%| O|  |TAMS 0x000000074da00000, 0x000000074da00000| Untracked 
| 110|0x000000074dc00000, 0x000000074de00000, 0x000000074de00000|100%| O|  |TAMS 0x000000074dc00000, 0x000000074dc00000| Untracked 
| 111|0x000000074de00000, 0x000000074e000000, 0x000000074e000000|100%| O|  |TAMS 0x000000074de00000, 0x000000074de00000| Untracked 
| 112|0x000000074e000000, 0x000000074e200000, 0x000000074e200000|100%| O|  |TAMS 0x000000074e000000, 0x000000074e000000| Untracked 
| 113|0x000000074e200000, 0x000000074e400000, 0x000000074e400000|100%| O|  |TAMS 0x000000074e200000, 0x000000074e200000| Untracked 
| 114|0x000000074e400000, 0x000000074e600000, 0x000000074e600000|100%| O|  |TAMS 0x000000074e400000, 0x000000074e400000| Untracked 
| 115|0x000000074e600000, 0x000000074e800000, 0x000000074e800000|100%| O|  |TAMS 0x000000074e600000, 0x000000074e600000| Untracked 
| 116|0x000000074e800000, 0x000000074ea00000, 0x000000074ea00000|100%| O|  |TAMS 0x000000074e800000, 0x000000074e800000| Untracked 
| 117|0x000000074ea00000, 0x000000074ec00000, 0x000000074ec00000|100%| O|  |TAMS 0x000000074ea00000, 0x000000074ea00000| Untracked 
| 118|0x000000074ec00000, 0x000000074ee00000, 0x000000074ee00000|100%| O|  |TAMS 0x000000074ec00000, 0x000000074ec00000| Untracked 
| 119|0x000000074ee00000, 0x000000074f000000, 0x000000074f000000|100%| O|  |TAMS 0x000000074ee00000, 0x000000074ee00000| Untracked 
| 120|0x000000074f000000, 0x000000074f000000, 0x000000074f200000|  0%| F|  |TAMS 0x000000074f000000, 0x000000074f000000| Untracked 
| 121|0x000000074f200000, 0x000000074f200000, 0x000000074f400000|  0%| F|  |TAMS 0x000000074f200000, 0x000000074f200000| Untracked 
| 122|0x000000074f400000, 0x000000074f400000, 0x000000074f600000|  0%| F|  |TAMS 0x000000074f400000, 0x000000074f400000| Untracked 
| 123|0x000000074f600000, 0x000000074f600000, 0x000000074f800000|  0%| F|  |TAMS 0x000000074f600000, 0x000000074f600000| Untracked 
| 124|0x000000074f800000, 0x000000074f800000, 0x000000074fa00000|  0%| F|  |TAMS 0x000000074f800000, 0x000000074f800000| Untracked 
| 125|0x000000074fa00000, 0x000000074fa00000, 0x000000074fc00000|  0%| F|  |TAMS 0x000000074fa00000, 0x000000074fa00000| Untracked 
| 126|0x000000074fc00000, 0x000000074fc00000, 0x000000074fe00000|  0%| F|  |TAMS 0x000000074fc00000, 0x000000074fc00000| Untracked 
| 127|0x000000074fe00000, 0x000000074fe00000, 0x0000000750000000|  0%| F|  |TAMS 0x000000074fe00000, 0x000000074fe00000| Untracked 
| 128|0x0000000750000000, 0x0000000750200000, 0x0000000750200000|100%| O|  |TAMS 0x0000000750000000, 0x0000000750000000| Untracked 
| 129|0x0000000750200000, 0x0000000750200000, 0x0000000750400000|  0%| F|  |TAMS 0x0000000750200000, 0x0000000750200000| Untracked 
| 130|0x0000000750400000, 0x0000000750400000, 0x0000000750600000|  0%| F|  |TAMS 0x0000000750400000, 0x0000000750400000| Untracked 
| 131|0x0000000750600000, 0x0000000750600000, 0x0000000750800000|  0%| F|  |TAMS 0x0000000750600000, 0x0000000750600000| Untracked 
| 132|0x0000000750800000, 0x0000000750800000, 0x0000000750a00000|  0%| F|  |TAMS 0x0000000750800000, 0x0000000750800000| Untracked 
| 133|0x0000000750a00000, 0x0000000750a00000, 0x0000000750c00000|  0%| F|  |TAMS 0x0000000750a00000, 0x0000000750a00000| Untracked 
| 134|0x0000000750c00000, 0x0000000750c00000, 0x0000000750e00000|  0%| F|  |TAMS 0x0000000750c00000, 0x0000000750c00000| Untracked 
| 135|0x0000000750e00000, 0x0000000750e00000, 0x0000000751000000|  0%| F|  |TAMS 0x0000000750e00000, 0x0000000750e00000| Untracked 
| 136|0x0000000751000000, 0x0000000751000000, 0x0000000751200000|  0%| F|  |TAMS 0x0000000751000000, 0x0000000751000000| Untracked 
| 137|0x0000000751200000, 0x0000000751200000, 0x0000000751400000|  0%| F|  |TAMS 0x0000000751200000, 0x0000000751200000| Untracked 
| 138|0x0000000751400000, 0x0000000751400000, 0x0000000751600000|  0%| F|  |TAMS 0x0000000751400000, 0x0000000751400000| Untracked 
| 139|0x0000000751600000, 0x0000000751600000, 0x0000000751800000|  0%| F|  |TAMS 0x0000000751600000, 0x0000000751600000| Untracked 
| 140|0x0000000751800000, 0x0000000751800000, 0x0000000751a00000|  0%| F|  |TAMS 0x0000000751800000, 0x0000000751800000| Untracked 
| 141|0x0000000751a00000, 0x0000000751a00000, 0x0000000751c00000|  0%| F|  |TAMS 0x0000000751a00000, 0x0000000751a00000| Untracked 
| 142|0x0000000751c00000, 0x0000000751c00000, 0x0000000751e00000|  0%| F|  |TAMS 0x0000000751c00000, 0x0000000751c00000| Untracked 
| 143|0x0000000751e00000, 0x0000000751e00000, 0x0000000752000000|  0%| F|  |TAMS 0x0000000751e00000, 0x0000000751e00000| Untracked 
| 144|0x0000000752000000, 0x0000000752000000, 0x0000000752200000|  0%| F|  |TAMS 0x0000000752000000, 0x0000000752000000| Untracked 
| 145|0x0000000752200000, 0x0000000752200000, 0x0000000752400000|  0%| F|  |TAMS 0x0000000752200000, 0x0000000752200000| Untracked 
| 146|0x0000000752400000, 0x0000000752427750, 0x0000000752600000|  7%| S|CS|TAMS 0x0000000752400000, 0x0000000752400000| Complete 
| 147|0x0000000752600000, 0x0000000752800000, 0x0000000752800000|100%| S|CS|TAMS 0x0000000752600000, 0x0000000752600000| Complete 
| 148|0x0000000752800000, 0x0000000752a00000, 0x0000000752a00000|100%| S|CS|TAMS 0x0000000752800000, 0x0000000752800000| Complete 
| 149|0x0000000752a00000, 0x0000000752c00000, 0x0000000752c00000|100%| S|CS|TAMS 0x0000000752a00000, 0x0000000752a00000| Complete 
| 150|0x0000000752c00000, 0x0000000752c00000, 0x0000000752e00000|  0%| F|  |TAMS 0x0000000752c00000, 0x0000000752c00000| Untracked 
| 151|0x0000000752e00000, 0x0000000752e00000, 0x0000000753000000|  0%| F|  |TAMS 0x0000000752e00000, 0x0000000752e00000| Untracked 
| 152|0x0000000753000000, 0x0000000753000000, 0x0000000753200000|  0%| F|  |TAMS 0x0000000753000000, 0x0000000753000000| Untracked 
| 153|0x0000000753200000, 0x0000000753200000, 0x0000000753400000|  0%| F|  |TAMS 0x0000000753200000, 0x0000000753200000| Untracked 
| 154|0x0000000753400000, 0x0000000753400000, 0x0000000753600000|  0%| F|  |TAMS 0x0000000753400000, 0x0000000753400000| Untracked 
| 155|0x0000000753600000, 0x0000000753600000, 0x0000000753800000|  0%| F|  |TAMS 0x0000000753600000, 0x0000000753600000| Untracked 
| 156|0x0000000753800000, 0x0000000753800000, 0x0000000753a00000|  0%| F|  |TAMS 0x0000000753800000, 0x0000000753800000| Untracked 
| 157|0x0000000753a00000, 0x0000000753a00000, 0x0000000753c00000|  0%| F|  |TAMS 0x0000000753a00000, 0x0000000753a00000| Untracked 
| 158|0x0000000753c00000, 0x0000000753c00000, 0x0000000753e00000|  0%| F|  |TAMS 0x0000000753c00000, 0x0000000753c00000| Untracked 
| 159|0x0000000753e00000, 0x0000000753e00000, 0x0000000754000000|  0%| F|  |TAMS 0x0000000753e00000, 0x0000000753e00000| Untracked 
| 160|0x0000000754000000, 0x0000000754000000, 0x0000000754200000|  0%| F|  |TAMS 0x0000000754000000, 0x0000000754000000| Untracked 
| 161|0x0000000754200000, 0x0000000754200000, 0x0000000754400000|  0%| F|  |TAMS 0x0000000754200000, 0x0000000754200000| Untracked 
| 162|0x0000000754400000, 0x0000000754400000, 0x0000000754600000|  0%| F|  |TAMS 0x0000000754400000, 0x0000000754400000| Untracked 
| 163|0x0000000754600000, 0x0000000754600000, 0x0000000754800000|  0%| F|  |TAMS 0x0000000754600000, 0x0000000754600000| Untracked 
| 164|0x0000000754800000, 0x0000000754800000, 0x0000000754a00000|  0%| F|  |TAMS 0x0000000754800000, 0x0000000754800000| Untracked 
| 165|0x0000000754a00000, 0x0000000754a00000, 0x0000000754c00000|  0%| F|  |TAMS 0x0000000754a00000, 0x0000000754a00000| Untracked 
| 166|0x0000000754c00000, 0x0000000754c00000, 0x0000000754e00000|  0%| F|  |TAMS 0x0000000754c00000, 0x0000000754c00000| Untracked 
| 167|0x0000000754e00000, 0x0000000754e00000, 0x0000000755000000|  0%| F|  |TAMS 0x0000000754e00000, 0x0000000754e00000| Untracked 
| 168|0x0000000755000000, 0x0000000755000000, 0x0000000755200000|  0%| F|  |TAMS 0x0000000755000000, 0x0000000755000000| Untracked 
| 169|0x0000000755200000, 0x0000000755200000, 0x0000000755400000|  0%| F|  |TAMS 0x0000000755200000, 0x0000000755200000| Untracked 
| 170|0x0000000755400000, 0x0000000755400000, 0x0000000755600000|  0%| F|  |TAMS 0x0000000755400000, 0x0000000755400000| Untracked 
| 171|0x0000000755600000, 0x0000000755600000, 0x0000000755800000|  0%| F|  |TAMS 0x0000000755600000, 0x0000000755600000| Untracked 
| 172|0x0000000755800000, 0x0000000755800000, 0x0000000755a00000|  0%| F|  |TAMS 0x0000000755800000, 0x0000000755800000| Untracked 
| 173|0x0000000755a00000, 0x0000000755a00000, 0x0000000755c00000|  0%| F|  |TAMS 0x0000000755a00000, 0x0000000755a00000| Untracked 
| 174|0x0000000755c00000, 0x0000000755c00000, 0x0000000755e00000|  0%| F|  |TAMS 0x0000000755c00000, 0x0000000755c00000| Untracked 
| 175|0x0000000755e00000, 0x0000000755e00000, 0x0000000756000000|  0%| F|  |TAMS 0x0000000755e00000, 0x0000000755e00000| Untracked 
| 176|0x0000000756000000, 0x0000000756000000, 0x0000000756200000|  0%| F|  |TAMS 0x0000000756000000, 0x0000000756000000| Untracked 
| 177|0x0000000756200000, 0x0000000756200000, 0x0000000756400000|  0%| F|  |TAMS 0x0000000756200000, 0x0000000756200000| Untracked 
| 178|0x0000000756400000, 0x0000000756400000, 0x0000000756600000|  0%| F|  |TAMS 0x0000000756400000, 0x0000000756400000| Untracked 
| 179|0x0000000756600000, 0x0000000756600000, 0x0000000756800000|  0%| F|  |TAMS 0x0000000756600000, 0x0000000756600000| Untracked 
| 180|0x0000000756800000, 0x0000000756800000, 0x0000000756a00000|  0%| F|  |TAMS 0x0000000756800000, 0x0000000756800000| Untracked 
| 181|0x0000000756a00000, 0x0000000756a00000, 0x0000000756c00000|  0%| F|  |TAMS 0x0000000756a00000, 0x0000000756a00000| Untracked 
| 182|0x0000000756c00000, 0x0000000756c00000, 0x0000000756e00000|  0%| F|  |TAMS 0x0000000756c00000, 0x0000000756c00000| Untracked 
| 183|0x0000000756e00000, 0x0000000756e00000, 0x0000000757000000|  0%| F|  |TAMS 0x0000000756e00000, 0x0000000756e00000| Untracked 
| 184|0x0000000757000000, 0x0000000757100800, 0x0000000757200000| 50%| E|  |TAMS 0x0000000757000000, 0x0000000757000000| Complete 
| 185|0x0000000757200000, 0x0000000757400000, 0x0000000757400000|100%| E|CS|TAMS 0x0000000757200000, 0x0000000757200000| Complete 
| 186|0x0000000757400000, 0x0000000757600000, 0x0000000757600000|100%| E|CS|TAMS 0x0000000757400000, 0x0000000757400000| Complete 
| 187|0x0000000757600000, 0x0000000757800000, 0x0000000757800000|100%| E|  |TAMS 0x0000000757600000, 0x0000000757600000| Complete 
| 188|0x0000000757800000, 0x0000000757a00000, 0x0000000757a00000|100%| E|CS|TAMS 0x0000000757800000, 0x0000000757800000| Complete 
| 189|0x0000000757a00000, 0x0000000757c00000, 0x0000000757c00000|100%| E|CS|TAMS 0x0000000757a00000, 0x0000000757a00000| Complete 
| 190|0x0000000757c00000, 0x0000000757e00000, 0x0000000757e00000|100%| E|CS|TAMS 0x0000000757c00000, 0x0000000757c00000| Complete 
| 191|0x0000000757e00000, 0x0000000758000000, 0x0000000758000000|100%| E|CS|TAMS 0x0000000757e00000, 0x0000000757e00000| Complete 
| 192|0x0000000758000000, 0x0000000758200000, 0x0000000758200000|100%| E|CS|TAMS 0x0000000758000000, 0x0000000758000000| Complete 
| 193|0x0000000758200000, 0x0000000758400000, 0x0000000758400000|100%| E|CS|TAMS 0x0000000758200000, 0x0000000758200000| Complete 
| 194|0x0000000758400000, 0x0000000758600000, 0x0000000758600000|100%| E|CS|TAMS 0x0000000758400000, 0x0000000758400000| Complete 
| 195|0x0000000758600000, 0x0000000758800000, 0x0000000758800000|100%| E|CS|TAMS 0x0000000758600000, 0x0000000758600000| Complete 
| 196|0x0000000758800000, 0x0000000758a00000, 0x0000000758a00000|100%| E|CS|TAMS 0x0000000758800000, 0x0000000758800000| Complete 
| 197|0x0000000758a00000, 0x0000000758c00000, 0x0000000758c00000|100%| E|CS|TAMS 0x0000000758a00000, 0x0000000758a00000| Complete 
| 198|0x0000000758c00000, 0x0000000758e00000, 0x0000000758e00000|100%| E|CS|TAMS 0x0000000758c00000, 0x0000000758c00000| Complete 
| 199|0x0000000758e00000, 0x0000000759000000, 0x0000000759000000|100%| E|CS|TAMS 0x0000000758e00000, 0x0000000758e00000| Complete 
| 200|0x0000000759000000, 0x0000000759200000, 0x0000000759200000|100%| E|CS|TAMS 0x0000000759000000, 0x0000000759000000| Complete 
| 201|0x0000000759200000, 0x0000000759400000, 0x0000000759400000|100%| E|CS|TAMS 0x0000000759200000, 0x0000000759200000| Complete 
| 202|0x0000000759400000, 0x0000000759600000, 0x0000000759600000|100%| E|CS|TAMS 0x0000000759400000, 0x0000000759400000| Complete 
| 203|0x0000000759600000, 0x0000000759800000, 0x0000000759800000|100%| E|CS|TAMS 0x0000000759600000, 0x0000000759600000| Complete 
| 204|0x0000000759800000, 0x0000000759a00000, 0x0000000759a00000|100%| E|CS|TAMS 0x0000000759800000, 0x0000000759800000| Complete 
| 205|0x0000000759a00000, 0x0000000759c00000, 0x0000000759c00000|100%| E|CS|TAMS 0x0000000759a00000, 0x0000000759a00000| Complete 
| 206|0x0000000759c00000, 0x0000000759e00000, 0x0000000759e00000|100%| E|CS|TAMS 0x0000000759c00000, 0x0000000759c00000| Complete 
| 207|0x0000000759e00000, 0x000000075a000000, 0x000000075a000000|100%| E|CS|TAMS 0x0000000759e00000, 0x0000000759e00000| Complete 
| 208|0x000000075a000000, 0x000000075a200000, 0x000000075a200000|100%| E|CS|TAMS 0x000000075a000000, 0x000000075a000000| Complete 
| 209|0x000000075a200000, 0x000000075a400000, 0x000000075a400000|100%| E|CS|TAMS 0x000000075a200000, 0x000000075a200000| Complete 
| 210|0x000000075a400000, 0x000000075a600000, 0x000000075a600000|100%| E|CS|TAMS 0x000000075a400000, 0x000000075a400000| Complete 
| 211|0x000000075a600000, 0x000000075a800000, 0x000000075a800000|100%| E|CS|TAMS 0x000000075a600000, 0x000000075a600000| Complete 
| 212|0x000000075a800000, 0x000000075aa00000, 0x000000075aa00000|100%| E|CS|TAMS 0x000000075a800000, 0x000000075a800000| Complete 
| 213|0x000000075aa00000, 0x000000075ac00000, 0x000000075ac00000|100%| E|CS|TAMS 0x000000075aa00000, 0x000000075aa00000| Complete 
| 214|0x000000075ac00000, 0x000000075ae00000, 0x000000075ae00000|100%| E|CS|TAMS 0x000000075ac00000, 0x000000075ac00000| Complete 
| 215|0x000000075ae00000, 0x000000075b000000, 0x000000075b000000|100%| E|CS|TAMS 0x000000075ae00000, 0x000000075ae00000| Complete 
| 216|0x000000075b000000, 0x000000075b200000, 0x000000075b200000|100%| E|CS|TAMS 0x000000075b000000, 0x000000075b000000| Complete 
| 217|0x000000075b200000, 0x000000075b400000, 0x000000075b400000|100%| E|CS|TAMS 0x000000075b200000, 0x000000075b200000| Complete 
| 218|0x000000075b400000, 0x000000075b600000, 0x000000075b600000|100%| E|CS|TAMS 0x000000075b400000, 0x000000075b400000| Complete 
| 219|0x000000075b600000, 0x000000075b800000, 0x000000075b800000|100%| E|CS|TAMS 0x000000075b600000, 0x000000075b600000| Complete 
| 220|0x000000075b800000, 0x000000075ba00000, 0x000000075ba00000|100%| E|CS|TAMS 0x000000075b800000, 0x000000075b800000| Complete 
| 221|0x000000075ba00000, 0x000000075bc00000, 0x000000075bc00000|100%| E|CS|TAMS 0x000000075ba00000, 0x000000075ba00000| Complete 
| 222|0x000000075bc00000, 0x000000075be00000, 0x000000075be00000|100%| E|CS|TAMS 0x000000075bc00000, 0x000000075bc00000| Complete 
| 223|0x000000075be00000, 0x000000075c000000, 0x000000075c000000|100%| E|CS|TAMS 0x000000075be00000, 0x000000075be00000| Complete 
| 224|0x000000075c000000, 0x000000075c200000, 0x000000075c200000|100%| E|CS|TAMS 0x000000075c000000, 0x000000075c000000| Complete 
| 225|0x000000075c200000, 0x000000075c400000, 0x000000075c400000|100%| E|CS|TAMS 0x000000075c200000, 0x000000075c200000| Complete 
| 226|0x000000075c400000, 0x000000075c600000, 0x000000075c600000|100%| E|CS|TAMS 0x000000075c400000, 0x000000075c400000| Complete 
| 227|0x000000075c600000, 0x000000075c800000, 0x000000075c800000|100%| E|CS|TAMS 0x000000075c600000, 0x000000075c600000| Complete 
| 228|0x000000075c800000, 0x000000075ca00000, 0x000000075ca00000|100%| E|CS|TAMS 0x000000075c800000, 0x000000075c800000| Complete 
| 229|0x000000075ca00000, 0x000000075cc00000, 0x000000075cc00000|100%| E|CS|TAMS 0x000000075ca00000, 0x000000075ca00000| Complete 
| 230|0x000000075cc00000, 0x000000075ce00000, 0x000000075ce00000|100%| E|CS|TAMS 0x000000075cc00000, 0x000000075cc00000| Complete 
| 231|0x000000075ce00000, 0x000000075d000000, 0x000000075d000000|100%| E|CS|TAMS 0x000000075ce00000, 0x000000075ce00000| Complete 
| 232|0x000000075d000000, 0x000000075d200000, 0x000000075d200000|100%| E|CS|TAMS 0x000000075d000000, 0x000000075d000000| Complete 
| 233|0x000000075d200000, 0x000000075d400000, 0x000000075d400000|100%| E|CS|TAMS 0x000000075d200000, 0x000000075d200000| Complete 
| 234|0x000000075d400000, 0x000000075d600000, 0x000000075d600000|100%| E|CS|TAMS 0x000000075d400000, 0x000000075d400000| Complete 
| 235|0x000000075d600000, 0x000000075d800000, 0x000000075d800000|100%| E|CS|TAMS 0x000000075d600000, 0x000000075d600000| Complete 
| 236|0x000000075d800000, 0x000000075da00000, 0x000000075da00000|100%| E|CS|TAMS 0x000000075d800000, 0x000000075d800000| Complete 
| 237|0x000000075da00000, 0x000000075dc00000, 0x000000075dc00000|100%| E|CS|TAMS 0x000000075da00000, 0x000000075da00000| Complete 
| 238|0x000000075dc00000, 0x000000075de00000, 0x000000075de00000|100%| E|CS|TAMS 0x000000075dc00000, 0x000000075dc00000| Complete 
| 239|0x000000075de00000, 0x000000075e000000, 0x000000075e000000|100%| E|CS|TAMS 0x000000075de00000, 0x000000075de00000| Complete 
| 240|0x000000075e000000, 0x000000075e200000, 0x000000075e200000|100%| E|CS|TAMS 0x000000075e000000, 0x000000075e000000| Complete 
| 241|0x000000075e200000, 0x000000075e400000, 0x000000075e400000|100%| E|CS|TAMS 0x000000075e200000, 0x000000075e200000| Complete 
| 242|0x000000075e400000, 0x000000075e600000, 0x000000075e600000|100%| E|CS|TAMS 0x000000075e400000, 0x000000075e400000| Complete 
| 243|0x000000075e600000, 0x000000075e800000, 0x000000075e800000|100%| E|CS|TAMS 0x000000075e600000, 0x000000075e600000| Complete 
| 244|0x000000075e800000, 0x000000075ea00000, 0x000000075ea00000|100%| E|CS|TAMS 0x000000075e800000, 0x000000075e800000| Complete 
| 245|0x000000075ea00000, 0x000000075ec00000, 0x000000075ec00000|100%| E|CS|TAMS 0x000000075ea00000, 0x000000075ea00000| Complete 
| 246|0x000000075ec00000, 0x000000075ee00000, 0x000000075ee00000|100%| E|CS|TAMS 0x000000075ec00000, 0x000000075ec00000| Complete 
| 247|0x000000075ee00000, 0x000000075f000000, 0x000000075f000000|100%| E|CS|TAMS 0x000000075ee00000, 0x000000075ee00000| Complete 
| 248|0x000000075f000000, 0x000000075f200000, 0x000000075f200000|100%| E|CS|TAMS 0x000000075f000000, 0x000000075f000000| Complete 
| 249|0x000000075f200000, 0x000000075f400000, 0x000000075f400000|100%| E|CS|TAMS 0x000000075f200000, 0x000000075f200000| Complete 
| 250|0x000000075f400000, 0x000000075f600000, 0x000000075f600000|100%| E|CS|TAMS 0x000000075f400000, 0x000000075f400000| Complete 
| 251|0x000000075f600000, 0x000000075f800000, 0x000000075f800000|100%| E|CS|TAMS 0x000000075f600000, 0x000000075f600000| Complete 
| 252|0x000000075f800000, 0x000000075fa00000, 0x000000075fa00000|100%| E|CS|TAMS 0x000000075f800000, 0x000000075f800000| Complete 
| 253|0x000000075fa00000, 0x000000075fc00000, 0x000000075fc00000|100%| E|CS|TAMS 0x000000075fa00000, 0x000000075fa00000| Complete 
| 254|0x000000075fc00000, 0x000000075fe00000, 0x000000075fe00000|100%| E|CS|TAMS 0x000000075fc00000, 0x000000075fc00000| Complete 
| 255|0x000000075fe00000, 0x0000000760000000, 0x0000000760000000|100%| E|CS|TAMS 0x000000075fe00000, 0x000000075fe00000| Complete 
| 256|0x0000000760000000, 0x0000000760200000, 0x0000000760200000|100%| E|CS|TAMS 0x0000000760000000, 0x0000000760000000| Complete 
| 257|0x0000000760200000, 0x0000000760400000, 0x0000000760400000|100%| E|CS|TAMS 0x0000000760200000, 0x0000000760200000| Complete 
| 258|0x0000000760400000, 0x0000000760600000, 0x0000000760600000|100%| E|CS|TAMS 0x0000000760400000, 0x0000000760400000| Complete 
| 259|0x0000000760600000, 0x0000000760800000, 0x0000000760800000|100%| E|CS|TAMS 0x0000000760600000, 0x0000000760600000| Complete 
| 260|0x0000000760800000, 0x0000000760a00000, 0x0000000760a00000|100%| E|CS|TAMS 0x0000000760800000, 0x0000000760800000| Complete 
| 261|0x0000000760a00000, 0x0000000760c00000, 0x0000000760c00000|100%| E|CS|TAMS 0x0000000760a00000, 0x0000000760a00000| Complete 
| 262|0x0000000760c00000, 0x0000000760e00000, 0x0000000760e00000|100%| E|CS|TAMS 0x0000000760c00000, 0x0000000760c00000| Complete 
| 263|0x0000000760e00000, 0x0000000761000000, 0x0000000761000000|100%| E|CS|TAMS 0x0000000760e00000, 0x0000000760e00000| Complete 
| 264|0x0000000761000000, 0x0000000761200000, 0x0000000761200000|100%| E|CS|TAMS 0x0000000761000000, 0x0000000761000000| Complete 
| 265|0x0000000761200000, 0x0000000761400000, 0x0000000761400000|100%| E|CS|TAMS 0x0000000761200000, 0x0000000761200000| Complete 
| 266|0x0000000761400000, 0x0000000761600000, 0x0000000761600000|100%| E|CS|TAMS 0x0000000761400000, 0x0000000761400000| Complete 
| 267|0x0000000761600000, 0x0000000761800000, 0x0000000761800000|100%| E|CS|TAMS 0x0000000761600000, 0x0000000761600000| Complete 
| 268|0x0000000761800000, 0x0000000761a00000, 0x0000000761a00000|100%| E|CS|TAMS 0x0000000761800000, 0x0000000761800000| Complete 
| 269|0x0000000761a00000, 0x0000000761c00000, 0x0000000761c00000|100%| E|CS|TAMS 0x0000000761a00000, 0x0000000761a00000| Complete 
| 270|0x0000000761c00000, 0x0000000761e00000, 0x0000000761e00000|100%| E|CS|TAMS 0x0000000761c00000, 0x0000000761c00000| Complete 
| 271|0x0000000761e00000, 0x0000000762000000, 0x0000000762000000|100%| E|CS|TAMS 0x0000000761e00000, 0x0000000761e00000| Complete 
| 272|0x0000000762000000, 0x0000000762200000, 0x0000000762200000|100%| E|CS|TAMS 0x0000000762000000, 0x0000000762000000| Complete 
| 273|0x0000000762200000, 0x0000000762400000, 0x0000000762400000|100%| E|CS|TAMS 0x0000000762200000, 0x0000000762200000| Complete 
| 274|0x0000000762400000, 0x0000000762600000, 0x0000000762600000|100%| E|CS|TAMS 0x0000000762400000, 0x0000000762400000| Complete 
| 275|0x0000000762600000, 0x0000000762800000, 0x0000000762800000|100%| E|CS|TAMS 0x0000000762600000, 0x0000000762600000| Complete 
| 276|0x0000000762800000, 0x0000000762a00000, 0x0000000762a00000|100%| E|CS|TAMS 0x0000000762800000, 0x0000000762800000| Complete 
| 277|0x0000000762a00000, 0x0000000762c00000, 0x0000000762c00000|100%| E|CS|TAMS 0x0000000762a00000, 0x0000000762a00000| Complete 
| 278|0x0000000762c00000, 0x0000000762e00000, 0x0000000762e00000|100%| E|CS|TAMS 0x0000000762c00000, 0x0000000762c00000| Complete 
| 279|0x0000000762e00000, 0x0000000763000000, 0x0000000763000000|100%| E|CS|TAMS 0x0000000762e00000, 0x0000000762e00000| Complete 
| 280|0x0000000763000000, 0x0000000763200000, 0x0000000763200000|100%| E|CS|TAMS 0x0000000763000000, 0x0000000763000000| Complete 
| 281|0x0000000763200000, 0x0000000763400000, 0x0000000763400000|100%| E|CS|TAMS 0x0000000763200000, 0x0000000763200000| Complete 
| 282|0x0000000763400000, 0x0000000763600000, 0x0000000763600000|100%| E|CS|TAMS 0x0000000763400000, 0x0000000763400000| Complete 
| 283|0x0000000763600000, 0x0000000763800000, 0x0000000763800000|100%| E|CS|TAMS 0x0000000763600000, 0x0000000763600000| Complete 
| 284|0x0000000763800000, 0x0000000763a00000, 0x0000000763a00000|100%| E|CS|TAMS 0x0000000763800000, 0x0000000763800000| Complete 
| 285|0x0000000763a00000, 0x0000000763c00000, 0x0000000763c00000|100%| E|CS|TAMS 0x0000000763a00000, 0x0000000763a00000| Complete 
| 286|0x0000000763c00000, 0x0000000763e00000, 0x0000000763e00000|100%| E|CS|TAMS 0x0000000763c00000, 0x0000000763c00000| Complete 
| 287|0x0000000763e00000, 0x0000000764000000, 0x0000000764000000|100%| E|CS|TAMS 0x0000000763e00000, 0x0000000763e00000| Complete 
| 288|0x0000000764000000, 0x0000000764200000, 0x0000000764200000|100%| E|CS|TAMS 0x0000000764000000, 0x0000000764000000| Complete 
| 289|0x0000000764200000, 0x0000000764400000, 0x0000000764400000|100%| E|CS|TAMS 0x0000000764200000, 0x0000000764200000| Complete 
| 290|0x0000000764400000, 0x0000000764600000, 0x0000000764600000|100%| E|CS|TAMS 0x0000000764400000, 0x0000000764400000| Complete 
| 291|0x0000000764600000, 0x0000000764800000, 0x0000000764800000|100%| E|CS|TAMS 0x0000000764600000, 0x0000000764600000| Complete 
| 292|0x0000000764800000, 0x0000000764a00000, 0x0000000764a00000|100%| E|CS|TAMS 0x0000000764800000, 0x0000000764800000| Complete 
| 293|0x0000000764a00000, 0x0000000764c00000, 0x0000000764c00000|100%| E|CS|TAMS 0x0000000764a00000, 0x0000000764a00000| Complete 
| 294|0x0000000764c00000, 0x0000000764e00000, 0x0000000764e00000|100%| E|CS|TAMS 0x0000000764c00000, 0x0000000764c00000| Complete 
| 295|0x0000000764e00000, 0x0000000765000000, 0x0000000765000000|100%| E|CS|TAMS 0x0000000764e00000, 0x0000000764e00000| Complete 
| 296|0x0000000765000000, 0x0000000765200000, 0x0000000765200000|100%| E|CS|TAMS 0x0000000765000000, 0x0000000765000000| Complete 
| 297|0x0000000765200000, 0x0000000765400000, 0x0000000765400000|100%| E|CS|TAMS 0x0000000765200000, 0x0000000765200000| Complete 
| 298|0x0000000765400000, 0x0000000765600000, 0x0000000765600000|100%| E|CS|TAMS 0x0000000765400000, 0x0000000765400000| Complete 
| 299|0x0000000765600000, 0x0000000765800000, 0x0000000765800000|100%| E|CS|TAMS 0x0000000765600000, 0x0000000765600000| Complete 
| 300|0x0000000765800000, 0x0000000765a00000, 0x0000000765a00000|100%| E|CS|TAMS 0x0000000765800000, 0x0000000765800000| Complete 
| 301|0x0000000765a00000, 0x0000000765c00000, 0x0000000765c00000|100%| E|CS|TAMS 0x0000000765a00000, 0x0000000765a00000| Complete 
| 302|0x0000000765c00000, 0x0000000765e00000, 0x0000000765e00000|100%| E|CS|TAMS 0x0000000765c00000, 0x0000000765c00000| Complete 
| 303|0x0000000765e00000, 0x0000000766000000, 0x0000000766000000|100%| E|CS|TAMS 0x0000000765e00000, 0x0000000765e00000| Complete 
| 304|0x0000000766000000, 0x0000000766200000, 0x0000000766200000|100%| E|CS|TAMS 0x0000000766000000, 0x0000000766000000| Complete 
| 305|0x0000000766200000, 0x0000000766400000, 0x0000000766400000|100%| E|CS|TAMS 0x0000000766200000, 0x0000000766200000| Complete 
| 306|0x0000000766400000, 0x0000000766600000, 0x0000000766600000|100%| E|CS|TAMS 0x0000000766400000, 0x0000000766400000| Complete 
| 307|0x0000000766600000, 0x0000000766800000, 0x0000000766800000|100%| E|CS|TAMS 0x0000000766600000, 0x0000000766600000| Complete 
| 308|0x0000000766800000, 0x0000000766a00000, 0x0000000766a00000|100%| E|CS|TAMS 0x0000000766800000, 0x0000000766800000| Complete 

Card table byte_map: [0x0000017838420000,0x0000017838a20000] _byte_map_base: 0x0000017834a20000

Marking Bits (Prev, Next): (CMBitMap*) 0x0000017823bb5de0, (CMBitMap*) 0x0000017823bb5da0
 Prev Bits: [0x000001783c020000, 0x000001783f020000)
 Next Bits: [0x0000017839020000, 0x000001783c020000)

Polling page: 0x0000017823940000

Metaspace:

Usage:
  Non-class:    131.77 MB used.
      Class:     19.56 MB used.
       Both:    151.33 MB used.

Virtual space:
  Non-class space:      136.00 MB reserved,     132.19 MB ( 97%) committed,  17 nodes.
      Class space:        1.00 GB reserved,      20.00 MB (  2%) committed,  1 nodes.
             Both:        1.13 GB reserved,     152.19 MB ( 13%) committed. 

Chunk freelists:
   Non-Class:  3.03 MB
       Class:  3.84 MB
        Both:  6.88 MB

MaxMetaspaceSize: unlimited
CompressedClassSpaceSize: 1.00 GB
Initial GC threshold: 21.00 MB
Current GC threshold: 250.62 MB
CDS: off
MetaspaceReclaimPolicy: balanced
 - commit_granule_bytes: 65536.
 - commit_granule_words: 8192.
 - virtual_space_node_default_size: 1048576.
 - enlarge_chunks_in_place: 1.
 - new_chunks_are_fully_committed: 0.
 - uncommit_free_chunks: 1.
 - use_allocation_guard: 0.
 - handle_deallocations: 1.


Internal statistics:

num_allocs_failed_limit: 9.
num_arena_births: 1188.
num_arena_deaths: 2.
num_vsnodes_births: 18.
num_vsnodes_deaths: 0.
num_space_committed: 2433.
num_space_uncommitted: 0.
num_chunks_returned_to_freelist: 12.
num_chunks_taken_from_freelist: 6739.
num_chunk_merges: 9.
num_chunk_splits: 4989.
num_chunks_enlarged: 3872.
num_purges: 2.
num_inconsistent_stats: 0.

CodeHeap 'non-profiled nmethods': size=120000Kb used=7357Kb max_used=7357Kb free=112643Kb
 bounds [0x00000178302d0000, 0x0000017830a00000, 0x0000017837800000]
CodeHeap 'profiled nmethods': size=120000Kb used=30196Kb max_used=30196Kb free=89803Kb
 bounds [0x0000017828800000, 0x000001782a580000, 0x000001782fd30000]
CodeHeap 'non-nmethods': size=5760Kb used=2556Kb max_used=2630Kb free=3203Kb
 bounds [0x000001782fd30000, 0x000001782ffd0000, 0x00000178302d0000]
 total_blobs=16250 nmethods=15128 adapters=1032
 compilation: enabled
              stopped_count=0, restarted_count=0
 full_count=0

Compilation events (20 events):
Event: 50.243 Thread 0x0000017842077050 16937       3       jdk.internal.org.objectweb.asm.MethodWriter::visitJumpInsn (495 bytes)
Event: 50.244 Thread 0x0000017842077050 nmethod 16937 0x000001782a561810 code [0x000001782a561b40, 0x000001782a562b08]
Event: 50.245 Thread 0x0000017842077050 16938       3       jdk.internal.org.objectweb.asm.Label::put (83 bytes)
Event: 50.245 Thread 0x0000017842077050 nmethod 16938 0x000001782a563110 code [0x000001782a563320, 0x000001782a563758]
Event: 50.268 Thread 0x0000017842077050 16940       3       sun.net.www.protocol.jar.URLJarFile::isFileURL (50 bytes)
Event: 50.269 Thread 0x0000017842077050 nmethod 16940 0x000001782a563910 code [0x000001782a563b00, 0x000001782a563f28]
Event: 50.272 Thread 0x0000017842077050 16941       3       org.objectweb.asm.MethodWriter::visitCode (1 bytes)
Event: 50.272 Thread 0x0000017842077050 nmethod 16941 0x000001782a564090 code [0x000001782a564220, 0x000001782a564338]
Event: 50.272 Thread 0x0000017842077050 16942       3       org.gradle.initialization.MixInLegacyTypesClassLoader$TransformingAdapter::visitMethod (129 bytes)
Event: 50.274 Thread 0x0000017842077050 nmethod 16942 0x000001782a564410 code [0x000001782a564740, 0x000001782a565cb8]
Event: 50.274 Thread 0x0000017842077050 16943       3       org.gradle.initialization.MixInLegacyTypesClassLoader$TransformingAdapter::isStatic (13 bytes)
Event: 50.274 Thread 0x0000017842077050 nmethod 16943 0x000001782a566390 code [0x000001782a566520, 0x000001782a566698]
Event: 50.275 Thread 0x0000017842077050 16944       3       org.objectweb.asm.ClassReader::createLabel (21 bytes)
Event: 50.275 Thread 0x0000017842077050 nmethod 16944 0x000001782a566710 code [0x000001782a5668e0, 0x000001782a566d98]
Event: 50.276 Thread 0x0000017842077050 16945       3       org.objectweb.asm.AnnotationWriter::putAnnotations (110 bytes)
Event: 50.276 Thread 0x0000017842077050 nmethod 16945 0x000001782a566f90 code [0x000001782a567180, 0x000001782a5675a8]
Event: 50.298 Thread 0x0000017842077050 16946   !   3       sun.net.www.protocol.jar.JarURLConnection::connect (196 bytes)
Event: 50.299 Thread 0x0000017842077050 nmethod 16946 0x000001782a567810 code [0x000001782a567b40, 0x000001782a568d88]
Event: 50.299 Thread 0x0000017842077050 16947       3       org.objectweb.asm.MethodWriter::canCopyMethodAttributes (163 bytes)
Event: 50.300 Thread 0x0000017842077050 nmethod 16947 0x000001782a569290 code [0x000001782a5694a0, 0x000001782a569b58]

GC Heap History (20 events):
Event: 28.614 GC heap before
{Heap before GC invocations=44 (full 0):
 garbage-first heap   total 378880K, used 277774K [0x0000000740000000, 0x0000000800000000)
  region size 2048K, 67 young (137216K), 4 survivors (8192K)
 Metaspace       used 109730K, committed 110464K, reserved 1146880K
  class space    used 14408K, committed 14784K, reserved 1048576K
}
Event: 28.631 GC heap after
{Heap after GC invocations=45 (full 0):
 garbage-first heap   total 378880K, used 155266K [0x0000000740000000, 0x0000000800000000)
  region size 2048K, 7 young (14336K), 7 survivors (14336K)
 Metaspace       used 109730K, committed 110464K, reserved 1146880K
  class space    used 14408K, committed 14784K, reserved 1048576K
}
Event: 30.997 GC heap before
{Heap before GC invocations=45 (full 0):
 garbage-first heap   total 378880K, used 300674K [0x0000000740000000, 0x0000000800000000)
  region size 2048K, 79 young (161792K), 7 survivors (14336K)
 Metaspace       used 129328K, committed 130112K, reserved 1163264K
  class space    used 16776K, committed 17152K, reserved 1048576K
}
Event: 31.026 GC heap after
{Heap after GC invocations=46 (full 0):
 garbage-first heap   total 378880K, used 162577K [0x0000000740000000, 0x0000000800000000)
  region size 2048K, 9 young (18432K), 9 survivors (18432K)
 Metaspace       used 129328K, committed 130112K, reserved 1163264K
  class space    used 16776K, committed 17152K, reserved 1048576K
}
Event: 32.865 GC heap before
{Heap before GC invocations=46 (full 0):
 garbage-first heap   total 378880K, used 307985K [0x0000000740000000, 0x0000000800000000)
  region size 2048K, 80 young (163840K), 9 survivors (18432K)
 Metaspace       used 135422K, committed 136320K, reserved 1171456K
  class space    used 17545K, committed 17984K, reserved 1048576K
}
Event: 32.909 GC heap after
{Heap after GC invocations=47 (full 0):
 garbage-first heap   total 378880K, used 175971K [0x0000000740000000, 0x0000000800000000)
  region size 2048K, 10 young (20480K), 10 survivors (20480K)
 Metaspace       used 135422K, committed 136320K, reserved 1171456K
  class space    used 17545K, committed 17984K, reserved 1048576K
}
Event: 34.074 GC heap before
{Heap before GC invocations=47 (full 0):
 garbage-first heap   total 378880K, used 270179K [0x0000000740000000, 0x0000000800000000)
  region size 2048K, 57 young (116736K), 10 survivors (20480K)
 Metaspace       used 137412K, committed 138240K, reserved 1171456K
  class space    used 17680K, committed 18112K, reserved 1048576K
}
Event: 34.180 GC heap after
{Heap after GC invocations=48 (full 0):
 garbage-first heap   total 378880K, used 188677K [0x0000000740000000, 0x0000000800000000)
  region size 2048K, 6 young (12288K), 6 survivors (12288K)
 Metaspace       used 137412K, committed 138240K, reserved 1171456K
  class space    used 17680K, committed 18112K, reserved 1048576K
}
Event: 37.809 GC heap before
{Heap before GC invocations=49 (full 0):
 garbage-first heap   total 378880K, used 303365K [0x0000000740000000, 0x0000000800000000)
  region size 2048K, 62 young (126976K), 6 survivors (12288K)
 Metaspace       used 146937K, committed 147712K, reserved 1179648K
  class space    used 19008K, committed 19392K, reserved 1048576K
}
Event: 37.842 GC heap after
{Heap after GC invocations=50 (full 0):
 garbage-first heap   total 378880K, used 195674K [0x0000000740000000, 0x0000000800000000)
  region size 2048K, 4 young (8192K), 4 survivors (8192K)
 Metaspace       used 146937K, committed 147712K, reserved 1179648K
  class space    used 19008K, committed 19392K, reserved 1048576K
}
Event: 38.097 GC heap before
{Heap before GC invocations=50 (full 0):
 garbage-first heap   total 378880K, used 205914K [0x0000000740000000, 0x0000000800000000)
  region size 2048K, 9 young (18432K), 4 survivors (8192K)
 Metaspace       used 147768K, committed 148608K, reserved 1179648K
  class space    used 19132K, committed 19584K, reserved 1048576K
}
Event: 38.130 GC heap after
{Heap after GC invocations=51 (full 0):
 garbage-first heap   total 378880K, used 195071K [0x0000000740000000, 0x0000000800000000)
  region size 2048K, 1 young (2048K), 1 survivors (2048K)
 Metaspace       used 147768K, committed 148608K, reserved 1179648K
  class space    used 19132K, committed 19584K, reserved 1048576K
}
Event: 40.332 GC heap before
{Heap before GC invocations=51 (full 0):
 garbage-first heap   total 378880K, used 338431K [0x0000000740000000, 0x0000000800000000)
  region size 2048K, 57 young (116736K), 1 survivors (2048K)
 Metaspace       used 153063K, committed 153984K, reserved 1187840K
  class space    used 19881K, committed 20352K, reserved 1048576K
}
Event: 40.378 GC heap after
{Heap after GC invocations=52 (full 0):
 garbage-first heap   total 378880K, used 247578K [0x0000000740000000, 0x0000000800000000)
  region size 2048K, 8 young (16384K), 8 survivors (16384K)
 Metaspace       used 153063K, committed 153984K, reserved 1187840K
  class space    used 19881K, committed 20352K, reserved 1048576K
}
Event: 42.712 GC heap before
{Heap before GC invocations=53 (full 0):
 garbage-first heap   total 423936K, used 304922K [0x0000000740000000, 0x0000000800000000)
  region size 2048K, 37 young (75776K), 8 survivors (16384K)
 Metaspace       used 153072K, committed 153984K, reserved 1187840K
  class space    used 19879K, committed 20352K, reserved 1048576K
}
Event: 42.793 GC heap after
{Heap after GC invocations=54 (full 0):
 garbage-first heap   total 423936K, used 243006K [0x0000000740000000, 0x0000000800000000)
  region size 2048K, 3 young (6144K), 3 survivors (6144K)
 Metaspace       used 153072K, committed 153984K, reserved 1187840K
  class space    used 19879K, committed 20352K, reserved 1048576K
}
Event: 43.075 GC heap before
{Heap before GC invocations=54 (full 0):
 garbage-first heap   total 423936K, used 255294K [0x0000000740000000, 0x0000000800000000)
  region size 2048K, 10 young (20480K), 3 survivors (6144K)
 Metaspace       used 153072K, committed 153984K, reserved 1187840K
  class space    used 19879K, committed 20352K, reserved 1048576K
}
Event: 43.091 GC heap after
{Heap after GC invocations=55 (full 0):
 garbage-first heap   total 423936K, used 228143K [0x0000000740000000, 0x0000000800000000)
  region size 2048K, 2 young (4096K), 2 survivors (4096K)
 Metaspace       used 153072K, committed 153984K, reserved 1187840K
  class space    used 19879K, committed 20352K, reserved 1048576K
}
Event: 45.949 GC heap before
{Heap before GC invocations=55 (full 0):
 garbage-first heap   total 423936K, used 340783K [0x0000000740000000, 0x0000000800000000)
  region size 2048K, 57 young (116736K), 2 survivors (4096K)
 Metaspace       used 153074K, committed 153984K, reserved 1187840K
  class space    used 19879K, committed 20352K, reserved 1048576K
}
Event: 45.960 GC heap after
{Heap after GC invocations=56 (full 0):
 garbage-first heap   total 632832K, used 231315K [0x0000000740000000, 0x0000000800000000)
  region size 2048K, 4 young (8192K), 4 survivors (8192K)
 Metaspace       used 153074K, committed 153984K, reserved 1187840K
  class space    used 19879K, committed 20352K, reserved 1048576K
}

Dll operation events (2 events):
Event: 0.060 Loaded shared library C:\Program Files\Android\Android Studio\jbr\bin\java.dll
Event: 1.504 Loaded shared library C:\Program Files\Android\Android Studio\jbr\bin\verify.dll

Deoptimization events (20 events):
Event: 49.864 Thread 0x000001784453b3b0 DEOPT PACKING pc=0x00000178309a0b34 sp=0x00000050019fbb90
Event: 49.864 Thread 0x000001784453b3b0 DEOPT UNPACKING pc=0x000001782fd869a3 sp=0x00000050019fbb78 mode 2
Event: 49.868 Thread 0x000001784453b3b0 Uncommon trap: trap_request=0xffffff45 fr.pc=0x000001783034eea4 relative=0x0000000000000e24
Event: 49.868 Thread 0x000001784453b3b0 Uncommon trap: reason=unstable_if action=reinterpret pc=0x000001783034eea4 method=java.io.BufferedReader.readLine(Z[Z)Ljava/lang/String; @ 209 c2
Event: 49.868 Thread 0x000001784453b3b0 DEOPT PACKING pc=0x000001783034eea4 sp=0x00000050019fd790
Event: 49.868 Thread 0x000001784453b3b0 DEOPT UNPACKING pc=0x000001782fd869a3 sp=0x00000050019fd740 mode 2
Event: 49.960 Thread 0x0000017843834f80 Uncommon trap: trap_request=0xffffff76 fr.pc=0x00000178309b88a8 relative=0x0000000000000608
Event: 49.960 Thread 0x0000017843834f80 Uncommon trap: reason=predicate action=maybe_recompile pc=0x00000178309b88a8 method=java.util.TimSort.binarySort([Ljava/lang/Object;IIILjava/util/Comparator;)V @ 34 c2
Event: 49.960 Thread 0x0000017843834f80 DEOPT PACKING pc=0x00000178309b88a8 sp=0x00000050001f97e0
Event: 49.960 Thread 0x0000017843834f80 DEOPT UNPACKING pc=0x000001782fd869a3 sp=0x00000050001f97b8 mode 2
Event: 50.103 Thread 0x00000178427d72a0 DEOPT PACKING pc=0x00000178292d7674 sp=0x0000005004afc940
Event: 50.103 Thread 0x00000178427d72a0 DEOPT UNPACKING pc=0x000001782fd87143 sp=0x0000005004afbe08 mode 0
Event: 50.257 Thread 0x0000017843834f80 Uncommon trap: trap_request=0xffffffde fr.pc=0x00000178309830d8 relative=0x0000000000003858
Event: 50.257 Thread 0x0000017843834f80 Uncommon trap: reason=class_check action=maybe_recompile pc=0x00000178309830d8 method=com.google.common.cache.LocalCache$Segment.newEntry(Ljava/lang/Object;ILcom/google/common/cache/ReferenceEntry;)Lcom/google/common/cache/ReferenceEntry; @ 14 c2
Event: 50.257 Thread 0x0000017843834f80 DEOPT PACKING pc=0x00000178309830d8 sp=0x00000050001faf40
Event: 50.257 Thread 0x0000017843834f80 DEOPT UNPACKING pc=0x000001782fd869a3 sp=0x00000050001fae58 mode 2
Event: 50.257 Thread 0x0000017843834f80 Uncommon trap: trap_request=0xffffffde fr.pc=0x00000178309830d8 relative=0x0000000000003858
Event: 50.257 Thread 0x0000017843834f80 Uncommon trap: reason=class_check action=maybe_recompile pc=0x00000178309830d8 method=com.google.common.cache.LocalCache$Segment.newEntry(Ljava/lang/Object;ILcom/google/common/cache/ReferenceEntry;)Lcom/google/common/cache/ReferenceEntry; @ 14 c2
Event: 50.257 Thread 0x0000017843834f80 DEOPT PACKING pc=0x00000178309830d8 sp=0x00000050001fa880
Event: 50.257 Thread 0x0000017843834f80 DEOPT UNPACKING pc=0x000001782fd869a3 sp=0x00000050001fa798 mode 2

Classes unloaded (3 events):
Event: 40.656 Thread 0x000001784164f5f0 Unloading class 0x0000000800c4c470 'org/gradle/accessors/dm/LibrariesForLibs'
Event: 40.656 Thread 0x000001784164f5f0 Unloading class 0x0000000800c4c220 'org/gradle/api/internal/catalog/AbstractExternalDependencyFactory'
Event: 40.656 Thread 0x000001784164f5f0 Unloading class 0x0000000800c4c000 'org/gradle/api/internal/catalog/ExternalModuleDependencyFactory'

Classes redefined (0 events):
No events

Internal exceptions (20 events):
Event: 39.907 Thread 0x0000017843834f80 Exception <a 'java/lang/ClassNotFoundException'{0x000000075377e830}: org/gradle/internal/classpath/DefaultClassPathBeanInfo> (0x000000075377e830) 
thrown [s\src\hotspot\share\classfile\systemDictionary.cpp, line 256]
Event: 39.907 Thread 0x0000017843834f80 Exception <a 'java/lang/ClassNotFoundException'{0x00000007537868d0}: org/gradle/internal/classpath/DefaultClassPathCustomizer> (0x00000007537868d0) 
thrown [s\src\hotspot\share\classfile\systemDictionary.cpp, line 256]
Event: 39.912 Thread 0x0000017843834f80 Exception <a 'java/lang/ClassNotFoundException'{0x00000007534ac440}: org/gradle/internal/classpath/DefaultClassPath$ImmutableUniqueListBeanInfo> (0x00000007534ac440) 
thrown [s\src\hotspot\share\classfile\systemDictionary.cpp, line 256]
Event: 39.912 Thread 0x0000017843834f80 Exception <a 'java/lang/ClassNotFoundException'{0x00000007534b09b0}: java/util/AbstractListBeanInfo> (0x00000007534b09b0) 
thrown [s\src\hotspot\share\classfile\systemDictionary.cpp, line 256]
Event: 39.912 Thread 0x0000017843834f80 Exception <a 'java/lang/ClassNotFoundException'{0x00000007534b4ef8}: java/util/AbstractListCustomizer> (0x00000007534b4ef8) 
thrown [s\src\hotspot\share\classfile\systemDictionary.cpp, line 256]
Event: 39.913 Thread 0x0000017843834f80 Exception <a 'java/lang/ClassNotFoundException'{0x00000007534c8718}: org/gradle/internal/classpath/DefaultClassPath$ImmutableUniqueListCustomizer> (0x00000007534c8718) 
thrown [s\src\hotspot\share\classfile\systemDictionary.cpp, line 256]
Event: 39.917 Thread 0x0000017843834f80 Exception <a 'java/lang/ClassNotFoundException'{0x00000007535029f0}: java/io/FileBeanInfo> (0x00000007535029f0) 
thrown [s\src\hotspot\share\classfile\systemDictionary.cpp, line 256]
Event: 39.917 Thread 0x0000017843834f80 Exception <a 'java/lang/ClassNotFoundException'{0x0000000753507898}: java/io/FileCustomizer> (0x0000000753507898) 
thrown [s\src\hotspot\share\classfile\systemDictionary.cpp, line 256]
Event: 39.923 Thread 0x0000017843834f80 Exception <a 'java/lang/ClassNotFoundException'{0x000000075354edc0}: org/jetbrains/plugins/gradle/model/DefaultDependencyAccessorsModelBeanInfo> (0x000000075354edc0) 
thrown [s\src\hotspot\share\classfile\systemDictionary.cpp, line 256]
Event: 39.923 Thread 0x0000017843834f80 Exception <a 'java/lang/ClassNotFoundException'{0x00000007535571d0}: org/jetbrains/plugins/gradle/model/DefaultDependencyAccessorsModelCustomizer> (0x00000007535571d0) 
thrown [s\src\hotspot\share\classfile\systemDictionary.cpp, line 256]
Event: 39.931 Thread 0x00000178427d72a0 Exception <a 'java/lang/NoSuchMethodError'{0x000000075320d200}: static Lorg/jetbrains/plugins/gradle/tooling/internal/VersionCatalogsModelImpl;.<clinit>()V> (0x000000075320d200) 
thrown [s\src\hotspot\share\prims\jni.cpp, line 1108]
Event: 39.955 Thread 0x0000017843834f80 Exception <a 'java/lang/ClassNotFoundException'{0x0000000753035c20}: org/gradle/api/internal/tasks/DefaultSourceSetContainer_DecoratedBeanInfo> (0x0000000753035c20) 
thrown [s\src\hotspot\share\classfile\systemDictionary.cpp, line 256]
Event: 39.955 Thread 0x0000017843834f80 Exception <a 'java/lang/ClassNotFoundException'{0x000000075303fb10}: org/gradle/api/internal/tasks/DefaultSourceSetContainerBeanInfo> (0x000000075303fb10) 
thrown [s\src\hotspot\share\classfile\systemDictionary.cpp, line 256]
Event: 39.956 Thread 0x0000017843834f80 Exception <a 'java/lang/ClassNotFoundException'{0x0000000753049a20}: org/gradle/api/internal/tasks/DefaultSourceSetContainerCustomizer> (0x0000000753049a20) 
thrown [s\src\hotspot\share\classfile\systemDictionary.cpp, line 256]
Event: 39.957 Thread 0x0000017843834f80 Exception <a 'java/lang/ClassNotFoundException'{0x000000075305f160}: org/gradle/api/internal/tasks/DefaultSourceSetContainer_DecoratedCustomizer> (0x000000075305f160) 
thrown [s\src\hotspot\share\classfile\systemDictionary.cpp, line 256]
Event: 40.088 Thread 0x000001784453b3b0 Exception <a 'java/lang/NoSuchMethodError'{0x0000000752a76810}: 'java.lang.Object java.lang.invoke.DirectMethodHandle$Holder.invokeSpecialIFC(java.lang.Object, java.lang.Object, java.lang.Object)'> (0x0000000752a76810) 
thrown [s\src\hotspot\share\interpreter\linkResolver.cpp, line 771]
Event: 49.742 Thread 0x000001784453b3b0 Implicit null exception at 0x00000178309cc400 to 0x00000178309ccd38
Event: 49.864 Thread 0x000001784453b3b0 Implicit null exception at 0x00000178309a02c5 to 0x00000178309a0b24
Event: 50.095 Thread 0x00000178427d72a0 Exception <a 'java/lang/NoSuchMethodError'{0x00000007578b7030}: static Lorg/jetbrains/plugins/gradle/tooling/serialization/internal/adapter/kotlin/dsl/InternalKotlinDslScriptsModel;.<clinit>()V> (0x00000007578b7030) 
thrown [s\src\hotspot\share\prims\jni.cpp, line 1108]
Event: 50.099 Thread 0x00000178427d72a0 Exception <a 'java/lang/NoSuchMethodError'{0x00000007578c13a0}: static Lorg/jetbrains/plugins/gradle/tooling/serialization/internal/adapter/kotlin/dsl/InternalKotlinDslScriptModel;.<clinit>()V> (0x00000007578c13a0) 
thrown [s\src\hotspot\share\prims\jni.cpp, line 1108]

VM Operations (20 events):
Event: 40.947 Executing VM operation: G1Concurrent
Event: 40.957 Executing VM operation: G1Concurrent done
Event: 41.958 Executing VM operation: Cleanup
Event: 41.974 Executing VM operation: Cleanup done
Event: 42.712 Executing VM operation: G1CollectForAllocation
Event: 42.799 Executing VM operation: G1CollectForAllocation done
Event: 43.075 Executing VM operation: G1CollectForAllocation
Event: 43.091 Executing VM operation: G1CollectForAllocation done
Event: 44.099 Executing VM operation: Cleanup
Event: 44.099 Executing VM operation: Cleanup done
Event: 45.114 Executing VM operation: Cleanup
Event: 45.114 Executing VM operation: Cleanup done
Event: 45.949 Executing VM operation: G1CollectForAllocation
Event: 45.960 Executing VM operation: G1CollectForAllocation done
Event: 46.972 Executing VM operation: Cleanup
Event: 46.972 Executing VM operation: Cleanup done
Event: 47.975 Executing VM operation: Cleanup
Event: 47.975 Executing VM operation: Cleanup done
Event: 49.978 Executing VM operation: Cleanup
Event: 49.979 Executing VM operation: Cleanup done

Events (20 events):
Event: 39.912 loading class java/util/AbstractListBeanInfo done
Event: 39.912 loading class java/util/AbstractListBeanInfo
Event: 39.912 loading class java/util/AbstractListBeanInfo done
Event: 39.912 loading class java/util/AbstractListCustomizer
Event: 39.912 loading class java/util/AbstractListCustomizer done
Event: 39.912 loading class java/util/AbstractListCustomizer
Event: 39.912 loading class java/util/AbstractListCustomizer done
Event: 39.917 loading class java/io/FileBeanInfo
Event: 39.917 loading class java/io/FileBeanInfo done
Event: 39.917 loading class java/io/FileBeanInfo
Event: 39.917 loading class java/io/FileBeanInfo done
Event: 39.917 loading class java/io/FileCustomizer
Event: 39.917 loading class java/io/FileCustomizer done
Event: 39.917 loading class java/io/FileCustomizer
Event: 39.917 loading class java/io/FileCustomizer done
Event: 43.872 Thread 0x000001784685af10 Thread added: 0x000001784685af10
Event: 45.434 Thread 0x000001784685af10 Thread exited: 0x000001784685af10
Event: 49.808 Thread 0x000001784685af10 Thread added: 0x000001784685af10
Event: 50.249 loading class java/util/function/LongUnaryOperator
Event: 50.249 loading class java/util/function/LongUnaryOperator done


Dynamic libraries:
0x00007ff742900000 - 0x00007ff74290a000 	C:\Program Files\Android\Android Studio\jbr\bin\java.exe
0x00007ff910310000 - 0x00007ff910508000 	C:\WINDOWS\SYSTEM32\ntdll.dll
0x00007ff90f720000 - 0x00007ff90f7dd000 	C:\WINDOWS\System32\KERNEL32.DLL
0x00007ff90db50000 - 0x00007ff90de46000 	C:\WINDOWS\System32\KERNELBASE.dll
0x00007ff90df70000 - 0x00007ff90e070000 	C:\WINDOWS\System32\ucrtbase.dll
0x00007ff8e0db0000 - 0x00007ff8e0dcb000 	C:\Program Files\Android\Android Studio\jbr\bin\VCRUNTIME140.dll
0x00007ff8e6cc0000 - 0x00007ff8e6cd7000 	C:\Program Files\Android\Android Studio\jbr\bin\jli.dll
0x00007ff90e5d0000 - 0x00007ff90e76e000 	C:\WINDOWS\System32\USER32.dll
0x00007ff90daf0000 - 0x00007ff90db12000 	C:\WINDOWS\System32\win32u.dll
0x00007ff90e8b0000 - 0x00007ff90e8dc000 	C:\WINDOWS\System32\GDI32.dll
0x00007ff90de50000 - 0x00007ff90df6a000 	C:\WINDOWS\System32\gdi32full.dll
0x00007ff8ee7b0000 - 0x00007ff8eea4a000 	C:\WINDOWS\WinSxS\amd64_microsoft.windows.common-controls_6595b64144ccf1df_6.0.19041.1110_none_60b5254171f9507e\COMCTL32.dll
0x00007ff90f680000 - 0x00007ff90f71e000 	C:\WINDOWS\System32\msvcrt.dll
0x00007ff90e070000 - 0x00007ff90e10d000 	C:\WINDOWS\System32\msvcp_win.dll
0x00007ff90fc70000 - 0x00007ff90fca0000 	C:\WINDOWS\System32\IMM32.DLL
0x00007ff905270000 - 0x00007ff90527c000 	C:\Program Files\Android\Android Studio\jbr\bin\vcruntime140_1.dll
0x00007ff8cc200000 - 0x00007ff8cc28d000 	C:\Program Files\Android\Android Studio\jbr\bin\msvcp140.dll
0x00007ff8c2b90000 - 0x00007ff8c37fe000 	C:\Program Files\Android\Android Studio\jbr\bin\server\jvm.dll
0x00007ff90ec70000 - 0x00007ff90ed1e000 	C:\WINDOWS\System32\ADVAPI32.dll
0x00007ff90e8e0000 - 0x00007ff90e97c000 	C:\WINDOWS\System32\sechost.dll
0x00007ff90f4f0000 - 0x00007ff90f616000 	C:\WINDOWS\System32\RPCRT4.dll
0x00007ff8fb300000 - 0x00007ff8fb309000 	C:\WINDOWS\SYSTEM32\WSOCK32.dll
0x00007ff910260000 - 0x00007ff9102cb000 	C:\WINDOWS\System32\WS2_32.dll
0x00007ff8fdb00000 - 0x00007ff8fdb27000 	C:\WINDOWS\SYSTEM32\WINMM.dll
0x00007ff904d00000 - 0x00007ff904d0a000 	C:\WINDOWS\SYSTEM32\VERSION.dll
0x00007ff90c1d0000 - 0x00007ff90c1e2000 	C:\WINDOWS\SYSTEM32\kernel.appcore.dll
0x00007ff906aa0000 - 0x00007ff906aaa000 	C:\Program Files\Android\Android Studio\jbr\bin\jimage.dll
0x00007ff90bef0000 - 0x00007ff90c0d4000 	C:\WINDOWS\SYSTEM32\DBGHELP.DLL
0x00007ff8f77e0000 - 0x00007ff8f7814000 	C:\WINDOWS\SYSTEM32\dbgcore.DLL
0x00007ff90d9f0000 - 0x00007ff90da72000 	C:\WINDOWS\System32\bcryptPrimitives.dll
0x00007ff9051d0000 - 0x00007ff9051f5000 	C:\Program Files\Android\Android Studio\jbr\bin\java.dll
0x00007ff9051b0000 - 0x00007ff9051c8000 	C:\Program Files\Android\Android Studio\jbr\bin\zip.dll
0x00007ff90ed20000 - 0x00007ff90f465000 	C:\WINDOWS\System32\SHELL32.dll
0x00007ff90b680000 - 0x00007ff90be1b000 	C:\WINDOWS\SYSTEM32\windows.storage.dll
0x00007ff90f7e0000 - 0x00007ff90fb34000 	C:\WINDOWS\System32\combase.dll
0x00007ff90d280000 - 0x00007ff90d2ae000 	C:\WINDOWS\SYSTEM32\Wldp.dll
0x00007ff90e520000 - 0x00007ff90e5cd000 	C:\WINDOWS\System32\SHCORE.dll
0x00007ff90e7f0000 - 0x00007ff90e845000 	C:\WINDOWS\System32\shlwapi.dll
0x00007ff90d920000 - 0x00007ff90d945000 	C:\WINDOWS\SYSTEM32\profapi.dll
0x00007ff8ff2d0000 - 0x00007ff8ff2e9000 	C:\Program Files\Android\Android Studio\jbr\bin\net.dll
0x00007ff8ff520000 - 0x00007ff8ff62a000 	C:\WINDOWS\SYSTEM32\WINHTTP.dll
0x00007ff90d060000 - 0x00007ff90d0ca000 	C:\WINDOWS\system32\mswsock.dll
0x00007ff8e7700000 - 0x00007ff8e7716000 	C:\Program Files\Android\Android Studio\jbr\bin\nio.dll
0x00007ff906920000 - 0x00007ff906930000 	C:\Program Files\Android\Android Studio\jbr\bin\verify.dll
0x00007ff905280000 - 0x00007ff9052a7000 	C:\Users\User\.gradle\native\68d5fa5c4cc2d200863cafc0d521ce42e7d3e7ee720ec0a83991735586a16f82\windows-amd64\native-platform.dll
0x00007ff8caa90000 - 0x00007ff8cabd4000 	C:\Users\User\.gradle\native\e376f236ea51e6404a007f0833ffe2c6e607c4080706a723a18a27aeea778392\windows-amd64\native-platform-file-events.dll
0x00007ff905920000 - 0x00007ff905929000 	C:\Program Files\Android\Android Studio\jbr\bin\management.dll
0x00007ff905470000 - 0x00007ff90547b000 	C:\Program Files\Android\Android Studio\jbr\bin\management_ext.dll
0x00007ff9101a0000 - 0x00007ff9101a8000 	C:\WINDOWS\System32\PSAPI.DLL
0x00007ff90d2c0000 - 0x00007ff90d2d8000 	C:\WINDOWS\SYSTEM32\CRYPTSP.dll
0x00007ff90c990000 - 0x00007ff90c9c4000 	C:\WINDOWS\system32\rsaenh.dll
0x00007ff90db20000 - 0x00007ff90db47000 	C:\WINDOWS\System32\bcrypt.dll
0x00007ff90d8e0000 - 0x00007ff90d90e000 	C:\WINDOWS\SYSTEM32\USERENV.dll
0x00007ff90d1f0000 - 0x00007ff90d1fc000 	C:\WINDOWS\SYSTEM32\CRYPTBASE.dll
0x00007ff90cd70000 - 0x00007ff90cdab000 	C:\WINDOWS\SYSTEM32\IPHLPAPI.DLL
0x00007ff90fb40000 - 0x00007ff90fb48000 	C:\WINDOWS\System32\NSI.dll
0x00007ff8fed60000 - 0x00007ff8fed77000 	C:\WINDOWS\SYSTEM32\dhcpcsvc6.DLL
0x00007ff8fec50000 - 0x00007ff8fec6d000 	C:\WINDOWS\SYSTEM32\dhcpcsvc.DLL
0x00007ff90cdb0000 - 0x00007ff90ce7a000 	C:\WINDOWS\SYSTEM32\DNSAPI.dll
0x00007ff905300000 - 0x00007ff905307000 	C:\WINDOWS\system32\wshunix.dll

dbghelp: loaded successfully - version: 4.0.5 - missing functions: none
symbol engine: initialized successfully - sym options: 0x614 - pdb path: .;C:\Program Files\Android\Android Studio\jbr\bin;C:\WINDOWS\SYSTEM32;C:\WINDOWS\WinSxS\amd64_microsoft.windows.common-controls_6595b64144ccf1df_6.0.19041.1110_none_60b5254171f9507e;C:\Program Files\Android\Android Studio\jbr\bin\server;C:\Users\User\.gradle\native\68d5fa5c4cc2d200863cafc0d521ce42e7d3e7ee720ec0a83991735586a16f82\windows-amd64;C:\Users\User\.gradle\native\e376f236ea51e6404a007f0833ffe2c6e607c4080706a723a18a27aeea778392\windows-amd64

VM Arguments:
jvm_args: --add-opens=java.base/java.util=ALL-UNNAMED --add-opens=java.base/java.lang=ALL-UNNAMED --add-opens=java.base/java.lang.invoke=ALL-UNNAMED --add-opens=java.prefs/java.util.prefs=ALL-UNNAMED --add-opens=java.base/java.nio.charset=ALL-UNNAMED --add-opens=java.base/java.net=ALL-UNNAMED --add-opens=java.base/java.util.concurrent.atomic=ALL-UNNAMED -Xmx3G -Dfile.encoding=windows-1251 -Duser.country=RU -Duser.language=ru -Duser.variant 
java_command: org.gradle.launcher.daemon.bootstrap.GradleDaemon 8.0
java_class_path (initial): C:\Users\User\.gradle\wrapper\dists\gradle-8.0-bin\ca5e32bp14vu59qr306oxotwh\gradle-8.0\lib\gradle-launcher-8.0.jar
Launcher Type: SUN_STANDARD

[Global flags]
     intx CICompilerCount                          = 3                                         {product} {ergonomic}
     uint ConcGCThreads                            = 1                                         {product} {ergonomic}
     uint G1ConcRefinementThreads                  = 4                                         {product} {ergonomic}
   size_t G1HeapRegionSize                         = 2097152                                   {product} {ergonomic}
    uintx GCDrainStackTargetSize                   = 64                                        {product} {ergonomic}
   size_t InitialHeapSize                          = 132120576                                 {product} {ergonomic}
   size_t MarkStackSize                            = 4194304                                   {product} {ergonomic}
   size_t MaxHeapSize                              = 3221225472                                {product} {command line}
   size_t MaxNewSize                               = 1931476992                                {product} {ergonomic}
   size_t MinHeapDeltaBytes                        = 2097152                                   {product} {ergonomic}
   size_t MinHeapSize                              = 8388608                                   {product} {ergonomic}
    uintx NonNMethodCodeHeapSize                   = 5832780                                {pd product} {ergonomic}
    uintx NonProfiledCodeHeapSize                  = 122912730                              {pd product} {ergonomic}
    uintx ProfiledCodeHeapSize                     = 122912730                              {pd product} {ergonomic}
    uintx ReservedCodeCacheSize                    = 251658240                              {pd product} {ergonomic}
     bool SegmentedCodeCache                       = true                                      {product} {ergonomic}
   size_t SoftMaxHeapSize                          = 3221225472                             {manageable} {ergonomic}
     bool UseCompressedClassPointers               = true                           {product lp64_product} {ergonomic}
     bool UseCompressedOops                        = true                           {product lp64_product} {ergonomic}
     bool UseG1GC                                  = true                                      {product} {ergonomic}
     bool UseLargePagesIndividualAllocation        = false                                  {pd product} {ergonomic}

Logging:
Log output configuration:
 #0: stdout all=warning uptime,level,tags
 #1: stderr all=off uptime,level,tags

Environment Variables:
JAVA_HOME=C:\Users\User\.jdks\openjdk-20.0.2
PATH=C:\Program Files (x86)\Common Files\Intel\Shared Files\cpp\bin\Intel64;C:\Users\User\gcc\bin;C:\Users\User\gcc\libexec\gcc\x86_64-w64-mingw32\12.2.0;C:\Program Files (x86)\Common Files\Oracle\Java\javapath;C:\WINDOWS\system32;C:\WINDOWS;C:\WINDOWS\System32\Wbem;C:\WINDOWS\System32\WindowsPowerShell\v1.0\;C:\WINDOWS\System32\OpenSSH\;C:\Program Files\dotnet\;C:\Program Files (x86)\Rational\common;C:\Program Files (x86)\Microsoft SQL Server\150\Tools\Binn\;C:\Program Files\Microsoft SQL Server\150\Tools\Binn\;C:\Program Files (x86)\Microsoft SQL Server\150\DTS\Binn\;C:\Program Files\Microsoft SQL Server\150\DTS\Binn\;C:\Program Files\Microsoft SQL Server\Client SDK\ODBC\170\Tools\Binn\;C:\Program Files\Azure Data Studio\bin;C:\Program Files\Microsoft SQL Server\130\Tools\Binn\;D:\Git\cmd;C:\Program Files\nodejs\;C:\cygwin64\bin;C:\Users\User\maven\apache-maven-3.9.4\bin;C:\Users\User\.jdks\openjdk-20.0.2;C:\Users\User\AppData\Local\Programs\Python\Python310\;C:\Users\User\AppData\Local\Microsoft\WindowsApps;C:\Program Files\JetBrains\PyCharm Community Edition 2022.1\bin;;C:\Program Files\Azure Data Studio\bin;C:\Users\User\.dotnet\tools;E:\Microsoft VS Code\bin;C:\Users\User\AppData\Roaming\npm;C:\Program Files (x86)\Java\jre1.8.0_291\bin;
USERNAME=User
OS=Windows_NT
PROCESSOR_IDENTIFIER=Intel64 Family 6 Model 142 Stepping 12, GenuineIntel
TMP=C:\Users\User\AppData\Local\Temp
TEMP=C:\Users\User\AppData\Local\Temp


JNI global refs:
JNI global refs: 27, weak refs: 2

JNI global refs memory usage: 843, weak refs: 841


---------------  S Y S T E M  ---------------

OS:
 Windows 10 , 64 bit Build 19041 (10.0.19041.3393)
OS uptime: 13 days 14:18 hours
Hyper-V role detected

CPU: total 4 (initial active 4) (2 cores per cpu, 2 threads per core) family 6 model 142 stepping 12 microcode 0xd6, cx8, cmov, fxsr, ht, mmx, 3dnowpref, sse, sse2, sse3, ssse3, sse4.1, sse4.2, popcnt, lzcnt, tsc, tscinvbit, avx, avx2, aes, erms, clmul, bmi1, bmi2, adx, fma, vzeroupper, clflush, clflushopt, hv

Memory: 4k page, system-wide physical 8026M (553M free)
TotalPageFile size 14026M (AvailPageFile size 5M)
current process WorkingSet (physical memory assigned to process): 799M, peak: 799M
current process commit charge ("private bytes"): 1013M, peak: 1014M

vm_info: OpenJDK 64-Bit Server VM (17.0.6+0-b2043.56-10027231) for windows-amd64 JRE (17.0.6+0-b2043.56-10027231), built on Apr 28 2023 00:43:19 by "androidbuild" with MS VC++ 16.10 / 16.11 (VS2019)

END.
